# Logfile created on Thu Jan 20 16:13:12 +0530 2011 by logger.rb/22283
 Date ****** 2011-01-20 ********* Total No Of Buyer Profiles: 12
 Date ****** 2011-01-14 ********* Total No Of Buyer Profiles: 12
Mail Sent To Buyer Gaurav at Thu Jan 20 16:15:30 +0530 2011 from vkhandelwal@systematixtechnocrates.com
Mail Sent To Buyer Gaurav at Thu Jan 20 16:15:30 +0530 2011 from vkhandelwal@systematixtechnocrates.com
Mail Sent To Buyer Gaurav at Thu Jan 20 16:15:30 +0530 2011 from vkhandelwal@systematixtechnocrates.com
Mail Sent To Buyer sachin at Thu Jan 20 16:15:30 +0530 2011 from skrathore@systematixtechnocrates.com
Mail Sent To Buyer jayesh this is first name at Thu Jan 20 16:15:30 +0530 2011 from deasdf@adsf.com
Mail Sent To Buyer jayesh this is first name at Thu Jan 20 16:15:30 +0530 2011 from deasdf@adsf.com
Mail Sent To Buyer jayesh this is first name at Thu Jan 20 16:15:30 +0530 2011 from deasdf@adsf.com
Mail Sent To Buyer jayesh this is first name at Thu Jan 20 16:15:30 +0530 2011 from deasdf@adsf.com
Mail Sent To Buyer jayesh this is first name at Thu Jan 20 16:15:31 +0530 2011 from deasdf@adsf.com
Mail Sent To Buyer jayesh this is first name at Thu Jan 20 16:15:31 +0530 2011 from deasdf@adsf.com
Mail Sent To Buyer jayesh this is first name at Thu Jan 20 16:15:31 +0530 2011 from deasdf@adsf.com
Mail Sent To Buyer jayesh this is first name at Thu Jan 20 16:15:31 +0530 2011 from deasdf@adsf.com
 Date ****** 2011-01-14 ********* Total No Of Buyer Profiles: 12
Mail Sent To Buyer Gaurav at Thu Jan 20 16:16:19 +0530 2011 from vkhandelwal@systematixtechnocrates.com
Mail Sent To Buyer Gaurav at Thu Jan 20 16:16:19 +0530 2011 from vkhandelwal@systematixtechnocrates.com
Mail Sent To Buyer Gaurav at Thu Jan 20 16:16:19 +0530 2011 from vkhandelwal@systematixtechnocrates.com
Mail Sent To Buyer sachin at Thu Jan 20 16:16:19 +0530 2011 from skrathore@systematixtechnocrates.com
Mail Sent To Buyer jayesh this is first name at Thu Jan 20 16:16:19 +0530 2011 from deasdf@adsf.com
Mail Sent To Buyer jayesh this is first name at Thu Jan 20 16:16:20 +0530 2011 from deasdf@adsf.com
Mail Sent To Buyer jayesh this is first name at Thu Jan 20 16:16:20 +0530 2011 from deasdf@adsf.com
Mail Sent To Buyer jayesh this is first name at Thu Jan 20 16:16:20 +0530 2011 from deasdf@adsf.com
Mail Sent To Buyer jayesh this is first name at Thu Jan 20 16:16:20 +0530 2011 from deasdf@adsf.com
Mail Sent To Buyer jayesh this is first name at Thu Jan 20 16:16:20 +0530 2011 from deasdf@adsf.com
Mail Sent To Buyer jayesh this is first name at Thu Jan 20 16:16:20 +0530 2011 from deasdf@adsf.com
Mail Sent To Buyer jayesh this is first name at Thu Jan 20 16:16:20 +0530 2011 from deasdf@adsf.com
 Date ****** 2011-01-14 ********* Total No Of Buyer Profiles: 12
Mail Sent To Buyer Gaurav at Thu Jan 20 19:12:11 +0530 2011 from vkhandelwal@systematixtechnocrates.com
Mail Sent To Buyer Gaurav at Thu Jan 20 19:12:11 +0530 2011 from vkhandelwal@systematixtechnocrates.com
Mail Sent To Buyer Gaurav at Thu Jan 20 19:12:11 +0530 2011 from vkhandelwal@systematixtechnocrates.com
Mail Sent To Buyer sachin at Thu Jan 20 19:12:11 +0530 2011 from skrathore@systematixtechnocrates.com
Mail Sent To Buyer jayesh this is first name at Thu Jan 20 19:12:11 +0530 2011 from deasdf@adsf.com
Mail Sent To Buyer jayesh this is first name at Thu Jan 20 19:12:12 +0530 2011 from deasdf@adsf.com
Mail Sent To Buyer jayesh this is first name at Thu Jan 20 19:12:12 +0530 2011 from deasdf@adsf.com
Mail Sent To Buyer jayesh this is first name at Thu Jan 20 19:12:12 +0530 2011 from deasdf@adsf.com
Mail Sent To Buyer jayesh this is first name at Thu Jan 20 19:12:12 +0530 2011 from deasdf@adsf.com
Mail Sent To Buyer jayesh this is first name at Thu Jan 20 19:12:12 +0530 2011 from deasdf@adsf.com
Mail Sent To Buyer jayesh this is first name at Thu Jan 20 19:12:12 +0530 2011 from deasdf@adsf.com
Mail Sent To Buyer jayesh this is first name at Thu Jan 20 19:12:12 +0530 2011 from deasdf@adsf.com
 Date ****** 2011-01-20 ********* Total No Of Buyer Profiles: 12
 Date ****** 2011-01-20 ********* Total No Of Buyer Profiles: 12
 Date ****** 2011-01-20 ********* Total No Of Buyer Profiles: 12
 Date ****** 2011-01-20 ********* Total No Of Buyer Profiles: 12
 Date ****** 2011-01-20 ********* Total No Of Buyer Profiles: 12
