# Logfile created on Thu Jan 20 16:13:12 +0530 2011 by logger.rb/22283
Date ****** 2011-01-20 ********* Total No Of Buyer Profiles: 12
Date ****** 2011-01-14 ********* Total No Of Buyer Profiles: 12
Date ****** 2011-01-14 ********* Total No Of Buyer Profiles: 12
Date ****** 2011-01-14 ********* Total No Of Buyer Profiles: 12
Date ****** 2011-01-20 ********* Total No Of Buyer Profiles: 12
Date ****** 2011-01-20 ********* Total No Of Buyer Profiles: 12
Date ****** 2011-01-20 ********* Total No Of Buyer Profiles: 12
Date ****** 2011-01-20 ********* Total No Of Buyer Profiles: 12
Date ****** 2011-01-20 ********* Total No Of Buyer Profiles: 12
On 2011-09-06 Mail Sent To Buyer Rajiv on akataria@systematixtechnocrates.com  at Wed Sep 07 12:51:44 +0530 2011
On 2011-09-06 Mail Sent To Buyer Test on akataria@systematixtechnocrates.com  at Wed Sep 07 12:51:50 +0530 2011
On 2011-09-06 Mail Sent To Buyer rajiv on akataria@systematixtechnocrates.com  at Wed Sep 07 12:51:55 +0530 2011
On 2011-09-06 Mail Sent To Buyer rajiv on akataria@systematixtechnocrates.com  at Wed Sep 07 12:52:00 +0530 2011
On 2011-09-06 Mail Sent To Buyer Rajiv on akataria@systematixtechnocrates.com  at Wed Sep 07 12:52:05 +0530 2011
On 2011-09-06 Mail Sent To Buyer Rajiv on akataria@systematixtechnocrates.com  at Wed Sep 07 12:52:10 +0530 2011
On 2011-09-06 Mail Sent To Buyer Rajiv on akataria@systematixtechnocrates.com  at Wed Sep 07 12:52:14 +0530 2011
On 2011-09-06 Mail Sent To Buyer Rajiv on akataria@systematixtechnocrates.com  at Wed Sep 07 12:52:19 +0530 2011
On 2011-09-06 Mail Sent To Buyer Rajiv on akataria@systematixtechnocrates.com  at Wed Sep 07 12:52:25 +0530 2011
On 2011-09-06 Mail Sent To Buyer rajiv on akataria@systematixtechnocrates.com  at Wed Sep 07 12:52:30 +0530 2011
On 2011-09-06 Mail Sent To Buyer Test Rajiv 892 on akataria@systematixtechnocrates.com  at Wed Sep 07 12:52:35 +0530 2011
On 2011-09-20 Mail Sent To Buyer rajiv on akataria@systematixtechnocrates.com  at Tue Sep 20 18:22:44 +0530 2011
On 2011-09-20 Mail Sent To Buyer rajiv on akataria@systematixtechnocrates.com  at Tue Sep 20 18:25:39 +0530 2011
On 2011-09-20 Mail Sent To Buyer rajiv on akataria@systematixtechnocrates.com  at Tue Sep 20 18:25:52 +0530 2011
On 2011-09-20 Mail Sent To Buyer rajiv on kpatidar@systematixtechnocrates.com  at Tue Sep 20 18:44:48 +0530 2011
On 2011-09-20 Mail Sent To Buyer rajiv on akataria@systematixtechnocrates.com  at Tue Sep 20 18:44:54 +0530 2011
On 2011-09-20 Mail Sent To Buyer rajiv on akataria@systematixtechnocrates.com  at Tue Sep 20 18:45:03 +0530 2011
On 2011-09-20 Mail Sent To Buyer rajiv on kpatidar@systematixtechnocrates.com  at Tue Sep 20 18:47:08 +0530 2011
On 2011-09-20 Mail Sent To Buyer rajiv on akataria@systematixtechnocrates.com  at Tue Sep 20 18:47:16 +0530 2011
On 2011-09-20 Mail Sent To Buyer rajiv on akataria@systematixtechnocrates.com  at Tue Sep 20 18:47:24 +0530 2011
On 2011-09-20 Mail Sent To Buyer rajiv on kpatidar@systematixtechnocrates.com  at Tue Sep 20 19:20:42 +0530 2011
On 2011-09-20 Mail Sent To Buyer rajiv on akataria@systematixtechnocrates.com  at Tue Sep 20 19:20:49 +0530 2011
On 2011-09-20 Mail Sent To Buyer rajiv on akataria@systematixtechnocrates.com  at Tue Sep 20 19:20:56 +0530 2011
On 2011-09-20 Mail Sent To Buyer rajiv on kpatidar@systematixtechnocrates.com  at Tue Sep 20 19:24:43 +0530 2011
On 2011-09-20 Mail Sent To Buyer rajiv on akataria@systematixtechnocrates.com  at Tue Sep 20 19:24:50 +0530 2011
On 2011-09-20 Mail Sent To Buyer rajiv on akataria@systematixtechnocrates.com  at Tue Sep 20 19:24:57 +0530 2011
On 2011-10-19 Daily Mail Sent To Owner Finance Buyer rajiv on akataria@systematixtechnocrates.com  at Wed Oct 19 15:59:32 +0530 2011
On 2011-10-19 Daily Mail Sent To Owner Finance Buyer rajiv on akataria@systematixtechnocrates.com  at Wed Oct 19 16:06:33 +0530 2011
On 2011-10-19 Daily Mail Sent To Owner Finance Buyer rajiv on akataria@systematixtechnocrates.com  at Wed Oct 19 16:06:42 +0530 2011
On 2011-10-19 Daily Mail Sent To Owner Finance Buyer rajiv on akataria@systematixtechnocrates.com  at Wed Oct 19 16:09:49 +0530 2011
On 2011-10-19 Daily Mail Sent To Owner Finance Buyer rajiv on akataria@systematixtechnocrates.com  at Wed Oct 19 16:09:57 +0530 2011
On 2011-10-19 Daily Mail Sent To Owner Finance Buyer rajiv on akataria@systematixtechnocrates.com  at Wed Oct 19 16:10:49 +0530 2011
On 2011-10-19 Daily Mail Sent To Owner Finance Buyer rajiv on akataria@systematixtechnocrates.com  at Wed Oct 19 16:10:57 +0530 2011
Daily Notification Email could not be sent to  this Owner Finance  rajiv testtesttest on date 2011/10/19 exp can't convert nil into String
Daily Notification Email could not be sent to  this Owner Finance  Rajiv New Test on date 2011/10/19 exp can't convert nil into String
Daily Notification Email could not be sent to  this Owner Finance  rajiv testtesttest on date 2011/10/19 exp can't convert nil into String
Daily Notification Email could not be sent to  this Owner Finance  rajiv testtesttest on date 2011/10/19 exp can't convert nil into String
Daily Notification Email could not be sent to  this Owner Finance  rajiv testtesttest on date 2011/10/19 exp can't convert nil into String
Daily Notification Email could not be sent to  this Owner Finance  rajiv testtesttest on date 2011/10/19 exp can't convert nil into String
Daily Notification Email could not be sent to  this Owner Finance  rajiv testtesttest on date 2011/10/19 exp can't convert nil into String
Daily Notification Email could not be sent to  this Owner Finance  Rajiv Test on date 2011/10/19 exp can't convert nil into String
Daily Notification Email could not be sent to  this Owner Finance  rajiv testtesttest on date 2011/10/19 exp can't convert nil into String
Daily Notification Email could not be sent to  this Owner Finance  rajiv testtesttest on date 2011/10/19 exp can't convert nil into String
Daily Notification Email could not be sent to  this Owner Finance  rajiv testtesttest on date 2011/10/19 exp can't convert nil into String
Daily Notification Email could not be sent to  this Owner Finance  rajiv testtesttest on date 2011/10/19 exp can't convert nil into String
Daily Notification Email could not be sent to  this Owner Finance  rajiv testtesttest on date 2011/10/19 exp can't convert nil into String
Daily Notification Email could not be sent to  this Owner Finance  Rajiv Test on date 2011/10/19 exp can't convert nil into String
Daily Notification Email could not be sent to  this Owner Finance  Test Buyer on date 2011/10/19 exp can't convert nil into String
Daily Notification Email could not be sent to  this Owner Finance  rajiv testtesttest on date 2011/10/19 exp can't convert nil into String
Daily Notification Email could not be sent to  this Owner Finance  rajiv testtesttest on date 2011/10/19 exp can't convert nil into String
Daily Notification Email could not be sent to  this Owner Finance  Rajiv Test on date 2011/10/19 exp can't convert nil into String
Daily Notification Email could not be sent to  this Owner Finance  Rajiv Test on date 2011/10/19 exp can't convert nil into String
Daily Notification Email could not be sent to  this Owner Finance  Rajiv Test on date 2011/10/19 exp can't convert nil into String
Daily Notification Email could not be sent to  this Owner Finance  Rajiv Test on date 2011/10/19 exp can't convert nil into String
Daily Notification Email could not be sent to  this Owner Finance  Rajiv Test on date 2011/10/19 exp can't convert nil into String
Daily Notification Email could not be sent to  this Owner Finance  rajiv testtesttest on date 2011/10/19 exp can't convert nil into String
Daily Notification Email could not be sent to  this Owner Finance  Rajiv TEst aaaaaa on date 2011/10/19 exp can't convert nil into String
Daily Notification Email could not be sent to  this Owner Finance  Rajiv TEst aaaaaa on date 2011/10/19 exp can't convert nil into String
Daily Notification Email could not be sent to  this Owner Finance  Test Rajiv 892 test on date 2011/10/19 exp can't convert nil into String
Daily Notification Email could not be sent to  this Owner Finance  Test Rajiv 892 test on date 2011/10/19 exp can't convert nil into String
Daily Notification Email could not be sent to  this Owner Finance  rajiv123456 123hgff on date 2011/10/19 exp can't convert nil into String
Daily Notification Email could not be sent to  this Owner Finance  rajiv tst on date 2011/10/19 exp can't convert nil into String
Daily Notification Email could not be sent to  this Owner Finance  jayesheeeee sharma on date 2011/10/19 exp can't convert nil into String
Daily Notification Email could not be sent to  this Owner Finance  jayesheeeee sharma on date 2011/10/19 exp can't convert nil into String
Daily Notification Email could not be sent to  this Owner Finance  jayesheeeee sharma on date 2011/10/19 exp can't convert nil into String
Daily Notification Email could not be sent to  this Owner Finance  jayesheeeee sharma on date 2011/10/19 exp can't convert nil into String
Daily Notification Email could not be sent to  this Owner Finance  jayesheeeee sharma on date 2011/10/19 exp can't convert nil into String
Daily Notification Email could not be sent to  this Owner Finance  jayesheeeee sharma on date 2011/10/19 exp can't convert nil into String
Daily Notification Email could not be sent to  this Owner Finance  jayesheeeee sharma on date 2011/10/19 exp can't convert nil into String
Daily Notification Email could not be sent to  this Owner Finance  jayesheeeee sharma on date 2011/10/19 exp can't convert nil into String
Daily Notification Email could not be sent to  this Owner Finance  jayesheeeee sharma on date 2011/10/19 exp can't convert nil into String
Daily Notification Email could not be sent to  this Owner Finance  jayesheeeee sharma on date 2011/10/19 exp can't convert nil into String
Daily Notification Email could not be sent to  this Owner Finance  jayesheeeee sharma on date 2011/10/19 exp can't convert nil into String
Daily Notification Email could not be sent to  this Owner Finance  jayesheeeee sharma on date 2011/10/19 exp can't convert nil into String
Daily Notification Email could not be sent to  this Owner Finance  jayesheeeee sharma on date 2011/10/19 exp can't convert nil into String
Daily Notification Email could not be sent to  this Owner Finance  jayesheeeee sharma on date 2011/10/19 exp can't convert nil into String
Daily Notification Email could not be sent to  this Owner Finance  rajiv tst on date 2011/10/19 exp can't convert nil into String
Daily Notification Email could not be sent to  this Owner Finance  jayesheeeee sharma on date 2011/10/19 exp can't convert nil into String
Daily Notification Email could not be sent to  this Owner Finance  rajiv kapil123 on date 2011/10/19 exp can't convert nil into String
Daily Notification Email could not be sent to  this Owner Finance  rajiv kapil on date 2011/10/19 exp can't convert nil into String
Daily Notification Email could not be sent to  this Owner Finance  rajiv_test kapil_test on date 2011/10/19 exp can't convert nil into String
On 2011-10-19 Daily Mail Sent To Owner Finance Buyer rajiv on akataria@systematixtechnocrates.com  at Wed Oct 19 16:41:25 +0530 2011
On 2011-10-19 Daily Mail Sent To Owner Finance Buyer rajiv on akataria@systematixtechnocrates.com  at Wed Oct 19 16:41:34 +0530 2011
On 2011-10-19 Daily Mail Sent To Owner Finance Buyer rajiv on akataria@systematixtechnocrates.com  at Wed Oct 19 16:43:26 +0530 2011
On 2011-10-19 Daily Mail Sent To Owner Finance Buyer rajiv on akataria@systematixtechnocrates.com  at Wed Oct 19 16:43:33 +0530 2011
On 2011-10-19 Daily Mail Sent To Owner Finance Buyer rajiv on akataria@systematixtechnocrates.com  at Wed Oct 19 16:44:30 +0530 2011
On 2011-10-19 Daily Mail Sent To Owner Finance Buyer rajiv on akataria@systematixtechnocrates.com  at Wed Oct 19 16:44:38 +0530 2011
Daily Notification Email could not be sent to  this Owner Finance  rajiv testtesttest on date 2011/10/19 exp 
ActionView::TemplateError (compile error
/home/rajiv_work/reim-redux/webapp/app/views/user_notifier/send_buyer_daily_notification.rhtml:183: syntax error, unexpected ')', expecting kTHEN or ':' or '\n' or ';'
...ch("{Buyer criteria}").blank?).to_s); @output_buffer.concat ...
                              ^
/home/rajiv_work/reim-redux/webapp/app/views/user_notifier/send_buyer_daily_notification.rhtml:216: syntax error, unexpected kENSURE, expecting $end) on line #183 of app/views/user_notifier/send_buyer_daily_notification.rhtml:
180:   <%= @email_closing.gsub("{Buyer criteria}", "<b>Zip Code:</b>  &nbsp; #{profile_field_values(@profile_fields, "zip_code")}<br /><b># Beds:</b> &nbsp; #{profile_field_values(@profile_fields, "beds")}<br /><b># Baths:</b>  &nbsp; #{profile_field_values(@profile_fields, "baths")}<br /><b>Sqft Range:</b>  &nbsp; #{profile_field_values(@profile_fields, "square_feet_min")} &nbsp; - &nbsp; #{profile_field_values(@profile_fields, "square_feet_max")}<br /><b>Max Monthly Payment:</b>  &nbsp; $#{profile_field_values(@profile_fields, "max_mon_pay")}<br /><b>Max Down Payment:</b>  &nbsp; $#{profile_field_values(@profile_fields, "max_dow_pay")}<br />") %>
181: </div>
182: <p>P.S. Below is what you told us you were looking for in a home.. if any of your buying criteria has changed, please reply to this email and let us know.. Thanks! </p>
183: <%= if @email_closing.match("{Buyer criteria}").blank? and @email_intro.match("{Buyer criteria}").blank?%>
184: <b>Zip Code:</b>  &nbsp; <%= profile_field_values(@profile_fields, "zip_code") %><br />
185: <b># Beds:</b> &nbsp; <%= profile_field_values(@profile_fields, "beds") %><br />
186: <b># Baths:</b>  &nbsp; <%= profile_field_values(@profile_fields, "baths") %><br />

    app/views/user_notifier/send_buyer_daily_notification.rhtml:216:in `compile!'
    lib/buyer_profile_notification.rb:78:in `send_daily'
    lib/buyer_profile_notification.rb:41:in `each'
    lib/buyer_profile_notification.rb:41:in `send_daily'
    lib/buyer_profile_notification.rb:31:in `process_buyer_notification_batch'
    app/workers/process_buyer_profile_notification_worker.rb:4:in `perform'
    resque (1.10.0) lib/resque/job.rb:133:in `perform'
    resque (1.10.0) lib/resque/worker.rb:157:in `perform'
    resque (1.10.0) lib/resque/worker.rb:124:in `work'
    resque (1.10.0) lib/resque/worker.rb:110:in `loop'
    resque (1.10.0) lib/resque/worker.rb:110:in `work'
    resque (1.10.0) lib/resque/tasks.rb:24
    rake (0.8.7) lib/rake.rb:636:in `call'
    rake (0.8.7) lib/rake.rb:636:in `execute'
    rake (0.8.7) lib/rake.rb:631:in `each'
    rake (0.8.7) lib/rake.rb:631:in `execute'
    rake (0.8.7) lib/rake.rb:597:in `invoke_with_call_chain'
    /usr/lib/ruby/1.8/monitor.rb:242:in `synchronize'
    rake (0.8.7) lib/rake.rb:590:in `invoke_with_call_chain'
    rake (0.8.7) lib/rake.rb:583:in `invoke'
    rake (0.8.7) lib/rake.rb:2051:in `invoke_task'
    rake (0.8.7) lib/rake.rb:2029:in `top_level'
    rake (0.8.7) lib/rake.rb:2029:in `each'
    rake (0.8.7) lib/rake.rb:2029:in `top_level'
    rake (0.8.7) lib/rake.rb:2068:in `standard_exception_handling'
    rake (0.8.7) lib/rake.rb:2023:in `top_level'
    rake (0.8.7) lib/rake.rb:2001:in `run'
    rake (0.8.7) lib/rake.rb:2068:in `standard_exception_handling'
    rake (0.8.7) lib/rake.rb:1998:in `run'
    rake (0.8.7) bin/rake:31
    /usr/bin/rake:19:in `load'
    /usr/bin/rake:19


Daily Notification Email could not be sent to  this Owner Finance  rajiv testtesttest on date 2011/10/19 exp 
ActionView::TemplateError (compile error
/home/rajiv_work/reim-redux/webapp/app/views/user_notifier/send_buyer_daily_notification.rhtml:183: syntax error, unexpected ')', expecting kTHEN or ':' or '\n' or ';'
...ch("{Buyer criteria}").blank?).to_s); @output_buffer.concat ...
                              ^
/home/rajiv_work/reim-redux/webapp/app/views/user_notifier/send_buyer_daily_notification.rhtml:216: syntax error, unexpected kENSURE, expecting $end) on line #183 of app/views/user_notifier/send_buyer_daily_notification.rhtml:
180:   <%= @email_closing.gsub("{Buyer criteria}", "<b>Zip Code:</b>  &nbsp; #{profile_field_values(@profile_fields, "zip_code")}<br /><b># Beds:</b> &nbsp; #{profile_field_values(@profile_fields, "beds")}<br /><b># Baths:</b>  &nbsp; #{profile_field_values(@profile_fields, "baths")}<br /><b>Sqft Range:</b>  &nbsp; #{profile_field_values(@profile_fields, "square_feet_min")} &nbsp; - &nbsp; #{profile_field_values(@profile_fields, "square_feet_max")}<br /><b>Max Monthly Payment:</b>  &nbsp; $#{profile_field_values(@profile_fields, "max_mon_pay")}<br /><b>Max Down Payment:</b>  &nbsp; $#{profile_field_values(@profile_fields, "max_dow_pay")}<br />") %>
181: </div>
182: <p>P.S. Below is what you told us you were looking for in a home.. if any of your buying criteria has changed, please reply to this email and let us know.. Thanks! </p>
183: <%= if @email_closing.match("{Buyer criteria}").blank? and @email_intro.match("{Buyer criteria}").blank?%>
184: <b>Zip Code:</b>  &nbsp; <%= profile_field_values(@profile_fields, "zip_code") %><br />
185: <b># Beds:</b> &nbsp; <%= profile_field_values(@profile_fields, "beds") %><br />
186: <b># Baths:</b>  &nbsp; <%= profile_field_values(@profile_fields, "baths") %><br />

    app/views/user_notifier/send_buyer_daily_notification.rhtml:216:in `compile!'
    lib/buyer_profile_notification.rb:78:in `send_daily'
    lib/buyer_profile_notification.rb:41:in `each'
    lib/buyer_profile_notification.rb:41:in `send_daily'
    lib/buyer_profile_notification.rb:31:in `process_buyer_notification_batch'
    app/workers/process_buyer_profile_notification_worker.rb:4:in `perform'
    resque (1.10.0) lib/resque/job.rb:133:in `perform'
    resque (1.10.0) lib/resque/worker.rb:157:in `perform'
    resque (1.10.0) lib/resque/worker.rb:124:in `work'
    resque (1.10.0) lib/resque/worker.rb:110:in `loop'
    resque (1.10.0) lib/resque/worker.rb:110:in `work'
    resque (1.10.0) lib/resque/tasks.rb:24
    rake (0.8.7) lib/rake.rb:636:in `call'
    rake (0.8.7) lib/rake.rb:636:in `execute'
    rake (0.8.7) lib/rake.rb:631:in `each'
    rake (0.8.7) lib/rake.rb:631:in `execute'
    rake (0.8.7) lib/rake.rb:597:in `invoke_with_call_chain'
    /usr/lib/ruby/1.8/monitor.rb:242:in `synchronize'
    rake (0.8.7) lib/rake.rb:590:in `invoke_with_call_chain'
    rake (0.8.7) lib/rake.rb:583:in `invoke'
    rake (0.8.7) lib/rake.rb:2051:in `invoke_task'
    rake (0.8.7) lib/rake.rb:2029:in `top_level'
    rake (0.8.7) lib/rake.rb:2029:in `each'
    rake (0.8.7) lib/rake.rb:2029:in `top_level'
    rake (0.8.7) lib/rake.rb:2068:in `standard_exception_handling'
    rake (0.8.7) lib/rake.rb:2023:in `top_level'
    rake (0.8.7) lib/rake.rb:2001:in `run'
    rake (0.8.7) lib/rake.rb:2068:in `standard_exception_handling'
    rake (0.8.7) lib/rake.rb:1998:in `run'
    rake (0.8.7) bin/rake:31
    /usr/bin/rake:19:in `load'
    /usr/bin/rake:19


Daily Notification Email could not be sent to  this Owner Finance  rajiv testtesttest on date 2011/10/19 exp 
ActionView::TemplateError (compile error
/home/rajiv_work/reim-redux/webapp/app/views/user_notifier/send_buyer_daily_notification.rhtml:183: syntax error, unexpected ')', expecting kTHEN or ':' or '\n' or ';'
...("\{Buyer criteria\}").blank?).to_s); @output_buffer.concat ...
                              ^
/home/rajiv_work/reim-redux/webapp/app/views/user_notifier/send_buyer_daily_notification.rhtml:216: syntax error, unexpected kENSURE, expecting $end) on line #183 of app/views/user_notifier/send_buyer_daily_notification.rhtml:
180:   <%= @email_closing.gsub("{Buyer criteria}", "<b>Zip Code:</b>  &nbsp; #{profile_field_values(@profile_fields, "zip_code")}<br /><b># Beds:</b> &nbsp; #{profile_field_values(@profile_fields, "beds")}<br /><b># Baths:</b>  &nbsp; #{profile_field_values(@profile_fields, "baths")}<br /><b>Sqft Range:</b>  &nbsp; #{profile_field_values(@profile_fields, "square_feet_min")} &nbsp; - &nbsp; #{profile_field_values(@profile_fields, "square_feet_max")}<br /><b>Max Monthly Payment:</b>  &nbsp; $#{profile_field_values(@profile_fields, "max_mon_pay")}<br /><b>Max Down Payment:</b>  &nbsp; $#{profile_field_values(@profile_fields, "max_dow_pay")}<br />") %>
181: </div>
182: <p>P.S. Below is what you told us you were looking for in a home.. if any of your buying criteria has changed, please reply to this email and let us know.. Thanks! </p>
183: <%= if @email_closing.match("\{Buyer criteria\}").blank? and @email_intro.match("\{Buyer criteria\}").blank?%>
184: <b>Zip Code:</b>  &nbsp; <%= profile_field_values(@profile_fields, "zip_code") %><br />
185: <b># Beds:</b> &nbsp; <%= profile_field_values(@profile_fields, "beds") %><br />
186: <b># Baths:</b>  &nbsp; <%= profile_field_values(@profile_fields, "baths") %><br />

    app/views/user_notifier/send_buyer_daily_notification.rhtml:216:in `compile!'
    lib/buyer_profile_notification.rb:78:in `send_daily'
    lib/buyer_profile_notification.rb:41:in `each'
    lib/buyer_profile_notification.rb:41:in `send_daily'
    lib/buyer_profile_notification.rb:31:in `process_buyer_notification_batch'
    app/workers/process_buyer_profile_notification_worker.rb:4:in `perform'
    resque (1.10.0) lib/resque/job.rb:133:in `perform'
    resque (1.10.0) lib/resque/worker.rb:157:in `perform'
    resque (1.10.0) lib/resque/worker.rb:124:in `work'
    resque (1.10.0) lib/resque/worker.rb:110:in `loop'
    resque (1.10.0) lib/resque/worker.rb:110:in `work'
    resque (1.10.0) lib/resque/tasks.rb:24
    rake (0.8.7) lib/rake.rb:636:in `call'
    rake (0.8.7) lib/rake.rb:636:in `execute'
    rake (0.8.7) lib/rake.rb:631:in `each'
    rake (0.8.7) lib/rake.rb:631:in `execute'
    rake (0.8.7) lib/rake.rb:597:in `invoke_with_call_chain'
    /usr/lib/ruby/1.8/monitor.rb:242:in `synchronize'
    rake (0.8.7) lib/rake.rb:590:in `invoke_with_call_chain'
    rake (0.8.7) lib/rake.rb:583:in `invoke'
    rake (0.8.7) lib/rake.rb:2051:in `invoke_task'
    rake (0.8.7) lib/rake.rb:2029:in `top_level'
    rake (0.8.7) lib/rake.rb:2029:in `each'
    rake (0.8.7) lib/rake.rb:2029:in `top_level'
    rake (0.8.7) lib/rake.rb:2068:in `standard_exception_handling'
    rake (0.8.7) lib/rake.rb:2023:in `top_level'
    rake (0.8.7) lib/rake.rb:2001:in `run'
    rake (0.8.7) lib/rake.rb:2068:in `standard_exception_handling'
    rake (0.8.7) lib/rake.rb:1998:in `run'
    rake (0.8.7) bin/rake:31
    /usr/bin/rake:19:in `load'
    /usr/bin/rake:19


Daily Notification Email could not be sent to  this Owner Finance  rajiv testtesttest on date 2011/10/19 exp 
ActionView::TemplateError (compile error
/home/rajiv_work/reim-redux/webapp/app/views/user_notifier/send_buyer_daily_notification.rhtml:183: syntax error, unexpected ')', expecting kTHEN or ':' or '\n' or ';'
...("\{Buyer criteria\}").blank?).to_s); @output_buffer.concat ...
                              ^
/home/rajiv_work/reim-redux/webapp/app/views/user_notifier/send_buyer_daily_notification.rhtml:216: syntax error, unexpected kENSURE, expecting $end) on line #183 of app/views/user_notifier/send_buyer_daily_notification.rhtml:
180:   <%= @email_closing.gsub("{Buyer criteria}", "<b>Zip Code:</b>  &nbsp; #{profile_field_values(@profile_fields, "zip_code")}<br /><b># Beds:</b> &nbsp; #{profile_field_values(@profile_fields, "beds")}<br /><b># Baths:</b>  &nbsp; #{profile_field_values(@profile_fields, "baths")}<br /><b>Sqft Range:</b>  &nbsp; #{profile_field_values(@profile_fields, "square_feet_min")} &nbsp; - &nbsp; #{profile_field_values(@profile_fields, "square_feet_max")}<br /><b>Max Monthly Payment:</b>  &nbsp; $#{profile_field_values(@profile_fields, "max_mon_pay")}<br /><b>Max Down Payment:</b>  &nbsp; $#{profile_field_values(@profile_fields, "max_dow_pay")}<br />") %>
181: </div>
182: <p>P.S. Below is what you told us you were looking for in a home.. if any of your buying criteria has changed, please reply to this email and let us know.. Thanks! </p>
183: <%= if @email_closing.match("\{Buyer criteria\}").blank? and @email_intro.match("\{Buyer criteria\}").blank?%>
184: <b>Zip Code:</b>  &nbsp; <%= profile_field_values(@profile_fields, "zip_code") %><br />
185: <b># Beds:</b> &nbsp; <%= profile_field_values(@profile_fields, "beds") %><br />
186: <b># Baths:</b>  &nbsp; <%= profile_field_values(@profile_fields, "baths") %><br />

    app/views/user_notifier/send_buyer_daily_notification.rhtml:216:in `compile!'
    lib/buyer_profile_notification.rb:78:in `send_daily'
    lib/buyer_profile_notification.rb:41:in `each'
    lib/buyer_profile_notification.rb:41:in `send_daily'
    lib/buyer_profile_notification.rb:31:in `process_buyer_notification_batch'
    app/workers/process_buyer_profile_notification_worker.rb:4:in `perform'
    resque (1.10.0) lib/resque/job.rb:133:in `perform'
    resque (1.10.0) lib/resque/worker.rb:157:in `perform'
    resque (1.10.0) lib/resque/worker.rb:124:in `work'
    resque (1.10.0) lib/resque/worker.rb:110:in `loop'
    resque (1.10.0) lib/resque/worker.rb:110:in `work'
    resque (1.10.0) lib/resque/tasks.rb:24
    rake (0.8.7) lib/rake.rb:636:in `call'
    rake (0.8.7) lib/rake.rb:636:in `execute'
    rake (0.8.7) lib/rake.rb:631:in `each'
    rake (0.8.7) lib/rake.rb:631:in `execute'
    rake (0.8.7) lib/rake.rb:597:in `invoke_with_call_chain'
    /usr/lib/ruby/1.8/monitor.rb:242:in `synchronize'
    rake (0.8.7) lib/rake.rb:590:in `invoke_with_call_chain'
    rake (0.8.7) lib/rake.rb:583:in `invoke'
    rake (0.8.7) lib/rake.rb:2051:in `invoke_task'
    rake (0.8.7) lib/rake.rb:2029:in `top_level'
    rake (0.8.7) lib/rake.rb:2029:in `each'
    rake (0.8.7) lib/rake.rb:2029:in `top_level'
    rake (0.8.7) lib/rake.rb:2068:in `standard_exception_handling'
    rake (0.8.7) lib/rake.rb:2023:in `top_level'
    rake (0.8.7) lib/rake.rb:2001:in `run'
    rake (0.8.7) lib/rake.rb:2068:in `standard_exception_handling'
    rake (0.8.7) lib/rake.rb:1998:in `run'
    rake (0.8.7) bin/rake:31
    /usr/bin/rake:19:in `load'
    /usr/bin/rake:19


Daily Notification Email could not be sent to  this Owner Finance  rajiv testtesttest on date 2011/10/19 exp 
ActionView::TemplateError (compile error
/home/rajiv_work/reim-redux/webapp/app/views/user_notifier/send_buyer_daily_notification.rhtml:183: syntax error, unexpected ')', expecting kTHEN or ':' or '\n' or ';'
...('\{Buyer criteria\}').blank?).to_s); @output_buffer.concat ...
                              ^
/home/rajiv_work/reim-redux/webapp/app/views/user_notifier/send_buyer_daily_notification.rhtml:216: syntax error, unexpected kENSURE, expecting $end) on line #183 of app/views/user_notifier/send_buyer_daily_notification.rhtml:
180:   <%= @email_closing.gsub("{Buyer criteria}", "<b>Zip Code:</b>  &nbsp; #{profile_field_values(@profile_fields, "zip_code")}<br /><b># Beds:</b> &nbsp; #{profile_field_values(@profile_fields, "beds")}<br /><b># Baths:</b>  &nbsp; #{profile_field_values(@profile_fields, "baths")}<br /><b>Sqft Range:</b>  &nbsp; #{profile_field_values(@profile_fields, "square_feet_min")} &nbsp; - &nbsp; #{profile_field_values(@profile_fields, "square_feet_max")}<br /><b>Max Monthly Payment:</b>  &nbsp; $#{profile_field_values(@profile_fields, "max_mon_pay")}<br /><b>Max Down Payment:</b>  &nbsp; $#{profile_field_values(@profile_fields, "max_dow_pay")}<br />") %>
181: </div>
182: <p>P.S. Below is what you told us you were looking for in a home.. if any of your buying criteria has changed, please reply to this email and let us know.. Thanks! </p>
183: <%= if @email_closing.match('\{Buyer criteria\}').blank? and @email_intro.match('\{Buyer criteria\}').blank?%>
184: <b>Zip Code:</b>  &nbsp; <%= profile_field_values(@profile_fields, "zip_code") %><br />
185: <b># Beds:</b> &nbsp; <%= profile_field_values(@profile_fields, "beds") %><br />
186: <b># Baths:</b>  &nbsp; <%= profile_field_values(@profile_fields, "baths") %><br />

    app/views/user_notifier/send_buyer_daily_notification.rhtml:216:in `compile!'
    lib/buyer_profile_notification.rb:78:in `send_daily'
    lib/buyer_profile_notification.rb:41:in `each'
    lib/buyer_profile_notification.rb:41:in `send_daily'
    lib/buyer_profile_notification.rb:31:in `process_buyer_notification_batch'
    app/workers/process_buyer_profile_notification_worker.rb:4:in `perform'
    resque (1.10.0) lib/resque/job.rb:133:in `perform'
    resque (1.10.0) lib/resque/worker.rb:157:in `perform'
    resque (1.10.0) lib/resque/worker.rb:124:in `work'
    resque (1.10.0) lib/resque/worker.rb:110:in `loop'
    resque (1.10.0) lib/resque/worker.rb:110:in `work'
    resque (1.10.0) lib/resque/tasks.rb:24
    rake (0.8.7) lib/rake.rb:636:in `call'
    rake (0.8.7) lib/rake.rb:636:in `execute'
    rake (0.8.7) lib/rake.rb:631:in `each'
    rake (0.8.7) lib/rake.rb:631:in `execute'
    rake (0.8.7) lib/rake.rb:597:in `invoke_with_call_chain'
    /usr/lib/ruby/1.8/monitor.rb:242:in `synchronize'
    rake (0.8.7) lib/rake.rb:590:in `invoke_with_call_chain'
    rake (0.8.7) lib/rake.rb:583:in `invoke'
    rake (0.8.7) lib/rake.rb:2051:in `invoke_task'
    rake (0.8.7) lib/rake.rb:2029:in `top_level'
    rake (0.8.7) lib/rake.rb:2029:in `each'
    rake (0.8.7) lib/rake.rb:2029:in `top_level'
    rake (0.8.7) lib/rake.rb:2068:in `standard_exception_handling'
    rake (0.8.7) lib/rake.rb:2023:in `top_level'
    rake (0.8.7) lib/rake.rb:2001:in `run'
    rake (0.8.7) lib/rake.rb:2068:in `standard_exception_handling'
    rake (0.8.7) lib/rake.rb:1998:in `run'
    rake (0.8.7) bin/rake:31
    /usr/bin/rake:19:in `load'
    /usr/bin/rake:19


Daily Notification Email could not be sent to  this Owner Finance  rajiv testtesttest on date 2011/10/19 exp 
ActionView::TemplateError (compile error
/home/rajiv_work/reim-redux/webapp/app/views/user_notifier/send_buyer_daily_notification.rhtml:183: syntax error, unexpected ')', expecting kTHEN or ':' or '\n' or ';'
...('\{Buyer criteria\}').blank?).to_s); @output_buffer.concat ...
                              ^
/home/rajiv_work/reim-redux/webapp/app/views/user_notifier/send_buyer_daily_notification.rhtml:216: syntax error, unexpected kENSURE, expecting $end) on line #183 of app/views/user_notifier/send_buyer_daily_notification.rhtml:
180:   <%= @email_closing.gsub("{Buyer criteria}", "<b>Zip Code:</b>  &nbsp; #{profile_field_values(@profile_fields, "zip_code")}<br /><b># Beds:</b> &nbsp; #{profile_field_values(@profile_fields, "beds")}<br /><b># Baths:</b>  &nbsp; #{profile_field_values(@profile_fields, "baths")}<br /><b>Sqft Range:</b>  &nbsp; #{profile_field_values(@profile_fields, "square_feet_min")} &nbsp; - &nbsp; #{profile_field_values(@profile_fields, "square_feet_max")}<br /><b>Max Monthly Payment:</b>  &nbsp; $#{profile_field_values(@profile_fields, "max_mon_pay")}<br /><b>Max Down Payment:</b>  &nbsp; $#{profile_field_values(@profile_fields, "max_dow_pay")}<br />") %>
181: </div>
182: <p>P.S. Below is what you told us you were looking for in a home.. if any of your buying criteria has changed, please reply to this email and let us know.. Thanks! </p>
183: <%= if @email_closing.match('\{Buyer criteria\}').blank? and @email_intro.match('\{Buyer criteria\}').blank?%>
184: <b>Zip Code:</b>  &nbsp; <%= profile_field_values(@profile_fields, "zip_code") %><br />
185: <b># Beds:</b> &nbsp; <%= profile_field_values(@profile_fields, "beds") %><br />
186: <b># Baths:</b>  &nbsp; <%= profile_field_values(@profile_fields, "baths") %><br />

    app/views/user_notifier/send_buyer_daily_notification.rhtml:216:in `compile!'
    lib/buyer_profile_notification.rb:78:in `send_daily'
    lib/buyer_profile_notification.rb:41:in `each'
    lib/buyer_profile_notification.rb:41:in `send_daily'
    lib/buyer_profile_notification.rb:31:in `process_buyer_notification_batch'
    app/workers/process_buyer_profile_notification_worker.rb:4:in `perform'
    resque (1.10.0) lib/resque/job.rb:133:in `perform'
    resque (1.10.0) lib/resque/worker.rb:157:in `perform'
    resque (1.10.0) lib/resque/worker.rb:124:in `work'
    resque (1.10.0) lib/resque/worker.rb:110:in `loop'
    resque (1.10.0) lib/resque/worker.rb:110:in `work'
    resque (1.10.0) lib/resque/tasks.rb:24
    rake (0.8.7) lib/rake.rb:636:in `call'
    rake (0.8.7) lib/rake.rb:636:in `execute'
    rake (0.8.7) lib/rake.rb:631:in `each'
    rake (0.8.7) lib/rake.rb:631:in `execute'
    rake (0.8.7) lib/rake.rb:597:in `invoke_with_call_chain'
    /usr/lib/ruby/1.8/monitor.rb:242:in `synchronize'
    rake (0.8.7) lib/rake.rb:590:in `invoke_with_call_chain'
    rake (0.8.7) lib/rake.rb:583:in `invoke'
    rake (0.8.7) lib/rake.rb:2051:in `invoke_task'
    rake (0.8.7) lib/rake.rb:2029:in `top_level'
    rake (0.8.7) lib/rake.rb:2029:in `each'
    rake (0.8.7) lib/rake.rb:2029:in `top_level'
    rake (0.8.7) lib/rake.rb:2068:in `standard_exception_handling'
    rake (0.8.7) lib/rake.rb:2023:in `top_level'
    rake (0.8.7) lib/rake.rb:2001:in `run'
    rake (0.8.7) lib/rake.rb:2068:in `standard_exception_handling'
    rake (0.8.7) lib/rake.rb:1998:in `run'
    rake (0.8.7) bin/rake:31
    /usr/bin/rake:19:in `load'
    /usr/bin/rake:19


Daily Notification Email could not be sent to  this Owner Finance  rajiv testtesttest on date 2011/10/19 exp 
ActionView::TemplateError (compile error
/home/rajiv_work/reim-redux/webapp/app/views/user_notifier/send_buyer_daily_notification.rhtml:183: syntax error, unexpected ')', expecting kTHEN or ':' or '\n' or ';'
...('\{Buyer criteria\}').blank?).to_s); @output_buffer.concat ...
                              ^
/home/rajiv_work/reim-redux/webapp/app/views/user_notifier/send_buyer_daily_notification.rhtml:216: syntax error, unexpected kENSURE, expecting $end) on line #183 of app/views/user_notifier/send_buyer_daily_notification.rhtml:
180:   <%= @email_closing.gsub("{Buyer criteria}", "<b>Zip Code:</b>  &nbsp; #{profile_field_values(@profile_fields, "zip_code")}<br /><b># Beds:</b> &nbsp; #{profile_field_values(@profile_fields, "beds")}<br /><b># Baths:</b>  &nbsp; #{profile_field_values(@profile_fields, "baths")}<br /><b>Sqft Range:</b>  &nbsp; #{profile_field_values(@profile_fields, "square_feet_min")} &nbsp; - &nbsp; #{profile_field_values(@profile_fields, "square_feet_max")}<br /><b>Max Monthly Payment:</b>  &nbsp; $#{profile_field_values(@profile_fields, "max_mon_pay")}<br /><b>Max Down Payment:</b>  &nbsp; $#{profile_field_values(@profile_fields, "max_dow_pay")}<br />") %>
181: </div>
182: <p>P.S. Below is what you told us you were looking for in a home.. if any of your buying criteria has changed, please reply to this email and let us know.. Thanks! </p>
183: <%= if @email_closing.to_s.match('\{Buyer criteria\}').blank? and @email_intro.to_s.match('\{Buyer criteria\}').blank?%>
184: <b>Zip Code:</b>  &nbsp; <%= profile_field_values(@profile_fields, "zip_code") %><br />
185: <b># Beds:</b> &nbsp; <%= profile_field_values(@profile_fields, "beds") %><br />
186: <b># Baths:</b>  &nbsp; <%= profile_field_values(@profile_fields, "baths") %><br />

    app/views/user_notifier/send_buyer_daily_notification.rhtml:216:in `compile!'
    lib/buyer_profile_notification.rb:78:in `send_daily'
    lib/buyer_profile_notification.rb:41:in `each'
    lib/buyer_profile_notification.rb:41:in `send_daily'
    lib/buyer_profile_notification.rb:31:in `process_buyer_notification_batch'
    app/workers/process_buyer_profile_notification_worker.rb:4:in `perform'
    resque (1.10.0) lib/resque/job.rb:133:in `perform'
    resque (1.10.0) lib/resque/worker.rb:157:in `perform'
    resque (1.10.0) lib/resque/worker.rb:124:in `work'
    resque (1.10.0) lib/resque/worker.rb:110:in `loop'
    resque (1.10.0) lib/resque/worker.rb:110:in `work'
    resque (1.10.0) lib/resque/tasks.rb:24
    rake (0.8.7) lib/rake.rb:636:in `call'
    rake (0.8.7) lib/rake.rb:636:in `execute'
    rake (0.8.7) lib/rake.rb:631:in `each'
    rake (0.8.7) lib/rake.rb:631:in `execute'
    rake (0.8.7) lib/rake.rb:597:in `invoke_with_call_chain'
    /usr/lib/ruby/1.8/monitor.rb:242:in `synchronize'
    rake (0.8.7) lib/rake.rb:590:in `invoke_with_call_chain'
    rake (0.8.7) lib/rake.rb:583:in `invoke'
    rake (0.8.7) lib/rake.rb:2051:in `invoke_task'
    rake (0.8.7) lib/rake.rb:2029:in `top_level'
    rake (0.8.7) lib/rake.rb:2029:in `each'
    rake (0.8.7) lib/rake.rb:2029:in `top_level'
    rake (0.8.7) lib/rake.rb:2068:in `standard_exception_handling'
    rake (0.8.7) lib/rake.rb:2023:in `top_level'
    rake (0.8.7) lib/rake.rb:2001:in `run'
    rake (0.8.7) lib/rake.rb:2068:in `standard_exception_handling'
    rake (0.8.7) lib/rake.rb:1998:in `run'
    rake (0.8.7) bin/rake:31
    /usr/bin/rake:19:in `load'
    /usr/bin/rake:19


Daily Notification Email could not be sent to  this Owner Finance  rajiv testtesttest on date 2011/10/19 exp 
ActionView::TemplateError (compile error
/home/rajiv_work/reim-redux/webapp/app/views/user_notifier/send_buyer_daily_notification.rhtml:183: syntax error, unexpected ')', expecting kTHEN or ':' or '\n' or ';'
...('\{Buyer criteria\}').blank?).to_s); @output_buffer.concat ...
                              ^
/home/rajiv_work/reim-redux/webapp/app/views/user_notifier/send_buyer_daily_notification.rhtml:216: syntax error, unexpected kENSURE, expecting $end) on line #183 of app/views/user_notifier/send_buyer_daily_notification.rhtml:
180:   <%= @email_closing.gsub("{Buyer criteria}", "<b>Zip Code:</b>  &nbsp; #{profile_field_values(@profile_fields, "zip_code")}<br /><b># Beds:</b> &nbsp; #{profile_field_values(@profile_fields, "beds")}<br /><b># Baths:</b>  &nbsp; #{profile_field_values(@profile_fields, "baths")}<br /><b>Sqft Range:</b>  &nbsp; #{profile_field_values(@profile_fields, "square_feet_min")} &nbsp; - &nbsp; #{profile_field_values(@profile_fields, "square_feet_max")}<br /><b>Max Monthly Payment:</b>  &nbsp; $#{profile_field_values(@profile_fields, "max_mon_pay")}<br /><b>Max Down Payment:</b>  &nbsp; $#{profile_field_values(@profile_fields, "max_dow_pay")}<br />") %>
181: </div>
182: <p>P.S. Below is what you told us you were looking for in a home.. if any of your buying criteria has changed, please reply to this email and let us know.. Thanks! </p>
183: <%= if @email_closing.to_s.match('\{Buyer criteria\}').blank? and @email_intro.to_s.match('\{Buyer criteria\}').blank?%>
184: <b>Zip Code:</b>  &nbsp; <%= profile_field_values(@profile_fields, "zip_code") %><br />
185: <b># Beds:</b> &nbsp; <%= profile_field_values(@profile_fields, "beds") %><br />
186: <b># Baths:</b>  &nbsp; <%= profile_field_values(@profile_fields, "baths") %><br />

    app/views/user_notifier/send_buyer_daily_notification.rhtml:216:in `compile!'
    lib/buyer_profile_notification.rb:78:in `send_daily'
    lib/buyer_profile_notification.rb:41:in `each'
    lib/buyer_profile_notification.rb:41:in `send_daily'
    lib/buyer_profile_notification.rb:31:in `process_buyer_notification_batch'
    app/workers/process_buyer_profile_notification_worker.rb:4:in `perform'
    resque (1.10.0) lib/resque/job.rb:133:in `perform'
    resque (1.10.0) lib/resque/worker.rb:157:in `perform'
    resque (1.10.0) lib/resque/worker.rb:124:in `work'
    resque (1.10.0) lib/resque/worker.rb:110:in `loop'
    resque (1.10.0) lib/resque/worker.rb:110:in `work'
    resque (1.10.0) lib/resque/tasks.rb:24
    rake (0.8.7) lib/rake.rb:636:in `call'
    rake (0.8.7) lib/rake.rb:636:in `execute'
    rake (0.8.7) lib/rake.rb:631:in `each'
    rake (0.8.7) lib/rake.rb:631:in `execute'
    rake (0.8.7) lib/rake.rb:597:in `invoke_with_call_chain'
    /usr/lib/ruby/1.8/monitor.rb:242:in `synchronize'
    rake (0.8.7) lib/rake.rb:590:in `invoke_with_call_chain'
    rake (0.8.7) lib/rake.rb:583:in `invoke'
    rake (0.8.7) lib/rake.rb:2051:in `invoke_task'
    rake (0.8.7) lib/rake.rb:2029:in `top_level'
    rake (0.8.7) lib/rake.rb:2029:in `each'
    rake (0.8.7) lib/rake.rb:2029:in `top_level'
    rake (0.8.7) lib/rake.rb:2068:in `standard_exception_handling'
    rake (0.8.7) lib/rake.rb:2023:in `top_level'
    rake (0.8.7) lib/rake.rb:2001:in `run'
    rake (0.8.7) lib/rake.rb:2068:in `standard_exception_handling'
    rake (0.8.7) lib/rake.rb:1998:in `run'
    rake (0.8.7) bin/rake:31
    /usr/bin/rake:19:in `load'
    /usr/bin/rake:19


On 2011-10-19 Daily Mail Sent To Owner Finance Buyer rajiv on akataria@systematixtechnocrates.com  at Wed Oct 19 17:47:20 +0530 2011
On 2011-10-19 Daily Mail Sent To Owner Finance Buyer rajiv on akataria@systematixtechnocrates.com  at Wed Oct 19 17:47:28 +0530 2011
On 2011-10-19 Daily Mail Sent To Owner Finance Buyer rajiv on akataria@systematixtechnocrates.com  at Wed Oct 19 19:24:27 +0530 2011
On 2011-10-19 Daily Mail Sent To Owner Finance Buyer rajiv on akataria@systematixtechnocrates.com  at Wed Oct 19 19:24:39 +0530 2011
On 2011-10-19 Daily Mail Sent To Owner Finance Buyer rajiv on akataria@systematixtechnocrates.com  at Wed Oct 19 19:28:21 +0530 2011
On 2011-10-19 Daily Mail Sent To Owner Finance Buyer rajiv on akataria@systematixtechnocrates.com  at Wed Oct 19 19:28:30 +0530 2011
Welcome Notification Email could not be sent to  this Owner Finance  rajiv testtesttest on date Thu Feb 02 12:59:03 +0530 2012 exp Mysql::Error: Table 'webapp_development.bounced_emails' doesn't exist: SHOW FIELDS FROM `bounced_emails`
Welcome Notification Email could not be sent to  this Owner Finance  rajiv testtesttest on date Thu Feb 02 13:00:26 +0530 2012 exp Mysql::Error: Table 'webapp_development.bounced_emails' doesn't exist: SHOW FIELDS FROM `bounced_emails`
On 2012-02-08 Daily Mail Sent To Owner Finance Buyer rajiv on akataria@systematixtechnocrates.com  at Wed Feb 08 14:13:48 +0530 2012
On 2012-02-08 Daily Mail Sent To Owner Finance Buyer rajiv on akataria@systematixtechnocrates.com  at Wed Feb 08 14:16:22 +0530 2012
On 2012-02-08 Daily Mail Sent To Owner Finance Buyer rajiv on akataria@systematixtechnocrates.com  at Wed Feb 08 14:16:27 +0530 2012
On 2012-02-08 Daily Mail Sent To Owner Finance Buyer rajiv on akataria@systematixtechnocrates.com  at Wed Feb 08 17:07:32 +0530 2012
On 2012-02-08 Daily Mail Sent To Owner Finance Buyer rajiv on akataria@systematixtechnocrates.com  at Wed Feb 08 17:07:38 +0530 2012
On 2012-02-08 Daily Mail Sent To Owner Finance Buyer rajiv on akataria@systematixtechnocrates.com  at Wed Feb 08 17:07:46 +0530 2012
On 2012-02-08 Daily Mail Sent To Owner Finance Buyer rajiv on akataria@systematixtechnocrates.com  at Wed Feb 08 17:15:54 +0530 2012
On 2012-02-08 Daily Mail Sent To Owner Finance Buyer rajiv on akataria@systematixtechnocrates.com  at Wed Feb 08 17:15:59 +0530 2012
On 2012-02-08 Daily Mail Sent To Owner Finance Buyer rajiv on akataria@systematixtechnocrates.com  at Wed Feb 08 17:16:07 +0530 2012
On 2012-02-08 Daily Mail Sent To Owner Finance Buyer rajiv on akataria@systematixtechnocrates.com  at Wed Feb 08 17:21:58 +0530 2012
welcome to the user notifier
Byer website id: 39f66852-628f-11e0-a8d4-002618c30c0a
welcome to the user notifier
Byer website id: 39f66852-628f-11e0-a8d4-002618c30c0a
On 2012-02-08 Daily Mail Sent To Owner Finance Buyer rajiv on akataria@systematixtechnocrates.com  at Wed Feb 08 17:27:37 +0530 2012
welcome to the user notifier
Byer website id: 39f66852-628f-11e0-a8d4-002618c30c0a
welcome to inner div
welcome to the user notifier
Byer website id: 39f66852-628f-11e0-a8d4-002618c30c0a
welcome to inner div
On 2012-02-08 Daily Mail Sent To Owner Finance Buyer rajiv on akataria@systematixtechnocrates.com  at Wed Feb 08 17:30:39 +0530 2012
welcome to the user notifier
Byer website id: 39f66852-628f-11e0-a8d4-002618c30c0a
welcome to inner div
exception occured: (NoMethodError) "undefined method `new_format_url_for_retail_buyer' for #<ActiveRecord::Associations::HasOneAssociation:0xb665deb4>" )
welcome to the user notifier
Byer website id: 39f66852-628f-11e0-a8d4-002618c30c0a
welcome to inner div
exception occured: (NoMethodError) "undefined method `new_format_url_for_retail_buyer' for #<ActiveRecord::Associations::HasOneAssociation:0xb665deb4>" )
On 2012-02-08 Daily Mail Sent To Owner Finance Buyer rajiv on akataria@systematixtechnocrates.com  at Wed Feb 08 17:35:24 +0530 2012
welcome to the user notifier
Byer website id: 39f66852-628f-11e0-a8d4-002618c30c0a
welcome to inner div
welcome under if condition
full view url: www.ownhome4.us/sanitytest1234/single_family/33cacb8a-6019-11e0-837e-002618c30c0a/full_property_view_latest
welcome to the user notifier
Byer website id: 39f66852-628f-11e0-a8d4-002618c30c0a
welcome to inner div
welcome under if condition
full view url: www.ownhome4.us/sanitytest1234/single_family/b1a27018-64eb-11e0-8374-002618c30c0a/full_property_view_latest
On 2012-02-08 Daily Mail Sent To Owner Finance Buyer rajiv on akataria@systematixtechnocrates.com  at Wed Feb 08 17:41:39 +0530 2012
On 2012-02-08 Daily Mail Sent To Owner Finance Buyer rajiv on akataria@systematixtechnocrates.com  at Wed Feb 08 17:50:50 +0530 2012
On 2012-02-08 Daily Mail Sent To Owner Finance Buyer rajiv on akataria@systematixtechnocrates.com  at Wed Feb 08 17:50:56 +0530 2012
On 2012-04-03 Daily Mail Sent To Owner Finance Buyer rajiv on dgupta@isystango.com  at Tue Apr 03 13:47:04 +0530 2012
On 2012-04-03 Daily Mail Sent To Owner Finance Buyer rajiv on dgupta@isystango.com  at Tue Apr 03 13:49:48 +0530 2012
On 2012-04-03 Daily Mail Sent To Owner Finance Buyer rajiv on dgupta@isystango.com  at Tue Apr 03 13:56:01 +0530 2012
On 2012-04-03 Daily Mail Sent To Owner Finance Buyer rajiv on dgupta@isystango.com  at Tue Apr 03 14:34:49 +0530 2012
On 2012-04-03 Daily Mail Sent To Owner Finance Buyer rajiv on dgupta@isystango.com  at Tue Apr 03 14:41:38 +0530 2012
On 2012-04-03 Daily Mail Sent To Owner Finance Buyer rajiv on dgupta@isystango.com  at Tue Apr 03 16:29:41 +0530 2012
On 2012-04-03 Daily Mail Sent To Owner Finance Buyer rajiv on dgupta@isystango.com  at Tue Apr 03 16:39:24 +0530 2012
On 2012-04-03 Daily Mail Sent To Owner Finance Buyer rajiv on dgupta@isystango.com  at Tue Apr 03 17:08:37 +0530 2012
On 2012-04-03 Daily Mail Sent To Owner Finance Buyer rajiv on dgupta@isystango.com  at Tue Apr 03 17:16:28 +0530 2012
On 2012-04-03 Daily Mail Sent To Owner Finance Buyer rajiv on dgupta@isystango.com  at Tue Apr 03 18:12:51 +0530 2012
On 2012-04-03 Daily Mail Sent To Owner Finance Buyer rajiv on dgupta@isystango.com  at Tue Apr 03 18:15:13 +0530 2012
On 2012-04-03 Daily Mail Sent To Owner Finance Buyer rajiv on dgupta@isystango.com  at Tue Apr 03 18:16:24 +0530 2012
On 2012-04-03 Daily Mail Sent To Owner Finance Buyer rajiv on dgupta@isystango.com  at Tue Apr 03 18:57:26 +0530 2012
