o
 state deleted : name = Federated States of Micronesia --- code =FM 
 state deleted : name = Guam --- code =GU 
 state deleted : name = Marshall Islands --- code =MH 
 state deleted : name = American Samoa --- code =AS 
 state deleted : name = Northern Mariana Islands --- code =MP 
 state deleted : name = Palau --- code =PW 
 state deleted : name = Puerto Rico --- code =PR 
 state deleted : name = Virgin Islands --- code =VI 
 state deleted : name =  --- code =ON 
 state deleted : name =  --- code =BC 
 state deleted : name =  --- code =MB 
 state deleted : name =  --- code =SK 
 state deleted : name =  --- code =UK 
 state deleted : name =  --- code =BS 
 state deleted : name = Federated States of Micronesia --- code =FM 
 state deleted : name = Guam --- code =GU 
 state deleted : name = Marshall Islands --- code =MH 
 state deleted : name = American Samoa --- code =AS 
 state deleted : name = Northern Mariana Islands --- code =MP 
 state deleted : name = Palau --- code =PW 
 state deleted : name = Puerto Rico --- code =PR 
 state deleted : name = Virgin Islands --- code =VI 
 state deleted : name =  --- code =ON 
 state deleted : name =  --- code =BC 
 state deleted : name =  --- code =MB 
 state deleted : name =  --- code =SK 
 state deleted : name =  --- code =UK 
 state deleted : name =  --- code =BS 
 state deleted : name = Federated States of Micronesia --- code =FM 
 state deleted : name = Guam --- code =GU 
 state deleted : name = Marshall Islands --- code =MH 
 state deleted : name = American Samoa --- code =AS 
 state deleted : name = Northern Mariana Islands --- code =MP 
 state deleted : name = Palau --- code =PW 
 state deleted : name = Puerto Rico --- code =PR 
 state deleted : name = Virgin Islands --- code =VI 
 state deleted : name =  --- code =ON 
 state deleted : name =  --- code =BC 
 state deleted : name =  --- code =MB 
 state deleted : name =  --- code =SK 
 state deleted : name =  --- code =UK 
 state deleted : name =  --- code =BS 
