2011-05-27 17:02:14 DEBUG --- !map:HashWithIndifferentAccess 
asdasdasdasdasda: sadasdasdad
action: index
method: :post
controller: lah_shopping_cart

2011-05-27 17:02:50 DEBUG --- !map:HashWithIndifferentAccess 
asdasdasdasdasda: sadasdasdad
action: index
method: :post
controller: lah_shopping_cart

2011-05-27 19:40:57 DEBUG --- !map:HashWithIndifferentAccess 
token: sadasdasdad
action: index
method: :post
controller: lah_shopping_cart

2011-05-30 13:05:35 DEBUG --- !map:HashWithIndifferentAccess 
token: <NewOrder><Token>aea55b42ee1c406aae1e3fc51d3020bc</Token></NewOrder>
action: index
method: :post
controller: lah_shopping_cart

2011-05-30 13:06:21 DEBUG --- !map:HashWithIndifferentAccess 
token: <NewOrder><Token>aea55b42ee1c406aae1e3fc51d3020bc</Token></NewOrder>
action: index
method: :post
controller: lah_shopping_cart

2011-05-30 13:06:25 ERROR ========Not a valid token_id========

2011-05-30 13:09:28 DEBUG --- !map:HashWithIndifferentAccess 
token: <NewOrder><Token>aea55b42ee1c406aae1e3fc51d3020bc</Token></NewOrder>
action: index
method: :post
controller: lah_shopping_cart

2011-05-30 13:10:31 ERROR ========Not a valid token_id========

2011-05-30 13:10:43 DEBUG --- !map:HashWithIndifferentAccess 
token: <NewOrder><Token>aea55b42ee1c406aae1e3fc51d3020bc</Token></NewOrder>
action: index
method: :post
controller: lah_shopping_cart

2011-05-30 13:12:54 DEBUG --- !map:HashWithIndifferentAccess 
token: <NewOrder><Token>aea55b42ee1c406aae1e3fc51d3020bc</Token></NewOrder>
action: index
method: :post
controller: lah_shopping_cart

2011-05-30 13:15:36 DEBUG --- !map:HashWithIndifferentAccess 
token: <NewOrder><Token>aea55b42ee1c406aae1e3fc51d3020bc</Token></NewOrder>
action: index
method: :post
controller: lah_shopping_cart

2011-05-30 14:05:21 DEBUG --- !map:HashWithIndifferentAccess 
token: <NewOrder><Token>aea55b42ee1c406aae1e3fc51d3020bc</Token></NewOrder>
action: index
method: :post
controller: lah_shopping_cart

2011-05-30 14:08:32 DEBUG --- !map:HashWithIndifferentAccess 
token: <NewOrder><Token>aea55b42ee1c406aae1e3fc51d3020bc</Token></NewOrder>
action: index
method: :post
controller: lah_shopping_cart

2011-05-30 14:37:05 DEBUG --- !map:HashWithIndifferentAccess 
token: <NewOrder><Token>aea55b42ee1c406aae1e3fc51d3020bc</Token></NewOrder>
action: index
method: :post
controller: lah_shopping_cart

2011-05-30 14:40:05 DEBUG --- !map:HashWithIndifferentAccess 
token: <NewOrder><Token>aea55b42ee1c406aae1e3fc51d3020bc</Token></NewOrder>
action: index
method: :post
controller: lah_shopping_cart

2011-05-30 14:40:49 DEBUG --- !map:HashWithIndifferentAccess 
token: <NewOrder><Token>aea55b42ee1c406aae1e3fc51d3020bc</Token></NewOrder>
action: index
method: :post
controller: lah_shopping_cart

2011-05-30 14:41:35 DEBUG --- !map:HashWithIndifferentAccess 
token: <NewOrder><Token>aea55b42ee1c406aae1e3fc51d3020bc</Token></NewOrder>
action: index
method: :post
controller: lah_shopping_cart

2011-05-30 14:43:16 DEBUG --- !map:HashWithIndifferentAccess 
token: <NewOrder><Token>aea55b42ee1c406aae1e3fc51d3020bc</Token></NewOrder>
action: index
method: :post
controller: lah_shopping_cart

2011-05-30 14:44:31 DEBUG --- !map:HashWithIndifferentAccess 
token: <NewOrder><Token>aea55b42ee1c406aae1e3fc51d3020bc</Token></NewOrder>
action: index
method: :post
controller: lah_shopping_cart

2011-05-30 14:45:30 DEBUG --- !map:HashWithIndifferentAccess 
token: <NewOrder><Token>aea55b42ee1c406aae1e3fc51d3020bc</Token></NewOrder>
action: index
method: :post
controller: lah_shopping_cart

2011-05-30 14:47:42 DEBUG --- !map:HashWithIndifferentAccess 
token: <NewOrder><Token>aea55b42ee1c406aae1e3fc51d3020bc</Token></NewOrder>
action: index
method: :post
controller: lah_shopping_cart

2011-05-30 14:50:34 DEBUG --- !map:HashWithIndifferentAccess 
token: <NewOrder><Token>aea55b42ee1c406aae1e3fc51d3020bc</Token></NewOrder>
action: index
method: :post
controller: lah_shopping_cart

2011-05-30 14:53:01 DEBUG --- !map:HashWithIndifferentAccess 
token: <NewOrder><Token>aea55b42ee1c406aae1e3fc51d3020bc</Token></NewOrder>
action: index
method: :post
controller: lah_shopping_cart

2011-05-30 17:19:29 DEBUG --- !map:HashWithIndifferentAccess 
token: <NewOrder><Token>aea55b42ee1c406aae1e3fc51d3020bc</Token></NewOrder>
action: index
method: :post
controller: lah_shopping_cart

2011-05-30 17:28:38 DEBUG --- !map:HashWithIndifferentAccess 
token: <NewOrder><Token>aea55b42ee1c406aae1e3fc51d3020bc</Token></NewOrder>
action: index
method: :post
controller: lah_shopping_cart

2011-05-30 17:33:04 DEBUG --- !map:HashWithIndifferentAccess 
token: <NewOrder><Token>aea55b42ee1c406aae1e3fc51d3020bc</Token></NewOrder>
action: index
method: :post
controller: lah_shopping_cart

2011-05-30 17:35:38 DEBUG --- !map:HashWithIndifferentAccess 
token: <NewOrder><Token>aea55b42ee1c406aae1e3fc51d3020bc</Token></NewOrder>
action: index
method: :post
controller: lah_shopping_cart

2011-05-30 17:39:05 DEBUG --- !map:HashWithIndifferentAccess 
token: <NewOrder><Token>aea55b42ee1c406aae1e3fc51d3020bc</Token></NewOrder>
action: index
method: :post
controller: lah_shopping_cart

2011-05-31 11:45:11 DEBUG --- !map:HashWithIndifferentAccess 
token: <NewOrder><Token>aea55b42ee1c406aae1e3fc51d3020bc</Token></NewOrder>
action: index
method: :post
controller: lah_shopping_cart

2011-05-31 11:49:48 DEBUG --- !map:HashWithIndifferentAccess 
token: <Token>6c5fe124b22c4c14864d72bcfb0e5ed9</Token>
action: index
method: :post
controller: lah_shopping_cart

2011-05-31 19:40:16 DEBUG --- !map:HashWithIndifferentAccess 
token: <Token>6c5fe124b22c4c14864d72bcfb0e5ed9</Token>
action: index
method: :post
controller: lah_shopping_cart

2011-05-31 19:40:24 ERROR ========Duplicate User Found========
===email:- msaraf@systematixtechnocrates.com
2011-05-31 19:43:04 DEBUG --- !map:HashWithIndifferentAccess 
token: <Token>6c5fe124b22c4c14864d72bcfb0e5ed9</Token>
action: index
method: :post
controller: lah_shopping_cart

2011-05-31 19:46:00 DEBUG --- !map:HashWithIndifferentAccess 
token: <Token>6c5fe124b22c4c14864d72bcfb0e5ed9</Token>
action: index
method: :post
controller: lah_shopping_cart

2011-05-31 19:46:07 ERROR ========Duplicate User Found========
===email:- msaraf@systematixtechnocrates.com
2011-05-31 19:52:10 DEBUG --- !map:HashWithIndifferentAccess 
token: <Token>6c5fe124b22c4c14864d72bcfb0e5ed9</Token>
action: index
method: :post
controller: lah_shopping_cart

2011-05-31 19:52:20 ERROR ========Duplicate User Found========
===email:- msaraf@systematixtechnocrates.com
2011-05-31 19:52:52 DEBUG --- !map:HashWithIndifferentAccess 
token: <NewOrder><Token>aea55b42ee1c406aae1e3fc51d3020bc</Token></NewOrder>
action: index
method: :post
controller: lah_shopping_cart

2011-05-31 19:53:05 ERROR ========Duplicate User Found========
===email:- rkapil@systematixtechnocrates.com
2011-05-31 19:55:39 DEBUG --- !map:HashWithIndifferentAccess 
token: <NewOrder><Token>aea55b42ee1c406aae1e3fc51d3020bc</Token></NewOrder>
action: index
method: :post
controller: lah_shopping_cart

2011-05-31 19:55:45 ERROR ========Duplicate User Found========
 email:- rkapil@systematixtechnocrates.com

2011-05-31 19:58:27 DEBUG --- !map:HashWithIndifferentAccess 
token: <NewOrder><Token>aea55b42ee1c406aae1e3fc51d3020bc</Token></NewOrder>
action: index
method: :post
controller: lah_shopping_cart

2011-05-31 20:02:06 DEBUG --- !map:HashWithIndifferentAccess 
token: <NewOrder><Token>aea55b42ee1c406aae1e3fc51d3020bc</Token></NewOrder>
action: index
method: :post
controller: lah_shopping_cart

2011-05-31 20:02:12 ERROR ========Duplicate User Found========
 email:- rkapil@systematixtechnocrates.com

2011-06-06 15:55:53 DEBUG --- !map:HashWithIndifferentAccess 
token: <NewOrder><Token>87a3c549783e42f58deed01e20c82a34</Token></NewOrder>
action: index
method: :post
controller: lah_shopping_cart

2011-06-09 14:17:58 DEBUG --- !map:HashWithIndifferentAccess 
token: <NewOrder><Token>87a3c549783e42f58deed01e20c82a34</Token></NewOrder>
action: index
method: :post
controller: lah_shopping_cart

2011-06-09 14:18:49 ERROR ========Duplicate User Found========
 email:- rajivkapil12@mailinator.com and LAH Customer Id:- 140151457 

2011-06-09 14:31:27 DEBUG --- !map:HashWithIndifferentAccess 
token: <NewOrder><Token>87a3c549783e42f58deed01e20c82a34</Token></NewOrder>
action: index
method: :post
controller: lah_shopping_cart

2011-06-09 14:31:35 INFO  User Successfuly Created In REIM: email= rajivkapil12@mailinator.com and shopping cart user id: 140151457 
2011-06-09 14:31:35 INFO  ============================= 

2011-06-09 14:32:06 DEBUG --- !map:HashWithIndifferentAccess 
token: <NewOrder><Token>87a3c549783e42f58deed01e20c82a34</Token></NewOrder>
action: index
method: :post
controller: lah_shopping_cart

2011-06-09 14:32:13 ERROR ========Duplicate User Found========
 email:- rajivkapil12@mailinator.com and LAH Customer Id:- 140151457 

2011-06-09 14:42:28 DEBUG --- !map:HashWithIndifferentAccess 
token: <NewOrder><Token>87a3c549783e42f58deed01e20c82a34</Token></NewOrder>
action: index
method: :post
controller: lah_shopping_cart

2011-06-09 14:42:34 INFO  =============User Successfuly Created In REIM================ 

2011-06-09 14:42:34 INFO email= rajivkapil12@mailinator.com and shopping cart user id: 140151457 

2011-06-13 11:44:51 DEBUG --- !map:HashWithIndifferentAccess 
token: "@<NewOrder><Token>87a3c549783e42f58deed01e20c82a34</Token></NewOrder>"
action: index
method: :post
controller: lah_shopping_cart

2011-06-13 11:44:56 ERROR ========Duplicate User Found========
 email:- rajivkapil12@mailinator.com and LAH shopping cart Customer id:- 140151457, Product ID:- 119147 

2011-06-14 11:36:44 DEBUG --- !map:HashWithIndifferentAccess 
action: index
<NewOrder><Token>d87fe7ceeec246d38ffe073b10d9a68a</Token></NewOrder>: 
method: :post
controller: lah_shopping_cart

2011-06-14 11:38:37 ERROR ========User Can't be Updated========
 email:- real-estatesolutions@comcast.net  and LAH shopping cart Customer id:- 140261058, product_id:- 7914484 

2011-06-14 11:41:02 DEBUG --- !map:HashWithIndifferentAccess 
action: index
<NewOrder><Token>d87fe7ceeec246d38ffe073b10d9a68a</Token></NewOrder>: 
method: :post
controller: lah_shopping_cart

2011-06-14 11:41:09 ERROR ========User Can't be Updated========
 email:- real-estatesolutions@comcast.net  and LAH shopping cart Customer id:- 140261058, product_id:- 7914484 

2011-06-14 11:59:12 DEBUG --- !map:HashWithIndifferentAccess 
action: index
<NewOrder><Token>d87fe7ceeec246d38ffe073b10d9a68a</Token></NewOrder>: 
method: :post
controller: lah_shopping_cart

2011-06-14 12:03:40 INFO  something went wrong 

2011-06-14 12:03:40 INFO  Error 1 : (ActiveRecord::UnknownAttributeError) "unknown attribute: " 
2011-06-14 12:03:40 INFO  ============================= 

2011-06-14 13:01:26 DEBUG --- !map:HashWithIndifferentAccess 
action: index
<NewOrder><Token>d87fe7ceeec246d38ffe073b10d9a68a</Token></NewOrder>: 
method: :post
controller: lah_shopping_cart

2011-06-14 13:01:31 ERROR ========Duplicate User Found========
 email:- lah_kapil@mailinator.com and LAH shopping cart Customer id:- 140261058, Product ID:- 7914484 

2011-06-14 13:23:26 DEBUG --- !map:HashWithIndifferentAccess 
<NewOrder><Token>87a3c549783e42f58deed01e20c82a34</Token></NewOrder>: 
action: index
method: :post
controller: lah_shopping_cart

2011-06-14 13:23:58 INFO  =============User Successfuly Created In REIM================ 

2011-06-14 13:23:59 INFO email= rajivkapil12@mailinator.com and LAH shopping cart Customer id: 140151457 

2011-06-14 13:27:34 DEBUG --- !map:HashWithIndifferentAccess 
token: <NewOrder><Token>87a3c549783e42f58deed01e20c82a34</Token></NewOrder>
action: index
method: :post
controller: lah_shopping_cart

2011-06-14 13:27:54 ERROR ========Duplicate User Found========
 email:- rajivkapil12@mailinator.com and LAH shopping cart Customer id:- 140151457, Product ID:- 119147 

2011-06-14 16:57:27 DEBUG --- !map:HashWithIndifferentAccess 
<NewOrder><Token>87a3c549783e42f58deed01e20c82a34</Token></NewOrder>: 
action: index
method: :post
controller: lah_shopping_cart

2011-06-14 16:57:47 ERROR ========Duplicate User Found========
 email:- rajivkapil12@mailinator.com and LAH shopping cart Customer id:- 140151457, Product ID:- 119147 

2011-06-14 17:00:42 DEBUG --- !map:HashWithIndifferentAccess 
<NewOrder><Token>87a3c549783e42f58deed01e20c82a34</Token></NewOrder>: 
action: index
method: :post
controller: lah_shopping_cart

2011-06-14 17:01:33 ERROR ========Duplicate User Found========
 email:- rajivkapil12@mailinator.com and LAH shopping cart Customer id:- 140151457, Product ID:- 119147 

2011-06-14 17:02:51 DEBUG --- !map:HashWithIndifferentAccess 
<NewOrder><Token>87a3c549783e42f58deed01e20c82a34</Token></NewOrder>: 
action: index
method: :post
controller: lah_shopping_cart

2011-06-14 17:03:09 ERROR ========Duplicate User Found========
 email:- rajivkapil12@mailinator.com and LAH shopping cart Customer id:- 140151457, Product ID:- 119147 

2011-06-14 17:03:44 DEBUG --- !map:HashWithIndifferentAccess 
action: index
<NewOrder><Token>d87fe7ceeec246d38ffe073b10d9a68a</Token></NewOrder>: 
method: :post
controller: lah_shopping_cart

2011-06-14 17:04:17 ERROR ========Duplicate User Found========
 email:- lah_kapil@mailinator.com and LAH shopping cart Customer id:- 140261058, Product ID:- 7914484 

2011-06-15 19:23:10 DEBUG --- !map:HashWithIndifferentAccess 
action: index
method: :post
nb,nmgfbgffhgfh: 
controller: lah_shopping_cart

2011-06-15 19:23:10 ERROR ========Incorrect Params========

2011-06-16 14:26:04 DEBUG --- !map:HashWithIndifferentAccess 
<NewOrder><Token>87a3c549783e42f58deed01e20c82a34</Token></NewOrder>: 
action: index
method: :post
controller: lah_shopping_cart

2011-06-16 14:26:18 INFO  something went wrong 

2011-06-16 14:26:18 INFO  Error 1 : (Errno::ECONNREFUSED) "Connection refused - Unable to connect to Redis on localhost:6379" 
2011-06-16 14:26:18 INFO  ============================= 

2011-06-16 14:27:20 DEBUG --- !map:HashWithIndifferentAccess 
<NewOrder><Token>87a3c549783e42f58deed01e20c82a34</Token></NewOrder>: 
action: index
method: :post
controller: lah_shopping_cart

2011-06-16 14:27:28 INFO  =============User Successfuly Created In REIM================ 

2011-06-16 14:27:28 INFO email= rajivkapil12@mailinator.com and LAH shopping cart Customer id: 140151457 

2011-06-16 14:38:26 DEBUG --- !map:HashWithIndifferentAccess 
<NewOrder><Token>87a3c549783e42f58deed01e20c82a34</Token></NewOrder>: 
action: index
method: :post
controller: lah_shopping_cart

2011-06-16 14:38:32 INFO ========Duplicate User Found========
 email:- rajivkapil12@mailinator.com and LAH shopping cart Customer id:- 140151457, Product ID:- 119147 

2011-06-16 16:53:33 DEBUG --- !map:HashWithIndifferentAccess 
action: index
method: :post
controller: lah_shopping_cart
<NewOrder><Token>22669e3af99c4f979cf2d6210aa49d17</Token></NewOrder>: 

2011-06-16 16:57:54 DEBUG --- !map:HashWithIndifferentAccess 
action: index
method: :post
controller: lah_shopping_cart
<NewOrder><Token>22669e3af99c4f979cf2d6210aa49d17</Token></NewOrder>: 

2011-06-16 16:58:32 DEBUG --- !map:HashWithIndifferentAccess 
action: index
method: :post
controller: lah_shopping_cart
<NewOrder><Token>22669e3af99c4f979cf2d6210aa49d17</Token></NewOrder>: 

2011-06-16 16:59:05 INFO ========User Purchased Gold Upsell========
 email:- rajiv442test@mailinator.com and LAH Customer Id:- 140205542

2011-06-17 12:32:02 DEBUG --- !map:HashWithIndifferentAccess 
<NewOrder><Token>87a3c549783e42f58deed01e20c82a34</Token></NewOrder>: 
action: index
method: :post
controller: lah_shopping_cart

2011-06-17 12:32:16 INFO  =============User Successfuly Created In REIM================ 

2011-06-17 12:32:16 INFO email= rajivkapil12@mailinator.com and LAH shopping cart Customer id: 140151457 

2011-06-17 12:45:44 DEBUG --- !map:HashWithIndifferentAccess 
<NewOrder><Token>87a3c549783e42f58deed01e20c82a34</Token></NewOrder>: 
action: index
method: :post
controller: lah_shopping_cart

2011-06-17 12:46:04 INFO ========Duplicate User Found========
 email:- rajivkapil12@mailinator.com and LAH shopping cart Customer id:- 140151457, Product ID:- 119147 

2011-06-17 12:52:58 DEBUG --- !map:HashWithIndifferentAccess 
<NewOrder><Token>87a3c549783e42f58deed01e20c82a34</Token></NewOrder>: 
action: index
method: :post
controller: lah_shopping_cart

2011-06-17 12:54:49 INFO  =============User Successfuly Created In REIM================ 

2011-06-17 12:54:49 INFO email= rajivkapil12@mailinator.com and LAH shopping cart Customer id: 140151457 

2011-06-21 12:12:31 DEBUG --- !map:HashWithIndifferentAccess 
<NewOrder><Token>87a3c549783e42f58deed01e20c82a34</Token></NewOrder>: 
action: index
method: :post
controller: lah_shopping_cart

2011-06-21 12:12:36 INFO ========Duplicate User Found========
 email:- rajivkapil12@mailinator.com and LAH shopping cart Customer id:- 140151457, Product ID:- 119147 

2011-06-21 12:15:43 DEBUG --- !map:HashWithIndifferentAccess 
<NewOrder><Token>87a3c549783e42f58deed01e20c82a34</Token></NewOrder>: 
action: index
method: :post
controller: lah_shopping_cart

2011-06-21 12:15:50 INFO  =============User Successfuly Created In REIM================ 

2011-06-21 12:15:50 INFO email= rajivkapil12@mailinator.com and LAH shopping cart Customer id: 140151457 

2011-06-21 16:22:48 DEBUG --- !map:HashWithIndifferentAccess 
<NewOrder><Token>bc0e889c245342c895935510fa0862ac</Token></NewOrder>: 
action: index
method: :post
controller: lah_shopping_cart

2011-06-21 16:22:54 INFO  something went wrong 

2011-06-21 16:22:54 INFO  Error 1 : (ActiveRecord::StatementInvalid) "Mysql::Error: Duplicate entry 'rajiv4u@mailinator.com' for key 'index_users_on_login': INSERT INTO `users` (`salt`, `last_login_at`, `customer_record`, `updated_at`, `activated_at`, `digest_frequency`, `crypted_password`, `security_token_expiry`, `preferred_digest_format`, `direct_message_frequency`, `about_me`, `business_phone`, `remember_token_expires_at`, `activation_code`, `security_token`, `user_class_id`, `id`, `previous_login_at`, `admin_flag`, `investor_focus`, `home_phone`, `remember_token`, `license_number`, `first_name`, `is_infusionsoft`, `number_of_territory`, `investing_since`, `auto_syndication`, `login`, `last_name`, `email`, `mobile_phone`, `created_at`, `user_status`, `real_estate_experience`) VALUES('b9fb4b7978aec4765d05c6a3570302518ef08d9d', NULL, NULL, '2011-06-21 10:52:54', NULL, 'D', '4121bb2cd85ebaf81108eabf985dbbcabe672280', NULL, 'html', 'I', NULL, NULL, NULL, '7b4a1e467e0e188d1e202d0d40e2de7125625e81', NULL, 3, '9dd0539e-9bf4-11e0-9c05-002618c30c0a', NULL, 0, NULL, NULL, NULL, NULL, 'Melanie', 0, NULL, NULL, 1, 'rajiv4u@mailinator.com', 'Davis', 'rajiv4u@mailinator.com', NULL, '2011-06-21 10:52:54', NULL, NULL)" 
2011-06-21 16:22:54 INFO  ============================= 

2011-06-21 16:23:47 DEBUG --- !map:HashWithIndifferentAccess 
<NewOrder><Token>bc0e889c245342c895935510fa0862ac</Token></NewOrder>: 
action: index
method: :post
controller: lah_shopping_cart

2011-06-21 16:23:54 INFO  =============User Successfuly Created In REIM================ 

2011-06-21 16:23:54 INFO email= 12test@mailinator.com and LAH shopping cart Customer id: 140355663 

2011-06-21 16:26:14 INFO  something went wrong 

2011-06-21 16:26:14 INFO  Error 1 : (NoMethodError) "You have a nil object when you didn't expect it!\nYou might have expected an instance of ActiveRecord::Base.\nThe error occurred while evaluating nil.[]" 
2011-06-21 16:26:14 INFO  ============================= 

2011-06-21 16:27:36 DEBUG --- !map:HashWithIndifferentAccess 
<NewOrder><Token>87a3c549783e42f58deed01e20c82a34</Token></NewOrder>: 
action: index
method: :post
controller: lah_shopping_cart

2011-06-21 16:27:50 INFO ========Duplicate User Found========
 email:- rajivkapil12@mailinator.com and LAH shopping cart Customer id:- 140151457, Product ID:- 119147 

2011-06-21 16:30:08 DEBUG --- !map:HashWithIndifferentAccess 
<NewOrder><Token>87a3c549783e42f58deed01e20c82a34</Token></NewOrder>: 
action: index
method: :post
controller: lah_shopping_cart

2011-06-21 16:30:15 INFO  something went wrong 

2011-06-21 16:30:15 INFO  Error 1 : (ActiveRecord::RecordInvalid) "Validation failed: %{errors}" 
2011-06-21 16:30:15 INFO  ============================= 

2011-06-21 16:31:14 DEBUG --- !map:HashWithIndifferentAccess 
<NewOrder><Token>87a3c549783e42f58deed01e20c82a34</Token></NewOrder>: 
action: index
method: :post
controller: lah_shopping_cart

2011-06-21 16:31:21 INFO  =============User Successfuly Created In REIM================ 

2011-06-21 16:31:21 INFO email= rajivkapil12@mailinator.com and LAH shopping cart Customer id: 140151457 

2011-06-21 16:50:58 DEBUG --- !map:HashWithIndifferentAccess 
<NewOrder><Token>87a3c549783e42f58deed01e20c82a34</Token></NewOrder>: 
action: index
method: :post
controller: lah_shopping_cart

2011-06-21 16:51:03 INFO  something went wrong 

2011-06-21 16:51:03 INFO  Error 1 : (Errno::ECONNREFUSED) "Connection refused - Unable to connect to Redis on localhost:6379" 
2011-06-21 16:51:03 INFO  ============================= 

2011-06-21 16:53:15 DEBUG --- !map:HashWithIndifferentAccess 
<NewOrder><Token>87a3c549783e42f58deed01e20c82a34</Token></NewOrder>: 
action: index
method: :post
controller: lah_shopping_cart

2011-06-21 16:53:27 INFO  =============User Successfuly Created In REIM================ 

2011-06-21 16:53:27 INFO email= rajivkapil12@mailinator.com and LAH shopping cart Customer id: 140151457 

2011-06-21 16:55:32 DEBUG --- !map:HashWithIndifferentAccess 
<NewOrder><Token>bc0e889c245342c895935510fa0862ac</Token></NewOrder>: 
action: index
method: :post
controller: lah_shopping_cart

2011-06-21 16:56:07 INFO  =============User Successfuly Created In REIM================ 

2011-06-21 16:56:07 INFO email= t12est@mailinator.com and LAH shopping cart Customer id: 140355663 

2011-06-28 15:25:27 DEBUG --- !map:HashWithIndifferentAccess 
<NewOrder><Token>87a3c549783e42f58deed01e20c82a34</Token></NewOrder>: 
action: index
method: :post
controller: lah_shopping_cart

2011-06-28 15:25:32 INFO  something went wrong 

2011-06-28 15:25:32 INFO  Error 1 : (Errno::ECONNREFUSED) "Connection refused - Unable to connect to Redis on localhost:6379" 
2011-06-28 15:25:32 INFO  ============================= 

2011-07-04 18:26:37 DEBUG --- !map:HashWithIndifferentAccess 
<NewOrder><Token>87a3c549783e42f58deed01e20c82a34</Token></NewOrder>: 
action: index
method: :post
controller: lah_shopping_cart

2011-07-04 18:26:43 INFO  something went wrong 

2011-07-04 18:26:43 INFO  Error 1 : (ActiveRecord::StatementInvalid) "Mysql::Error: Duplicate entry 'rajivkapil12@mailinator.com' for key 'index_users_on_login': INSERT INTO `users` (`salt`, `last_login_at`, `customer_record`, `updated_at`, `activated_at`, `digest_frequency`, `crypted_password`, `security_token_expiry`, `preferred_digest_format`, `add_user_comment`, `direct_message_frequency`, `about_me`, `business_phone`, `remember_token_expires_at`, `activation_code`, `security_token`, `user_class_id`, `id`, `previous_login_at`, `admin_flag`, `investor_focus`, `activity_score`, `home_phone`, `remember_token`, `license_number`, `first_name`, `is_infusionsoft`, `number_of_territory`, `investing_since`, `auto_syndication`, `login`, `last_name`, `email`, `mobile_phone`, `created_at`, `user_status`, `real_estate_experience`) VALUES('426c250b5b525bd5b2121677137b97635e11f89c', NULL, NULL, '2011-07-04 12:56:43', NULL, 'D', '40213e2d67c8521c7e669016a569d5c3f339129f', NULL, 'html', NULL, 'I', NULL, NULL, NULL, '01ef96972978504571320fb2d3cfe51666254f11', NULL, 3, '1111ffc2-a63d-11e0-a3fc-002618c30c0a', NULL, 0, NULL, 0.0, NULL, NULL, NULL, 'Rajiv', 0, NULL, NULL, 1, 'rajivkapil12@mailinator.com', 'Test', 'rajivkapil12@mailinator.com', NULL, '2011-07-04 12:56:43', NULL, NULL)" 
2011-07-04 18:26:43 INFO  ============================= 

2011-07-04 18:27:44 DEBUG --- !map:HashWithIndifferentAccess 
<NewOrder><Token>87a3c549783e42f58deed01e20c82a34</Token></NewOrder>: 
action: index
method: :post
controller: lah_shopping_cart

2011-07-04 18:27:54 INFO ========Duplicate User Found========
 email:- rajivkapil1234@mailinator.com and LAH shopping cart Customer id:- 140151457, Product ID:- 119147 

2011-07-04 18:30:02 DEBUG --- !map:HashWithIndifferentAccess 
<NewOrder><Token>87a3c549783e42f58deed01e20c82a34</Token></NewOrder>: 
action: index
method: :post
controller: lah_shopping_cart

2011-07-04 18:30:20 INFO  =============User Successfuly Created In REIM================ 

2011-07-04 18:30:20 INFO email= rajivkapil12@mailinator.com and LAH shopping cart Customer id: 140151457 

2011-07-04 18:32:15 DEBUG --- !map:HashWithIndifferentAccess 
<NewOrder><Token>87a3c549783e42f58deed01e20c82a34</Token></NewOrder>: 
action: index
method: :post
controller: lah_shopping_cart

2011-07-04 18:32:21 INFO ========Duplicate User Found========
 email:- rajivkapil12@mailinator.com and LAH shopping cart Customer id:- 140151457, Product ID:- 119147 

2011-07-12 13:41:36 DEBUG --- !map:HashWithIndifferentAccess 
action: index
<NewOrder><Token>6eb6da489acb4b9f9af6420771106261</Token></NewOrder>: 
method: :post
controller: lah_shopping_cart

2011-07-12 14:04:28 DEBUG --- !map:HashWithIndifferentAccess 
action: index
<NewOrder><Token>6eb6da489acb4b9f9af6420771106261</Token></NewOrder>: 
method: :post
controller: lah_shopping_cart

2011-07-12 14:05:03 DEBUG --- !map:HashWithIndifferentAccess 
action: index
method: :post
controller: lah_shopping_cart
<NewOrder><Token>1b903aeaecc543749407aeb9d12610c7</Token></NewOrder>: 

2011-07-12 14:22:10 DEBUG --- !map:HashWithIndifferentAccess 
action: index
method: :post
controller: lah_shopping_cart
<NewOrder><Token>64afb61497d148c2a1a6825f8e196954</Token></NewOrder>: 

2011-07-12 14:23:03 DEBUG --- !map:HashWithIndifferentAccess 
action: index
method: :post
controller: lah_shopping_cart
<NewOrder><Token>c0601a5f9f8c4d548bbf36c3ee4422e2</Token></NewOrder>: 

2011-07-12 14:24:10 DEBUG --- !map:HashWithIndifferentAccess 
<NewOrder><Token>a94b664d5f574c04821e10e892e68a29</Token></NewOrder>: 
action: index
method: :post
controller: lah_shopping_cart

2011-07-12 14:25:13 DEBUG --- !map:HashWithIndifferentAccess 
action: index
method: :post
controller: lah_shopping_cart
<NewOrder><Token>d7eb56b2b82c47eab46f67e8a32f1d72</Token></NewOrder>: 

2011-07-12 14:58:27 DEBUG --- !map:HashWithIndifferentAccess 
<NewOrder><Token>87a3c549783e42f58deed01e20c82a34</Token></NewOrder>: 
action: index
method: :post
controller: lah_shopping_cart

2011-07-12 14:59:00 INFO ========Duplicate User Found========
 email:- rajivkapil12@mailinator.com and LAH shopping cart Customer id:- 140151457, Product ID:- 119147 

2011-07-13 19:07:54 DEBUG --- !map:HashWithIndifferentAccess 
action: index
method: :post
<NewOrder><Token>39f15e453bde4fddaf36f67b7c8c90fc</Token></NewOrder>: 
controller: lah_shopping_cart

2011-07-29 19:52:02 DEBUG --- !map:HashWithIndifferentAccess 
<NewOrder><Token>87a3c549783e42f58deed01e20c82a34</Token></NewOrder>: 
action: index
method: :post
controller: lah_shopping_cart

2011-07-29 19:52:45 INFO  =============User Successfuly Created In REIM================ 

2011-07-29 19:52:47 INFO email= rajivkapil12@mailinator.com and LAH shopping cart Customer id: 140151457 

2011-08-12 13:48:10 DEBUG --- !map:HashWithIndifferentAccess 
<NewOrder><Token>87a3c549783e42f58deed01e20c82a34</Token></NewOrder>: 
action: index
method: :post
controller: lah_shopping_cart

2011-08-12 13:48:16 INFO  =============User Successfuly Created In REIM================ 

2011-08-12 13:48:16 INFO email= rajivkapil12@mailinator.com and LAH shopping cart Customer id: 140151457 

2011-08-12 13:48:50 DEBUG --- !map:HashWithIndifferentAccess 
<NewOrder><Token>87a3c549783e42f58deed01e20c82a34</Token></NewOrder>: 
action: index
method: :post
controller: lah_shopping_cart

2011-08-12 13:48:56 INFO ========Duplicate User Found========
 email:- rajivkapil12@mailinator.com and LAH shopping cart Customer id:- 140151457, Product ID:- 119147 

2011-08-17 18:30:37 DEBUG --- !map:HashWithIndifferentAccess 
action: index
method: :post
controller: lah_shopping_cart

2011-08-17 18:30:38 INFO  something went wrong 

2011-08-17 18:30:38 INFO  Error 1 : (SocketError) "getaddrinfo: Name or service not known" 
2011-08-17 18:30:38 INFO  ============================= 

2011-08-17 18:34:31 DEBUG --- !map:HashWithIndifferentAccess 
action: index
method: :post
controller: lah_shopping_cart

2011-09-07 17:57:46 DEBUG --- !map:HashWithIndifferentAccess 
<NewOrder><Token>87a3c549783e42f58deed01e20c82a34</Token></NewOrder>: 
action: index
method: :post
controller: lah_shopping_cart

2011-09-07 17:57:52 INFO  =============User Successfuly Created In REIM================ 

2011-09-07 17:57:52 INFO email= rajivkapil12@mailinator.com and LAH shopping cart Customer id: 140151457 

2011-09-08 11:06:01 DEBUG --- !map:HashWithIndifferentAccess 
action: index
method: :post
<NewOrder><Token>b080733210ad4afcbc017549c3b31037</Token></NewOrder>: 
controller: lah_shopping_cart

2011-09-08 11:07:00 INFO  =============User Successfuly Created In REIM================ 

2011-09-08 11:07:23 INFO email= revolutiontest2@mailinator.com and LAH shopping cart Customer id: 141338571 

2011-09-08 12:42:35 DEBUG --- !map:HashWithIndifferentAccess 
<NewOrder><Token>cca081a6096a47f8b174bf69812ab946</Token></NewOrder>: 
action: index
method: :post
controller: lah_shopping_cart

2011-09-12 18:05:33 DEBUG --- !map:HashWithIndifferentAccess 
<NewOrder><Token>87a3c549783e42f58deed01e20c82a34</Token></NewOrder>: 
action: index
method: :post
controller: lah_shopping_cart

2011-09-12 18:05:41 INFO ========Duplicate User Found========
 email:- rajivkapil12@mailinator.com and LAH shopping cart Customer id:- 140151457, Product ID:- 119147 

2011-09-12 18:07:15 DEBUG --- !map:HashWithIndifferentAccess 
<NewOrder><Token>87a3c549783e42f58deed01e20c82a34</Token></NewOrder>: 
action: index
method: :post
controller: lah_shopping_cart

2011-09-12 18:07:27 INFO ========User purchase other then configured products ========
 email:- rajivkapil12@mailinator.com and LAH shopping cart Customer id:- 140151457, Product ID:- 119147 

2011-09-12 18:11:14 DEBUG --- !map:HashWithIndifferentAccess 
<NewOrder><Token>cca081a6096a47f8b174bf69812ab946</Token></NewOrder>: 
action: index
method: :post
controller: lah_shopping_cart

2011-09-12 18:11:25 INFO  something went wrong 

2011-09-12 18:11:25 INFO  Error 1 : (RuntimeError) "Called id for nil, which would mistakenly be 4 -- if you really wanted the id of nil, use object_id" 
2011-09-12 18:11:25 INFO  ============================= 

2011-09-12 18:13:57 DEBUG --- !map:HashWithIndifferentAccess 
<NewOrder><Token>cca081a6096a47f8b174bf69812ab946</Token></NewOrder>: 
action: index
method: :post
controller: lah_shopping_cart

2011-09-12 18:14:07 INFO  something went wrong 

2011-09-12 18:14:07 INFO  Error 1 : (RuntimeError) "Called id for nil, which would mistakenly be 4 -- if you really wanted the id of nil, use object_id" 
2011-09-12 18:14:07 INFO  ============================= 

2011-09-12 18:14:40 DEBUG --- !map:HashWithIndifferentAccess 
<NewOrder><Token>cca081a6096a47f8b174bf69812ab946</Token></NewOrder>: 
action: index
method: :post
controller: lah_shopping_cart

2011-09-12 18:20:42 INFO  something went wrong 

2011-09-12 18:20:42 INFO  Error 1 : (RuntimeError) "Called id for nil, which would mistakenly be 4 -- if you really wanted the id of nil, use object_id" 
2011-09-12 18:20:42 INFO  ============================= 

2011-09-12 18:20:49 DEBUG --- !map:HashWithIndifferentAccess 
<NewOrder><Token>cca081a6096a47f8b174bf69812ab946</Token></NewOrder>: 
action: index
method: :post
controller: lah_shopping_cart

2011-09-12 18:21:42 INFO  =============User Successfuly Created In REIM================ 

2011-09-12 18:21:42 INFO email= revolutiontest234@mailinator.com and LAH shopping cart Customer id: 141338571 

2011-09-12 18:22:51 DEBUG --- !map:HashWithIndifferentAccess 
<NewOrder><Token>cca081a6096a47f8b174bf69812ab946</Token></NewOrder>: 
action: index
method: :post
controller: lah_shopping_cart

2011-09-12 18:23:14 INFO ========User Purchased Gold Upsell========
 email:- revolutiontest234@mailinator.com and LAH Customer Id:- 141338571

2011-09-12 18:29:51 DEBUG --- !map:HashWithIndifferentAccess 
action: index
method: :post
<NewOrder><Token>b080733210ad4afcbc017549c3b31037</Token></NewOrder>: 
controller: lah_shopping_cart

2011-09-12 18:30:11 INFO  =============User Successfuly Created In REIM================ 

2011-09-12 18:30:11 INFO email= revolutiontest2345@mailinator.com, product_id:- 8571799 and LAH shopping cart Customer id: 141338571 

2011-09-13 12:39:59 DEBUG --- !map:HashWithIndifferentAccess 
action: index
method: :post
"<NewOrder><Token>b080733210ad4afcbc017549c3b31037</Token></NewOrder>:": 
controller: lah_shopping_cart

2011-09-13 12:40:26 INFO  =============User Successfuly Created In REIM================ 

2011-09-13 12:40:26 INFO email= revolutiontest@mailinator.com, product_id:- 8571799 and LAH shopping cart Customer id: 141338571 

2011-09-13 12:41:54 DEBUG --- !map:HashWithIndifferentAccess 
action: index
method: :post
"<NewOrder><Token>b080733210ad4afcbc017549c3b31037</Token></NewOrder>:": 
controller: lah_shopping_cart

2011-09-13 12:42:28 INFO ========User purchase other than configured products ========
 email:- revolutiontest@mailinator.com and LAH shopping cart Customer id:- 141338571, Product ID:- 8571799 

2011-09-13 12:43:22 DEBUG --- !map:HashWithIndifferentAccess 
<NewOrder><Token>cca081a6096a47f8b174bf69812ab946</Token></NewOrder>: 
action: index
method: :post
controller: lah_shopping_cart

2011-09-13 12:43:53 INFO ========User Updated Successfully========
 email:- revolutiontest@mailinator.com, product_id:- 7914489 and LAH Customer Id:- 141338571

2011-09-13 14:55:54 DEBUG --- !map:HashWithIndifferentAccess 
action: index
method: :post
<NewOrder><Token>b080733210ad4afcbc017549c3b31037</Token></NewOrder>: 
controller: lah_shopping_cart

2011-09-13 14:57:54 INFO  something went wrong 

2011-09-13 14:58:12 DEBUG --- !map:HashWithIndifferentAccess 
action: index
method: :post
<NewOrder><Token>b080733210ad4afcbc017549c3b31037</Token></NewOrder>: 
controller: lah_shopping_cart

2011-09-13 14:58:21 INFO  =============User Successfuly Created In REIM================ 

2011-09-13 14:58:21 INFO email= producttest@mailinator.com, product_id:- 8571799 and LAH shopping cart Customer id: 141338571 

2011-09-13 15:00:13 DEBUG --- !map:HashWithIndifferentAccess 
action: index
method: :post
<NewOrder><Token>b080733210ad4afcbc017549c3b31037</Token></NewOrder>: 
controller: lah_shopping_cart

2011-09-13 15:00:22 INFO ========User Updated Successfully========
 email:- producttest@mailinator.com, product_id:- 8571799 and LAH Customer Id:- 141338571

2011-09-13 15:01:04 DEBUG --- !map:HashWithIndifferentAccess 
action: index
method: :post
<NewOrder><Token>b080733210ad4afcbc017549c3b31037</Token></NewOrder>: 
controller: lah_shopping_cart

2011-09-13 15:01:13 INFO ========User Updated Successfully========
 email:- producttest@mailinator.com, product_id:- 8571799 and LAH Customer Id:- 141338571

2011-09-20 12:15:15 DEBUG --- !map:HashWithIndifferentAccess 
<NewOrder><Token>87a3c549783e42f58deed01e20c82a34</Token></NewOrder>: 
action: index
method: :post
controller: lah_shopping_cart

2011-09-20 12:15:21 ERROR ========User Can't be Created========
 email:- rajivkapil12@mailinator.com  and LAH shopping cart Customer id:- 140151457, product_id:- 119147 

2011-09-20 12:16:04 DEBUG --- !map:HashWithIndifferentAccess 
<NewOrder><Token>cca081a6096a47f8b174bf69812ab946</Token></NewOrder>: 
action: index
method: :post
controller: lah_shopping_cart

2011-09-20 12:16:10 INFO  =============User Successfuly Created In REIM================ 

2011-09-20 12:16:10 INFO email= Rajiv1098@mailinator.com, product_id:- 7914489 and LAH shopping cart Customer id: 141338571 

2011-09-20 17:03:29 DEBUG --- !map:HashWithIndifferentAccess 
<NewOrder><Token>cca081a6096a47f8b174bf69812ab946</Token></NewOrder>: 
action: index
method: :post
controller: lah_shopping_cart

2011-09-20 17:03:35 INFO  something went wrong 

2011-09-20 17:03:35 INFO  Error 1 : (NoMethodError) "undefined method `sdasda' for #<LahShoppingCartController:0xb6920b60>" 
2011-09-20 17:03:35 INFO  ============================= 

2011-09-20 17:06:00 DEBUG --- !map:HashWithIndifferentAccess 
<NewOrder><Token>cca081a6096a47f8b174bf69812ab946</Token></NewOrder>: 
action: index
method: :post
controller: lah_shopping_cart

2011-09-20 17:06:06 INFO  something went wrong 

2011-09-20 17:06:06 INFO  Error 1 : (NameError) "undefined local variable or method `lah_shopping_cart_logger' for #<LahShoppingCartController:0xb6a2fc54>" 
2011-09-20 17:06:06 INFO  ============================= 

2011-09-20 17:20:22 DEBUG --- !map:HashWithIndifferentAccess 
<NewOrder><Token>cca081a6096a47f8b174bf69812ab946</Token></NewOrder>: 
action: index
method: :post
controller: lah_shopping_cart

2011-09-20 17:20:28 INFO  something went wrong 

2011-09-20 17:20:28 INFO  Error 1 : (NoMethodError) "undefined method `sdasda' for #<LahShoppingCartController:0xb68ded3c>" 
2011-09-20 17:20:28 INFO  ============================= 

2011-09-20 17:20:28 INFO  something went wrong 

2011-09-20 17:20:28 INFO  Error 1 : (ActionView::TemplateError) "`@<NewOrder><Token>cca081a6096a47f8b174bf69812ab946</Token></NewOrder>' is not allowed as an instance variable name" 
2011-09-20 17:20:28 INFO  ============================= 

2011-11-03 12:18:21 DEBUG --- !map:HashWithIndifferentAccess 
action: index
method: :post
controller: lah_shopping_cart

2011-11-03 12:18:22 ERROR ========Incorrect Params========

2011-11-17 19:10:51 DEBUG --- !map:HashWithIndifferentAccess 
action: index
method: :post
controller: lah_shopping_cart
<NewOrder><Token>2c2de62d82bd44bba98c7b611c9e8893</Token></NewOrder>: 

2011-11-17 19:12:57 INFO  something went wrong 

2011-11-17 19:13:22 INFO  Error 1 : (Errno::ECONNREFUSED) "Connection refused - Unable to connect to Redis on localhost:6379" 
2011-11-17 19:13:22 INFO  ============================= 

2011-11-17 19:14:29 DEBUG --- !map:HashWithIndifferentAccess 
action: index
method: :post
controller: lah_shopping_cart
<NewOrder><Token>2c2de62d82bd44bba98c7b611c9e8893</Token></NewOrder>: 

2011-11-17 19:15:21 INFO  =============User Successfuly Created In REIM================ 

2011-11-17 19:15:21 INFO email= user_transaction123@mailinator.com, product_id:- 7876355 and LAH shopping cart Customer id: 142242564 

2011-11-24 12:53:17 DEBUG --- !map:HashWithIndifferentAccess 
action: index
method: :post
controller: lah_shopping_cart
"<NewOrder><Token>2c2de62d82bd44bba98c7b611c9e8893</Token></NewOrder>:": 

2011-11-24 12:53:24 INFO  =============User Successfuly Created In REIM================ 

2011-11-24 12:53:24 INFO email= 123456test123@mailinator.com, product_id:- 7876355 and LAH shopping cart Customer id: 142242564 

2011-12-13 17:23:51 DEBUG --- !map:HashWithIndifferentAccess 
action: index
method: :post
<NewOrder><Token>0eeab6eff55c4a39ba69284ac05e09f5</Token></NewOrder>: 
controller: lah_shopping_cart

2011-12-13 17:33:34 INFO ========User Updated Successfully========
 email:- rajiv224@mailinator.com, product_id:- 8571801 and LAH Customer Id:- 140780941

2011-12-21 14:01:39 DEBUG --- !map:HashWithIndifferentAccess 
action: index
method: :post
<NewOrder><Token>5ab2ce8bce0a4a8eb5f4ff761b04514b</Token></NewOrder>\: 
controller: lah_shopping_cart

2011-12-21 14:02:49 INFO  =============User Successfuly Created In REIM================ 

2011-12-21 14:02:52 INFO email= rajivtestsestestestwe@mailinator.com, product_id:- 8582608 and LAH shopping cart Customer id: 142720946 

2012-01-03 13:12:07 DEBUG --- !map:HashWithIndifferentAccess 
action: index
method: :post
controller: lah_shopping_cart
<NewOrder><Token>ffbf691ed19c4491947b6a318a46aeb4</Token></NewOrder>: 

2012-01-03 13:12:40 INFO  something went wrong 

2012-01-03 13:12:40 INFO  Error 1 : (Errno::ECONNREFUSED) "Connection refused - Unable to connect to Redis on localhost:6379" 
2012-01-03 13:12:40 INFO  ============================= 

2012-01-03 13:13:51 DEBUG --- !map:HashWithIndifferentAccess 
action: index
method: :post
controller: lah_shopping_cart
<NewOrder><Token>ffbf691ed19c4491947b6a318a46aeb4</Token></NewOrder>: 

2012-01-03 13:14:07 INFO  =============User Successfuly Created In REIM================ 

2012-01-03 13:14:07 INFO email= ticket1557@mailinator.com, product_id:- 8571799 and LAH shopping cart Customer id: 140177945 

2012-01-05 13:11:23 DEBUG --- !map:HashWithIndifferentAccess 
action: index
method: :post
controller: lah_shopping_cart
<NewOrder><Token>ffbf691ed19c4491947b6a318a46aeb4</Token></NewOrder>: 

2012-01-05 13:11:47 INFO  =============User Successfuly Created In REIM================ 

2012-01-05 13:11:47 INFO email= test1561@mailinator.com, product_id:- 8571799 and LAH shopping cart Customer id: 140177945 

2012-01-30 16:35:14 DEBUG --- !map:HashWithIndifferentAccess 
action: index
method: :post
controller: lah_shopping_cart
<NewOrder><Token>ffbf691ed19c4491947b6a318a46aeb4</Token></NewOrder>: 

2012-01-30 16:35:39 INFO  =============User Successfuly Created In REIM================ 

2012-01-30 16:35:39 INFO email= akataria@systematixtechnocrates.com, product_id:- 8571799 and LAH shopping cart Customer id: 140177945 

2012-01-30 16:37:34 DEBUG --- !map:HashWithIndifferentAccess 
action: index
method: :post
controller: lah_shopping_cart
<NewOrder><Token>ffbf691ed19c4491947b6a318a46aeb4</Token></NewOrder>: 

2012-01-30 16:39:01 INFO  =============User Successfuly Created In REIM================ 

2012-01-30 16:39:01 INFO email= akataria@systematixtechnocrates.com, product_id:- 8571799 and LAH shopping cart Customer id: 140177945 

2012-01-30 16:40:20 DEBUG --- !map:HashWithIndifferentAccess 
action: index
method: :post
controller: lah_shopping_cart
<NewOrder><Token>ffbf691ed19c4491947b6a318a46aeb4</Token></NewOrder>: 

2012-01-30 16:40:52 INFO  =============User Successfuly Created In REIM================ 

2012-01-30 16:40:52 INFO email= akataria@systematixtechnocrates.com, product_id:- 8571799 and LAH shopping cart Customer id: 140177945 

2012-01-30 16:42:56 DEBUG --- !map:HashWithIndifferentAccess 
action: index
method: :post
controller: lah_shopping_cart
<NewOrder><Token>ffbf691ed19c4491947b6a318a46aeb4</Token></NewOrder>: 

2012-01-30 16:43:00 INFO ========User Updated Successfully========
 email:- akataria@systematixtechnocrates.com, product_id:- 8571799 and LAH Customer Id:- 140177945

2012-01-30 16:44:21 DEBUG --- !map:HashWithIndifferentAccess 
action: index
method: :post
controller: lah_shopping_cart
<NewOrder><Token>ffbf691ed19c4491947b6a318a46aeb4</Token></NewOrder>: 

2012-01-30 16:44:43 INFO  =============User Successfuly Created In REIM================ 

2012-01-30 16:44:43 INFO email= akataria@systematixtechnocrates.com, product_id:- 8571799 and LAH shopping cart Customer id: 140177945 

2012-01-30 16:46:59 DEBUG --- !map:HashWithIndifferentAccess 
action: index
method: :post
controller: lah_shopping_cart
<NewOrder><Token>ffbf691ed19c4491947b6a318a46aeb4</Token></NewOrder>: 

2012-01-30 16:47:07 INFO ========User Updated Successfully========
 email:- akataria@systematixtechnocrates.com, product_id:- 8571799 and LAH Customer Id:- 140177945

2012-01-30 16:52:46 DEBUG --- !map:HashWithIndifferentAccess 
action: index
method: :post
controller: lah_shopping_cart
<NewOrder><Token>ffbf691ed19c4491947b6a318a46aeb4</Token></NewOrder>: 

2012-01-30 16:52:56 INFO ========User Updated Successfully========
 email:- akataria@systematixtechnocrates.com, product_id:- 8571799 and LAH Customer Id:- 140177945

2012-01-30 16:58:29 DEBUG --- !map:HashWithIndifferentAccess 
action: index
method: :post
controller: lah_shopping_cart
<NewOrder><Token>ffbf691ed19c4491947b6a318a46aeb4</Token></NewOrder>: 

2012-01-30 16:58:38 INFO ========User Updated Successfully========
 email:- akataria@systematixtechnocrates.com, product_id:- 8571799 and LAH Customer Id:- 140177945

2012-01-31 13:13:58 DEBUG --- !map:HashWithIndifferentAccess 
action: index
method: :post
"<NewOrder><Token>ffbf691ed19c4491947b6a318a46aeb4</Token></NewOrder>:": 
controller: lah_shopping_cart

2012-01-31 13:14:07 INFO  =============User Successfuly Created In REIM================ 

2012-01-31 13:14:07 INFO email= akataria@systematixtechnocrates.com, product_id:- 8571799 and LAH shopping cart Customer id: 140177945 

2012-01-31 13:15:38 DEBUG --- !map:HashWithIndifferentAccess 
action: index
method: :post
"<NewOrder><Token>ffbf691ed19c4491947b6a318a46aeb4</Token></NewOrder>:": 
controller: lah_shopping_cart

2012-01-31 13:15:44 INFO ========User Updated Successfully========
 email:- akataria@systematixtechnocrates.com, product_id:- 8571799 and LAH Customer Id:- 140177945

2012-01-31 13:18:27 DEBUG --- !map:HashWithIndifferentAccess 
action: index
method: :post
"<NewOrder><Token>ffbf691ed19c4491947b6a318a46aeb4</Token></NewOrder>:": 
controller: lah_shopping_cart

2012-01-31 13:18:42 INFO ========User Updated Successfully========
 email:- akataria@systematixtechnocrates.com, product_id:- 8571799 and LAH Customer Id:- 140177945

2012-02-07 19:59:46 DEBUG --- !map:HashWithIndifferentAccess 
action: index
method: :post
controller: lah_shopping_cart
<NewOrder><Token>ffbf691ed19c4491947b6a318a46aeb4</Token></NewOrder>: 

2012-02-07 20:00:05 INFO ========User Updated Successfully========
 email:- rajiv224@mailinator.com, product_id:- 8571799 and LAH Customer Id:- 140177945

2012-02-07 20:00:50 DEBUG --- !map:HashWithIndifferentAccess 
action: index
method: :post
controller: lah_shopping_cart
<NewOrder><Token>ffbf691ed19c4491947b6a318a46aeb4</Token></NewOrder>: 

2012-02-07 20:01:00 INFO ========User Updated Successfully========
 email:- rajiv224@mailinator.com, product_id:- 8571799 and LAH Customer Id:- 140177945

2012-02-07 20:02:10 DEBUG --- !map:HashWithIndifferentAccess 
action: index
method: :post
controller: lah_shopping_cart
<NewOrder><Token>ffbf691ed19c4491947b6a318a46aeb4</Token></NewOrder>: 

2012-02-07 20:02:16 INFO ========User Updated Successfully========
 email:- rajiv224@mailinator.com, product_id:- 8571799 and LAH Customer Id:- 140177945

2012-02-07 20:06:15 DEBUG --- !map:HashWithIndifferentAccess 
action: index
method: :post
controller: lah_shopping_cart
<NewOrder><Token>ffbf691ed19c4491947b6a318a46aeb4</Token></NewOrder>: 

2012-02-07 20:06:24 INFO ========User Updated Successfully========
 email:- rajiv224@mailinator.com, product_id:- 8571799 and LAH Customer Id:- 140177945

2012-02-17 18:17:04 DEBUG --- !map:HashWithIndifferentAccess 
action: index
method: :post
controller: lah_shopping_cart
<NewOrder>190942110<Token></Token></NewOrder>: 

2012-02-17 18:17:07 ERROR ========Not a valid token_id========

2012-02-28 12:16:07 DEBUG --- !map:HashWithIndifferentAccess 
<NewOrder><Token>f72132b03fe343cdab373130ec153edc</Token></NewOrder>: 
action: index
method: :post
controller: lah_shopping_cart

2012-02-28 12:16:23 ERROR ========User Can't be Created========
 email:- 8978626@bizampbeta.com  and LAH shopping cart Customer id:- 143624890, product_id:- 121763 

2012-02-28 13:10:36 DEBUG --- !map:HashWithIndifferentAccess 
action: index
method: :post
controller: lah_shopping_cart
<NewOrder><Token>ffbf691ed19c4491947b6a318a46aeb4</Token></NewOrder>: 

2012-02-28 13:13:14 INFO  =============User Successfuly Created In REIM================ 

2012-02-28 13:13:14 INFO email= ticket1761test@mailinator.com, product_id:- 8571799 and LAH shopping cart Customer id: 140177945 

2012-02-28 14:28:16 DEBUG --- !map:HashWithIndifferentAccess 
action: index
method: :post
controller: lah_shopping_cart
<NewOrder><Token>ffbf691ed19c4491947b6a318a46aeb4</Token></NewOrder>: 

2012-02-28 14:28:42 INFO ========User Updated Successfully========
 email:- ra212@mailinator.com, product_id:- 8571799 and LAH Customer Id:- 140177945

2012-02-28 14:31:21 DEBUG --- !map:HashWithIndifferentAccess 
action: index
method: :post
controller: lah_shopping_cart
<NewOrder><Token>ffbf691ed19c4491947b6a318a46aeb4</Token></NewOrder>: 

2012-02-28 14:32:10 INFO  =============User Successfuly Created In REIM================ 

2012-02-28 14:32:10 INFO email= jayfocht@gmail.com, product_id:- 8571799 and LAH shopping cart Customer id: 140177945 

2012-02-28 14:32:34 DEBUG --- !map:HashWithIndifferentAccess 
action: index
method: :post
controller: lah_shopping_cart
<NewOrder><Token>ffbf691ed19c4491947b6a318a46aeb4</Token></NewOrder>: 

2012-02-28 14:32:55 INFO ========User Updated Successfully========
 email:- rajiv@mailinator.com, product_id:- 8571799 and LAH Customer Id:- 140177945

2012-02-28 14:35:35 DEBUG --- !map:HashWithIndifferentAccess 
action: index
method: :post
controller: lah_shopping_cart
<NewOrder><Token>ffbf691ed19c4491947b6a318a46aeb4</Token></NewOrder>: 

2012-02-28 14:35:53 INFO ========User Updated Successfully========
 email:- rajiv@mailinator.com, product_id:- 8571799 and LAH Customer Id:- 140177945

2012-02-28 14:38:57 DEBUG --- !map:HashWithIndifferentAccess 
action: index
method: :post
controller: lah_shopping_cart
<NewOrder><Token>ffbf691ed19c4491947b6a318a46aeb4</Token></NewOrder>: 

2012-02-28 14:39:21 INFO ========User Updated Successfully========
 email:- akataria@systematixtechnocrates.com, product_id:- 8571799 and LAH Customer Id:- 140177945

2012-02-28 14:42:15 DEBUG --- !map:HashWithIndifferentAccess 
action: index
method: :post
controller: lah_shopping_cart
<NewOrder><Token>ffbf691ed19c4491947b6a318a46aeb4</Token></NewOrder>: 

2012-02-28 14:43:17 DEBUG --- !map:HashWithIndifferentAccess 
action: index
method: :post
controller: lah_shopping_cart
<NewOrder><Token>ffbf691ed19c4491947b6a318a46aeb4</Token></NewOrder>: 

2012-02-28 14:43:38 INFO ========User Updated Successfully========
 email:- tic1761test@mailinator.com, product_id:- 8571799 and LAH Customer Id:- 140177945

2012-02-28 14:46:28 DEBUG --- !map:HashWithIndifferentAccess 
action: index
method: :post
controller: lah_shopping_cart
<NewOrder><Token>ffbf691ed19c4491947b6a318a46aeb4</Token></NewOrder>: 

2012-02-28 14:46:38 INFO ========User Updated Successfully========
 email:- tic1761test@mailinator.com, product_id:- 8571799 and LAH Customer Id:- 140177945

2012-02-28 14:55:40 DEBUG --- !map:HashWithIndifferentAccess 
action: index
method: :post
controller: lah_shopping_cart
<NewOrder><Token>ffbf691ed19c4491947b6a318a46aeb4</Token></NewOrder>: 

2012-02-28 14:55:59 INFO ========User Updated Successfully========
 email:- tic1761test@mailinator.com, product_id:- 8571799 and LAH Customer Id:- 140177945

2012-02-28 14:57:20 DEBUG --- !map:HashWithIndifferentAccess 
action: index
method: :post
controller: lah_shopping_cart
<NewOrder><Token>ffbf691ed19c4491947b6a318a46aeb4</Token></NewOrder>: 

2012-02-28 14:57:58 INFO ========User Updated Successfully========
 email:- tic1761test@mailinator.com, product_id:- 8571799 and LAH Customer Id:- 140177945

2012-02-28 18:03:57 DEBUG --- !map:HashWithIndifferentAccess 
action: index
method: :post
controller: lah_shopping_cart
<NewOrder><Token>ffbf691ed19c4491947b6a318a46aeb4</Token></NewOrder>: 

2012-02-28 18:04:13 INFO ========User Updated Successfully========
 email:- rajiv224@mailinator.com, product_id:- 8571799 and LAH Customer Id:- 140177945

2012-02-28 18:05:49 DEBUG --- !map:HashWithIndifferentAccess 
action: index
method: :post
controller: lah_shopping_cart
<NewOrder><Token>ffbf691ed19c4491947b6a318a46aeb4</Token></NewOrder>: 

2012-02-28 18:07:03 DEBUG --- !map:HashWithIndifferentAccess 
action: index
method: :post
controller: lah_shopping_cart
<NewOrder><Token>ffbf691ed19c4491947b6a318a46aeb4</Token></NewOrder>: 

2012-02-28 18:07:12 INFO  =============User Successfuly Created In REIM================ 

2012-02-28 18:07:12 INFO email= rajiv223232324@mailinator.com, product_id:- 8571799 and LAH shopping cart Customer id: 140177945 

