# Logfile created on Fri Feb 11 19:14:07 +0530 2011 by logger.rb/22283
 before update === notification_phone : (  ) , retail buyer phone : ( 89 ) 
 After update === notification_phone : ( 89 ) , retail buyer phone : ( 89 ) 
 /// *********************************/////////////////
 before update === notification_phone : (  ) , retail buyer phone : ( 89 ) 
 After update === notification_phone : ( 89 ) , retail buyer phone : ( 89 ) 
 /// *********************************/////////////////
 before update === notification_phone : (  ) , retail buyer phone : ( 123456 ) 
 After update === notification_phone : ( 123456 ) , retail buyer phone : ( 123456 ) 
 /// *********************************/////////////////
 before update === notification_phone : (  ) , retail buyer phone : ( 123456 ) 
 After update === notification_phone : ( 123456 ) , retail buyer phone : ( 123456 ) 
 /// *********************************/////////////////
 before update === notification_phone : (  ) , retail buyer phone : ( 2 ) 
 After update === notification_phone : ( 2 ) , retail buyer phone : ( 2 ) 
 /// *********************************/////////////////
 before update === notification_phone : (  ) , retail buyer phone : ( 2 ) 
 After update === notification_phone : ( 2 ) , retail buyer phone : ( 2 ) 
 /// *********************************/////////////////
 before update === notification_phone : (  ) , retail buyer phone : ( 2 ) 
 After update === notification_phone : ( 2 ) , retail buyer phone : ( 2 ) 
 /// *********************************/////////////////
 before update === notification_phone : (  ) , retail buyer phone : ( 56 ) 
 After update === notification_phone : ( 56 ) , retail buyer phone : ( 56 ) 
 /// *********************************/////////////////
 before update === notification_phone : (  ) , retail buyer phone : ( 12312312 ) 
 After update === notification_phone : ( 12312312 ) , retail buyer phone : ( 12312312 ) 
 /// *********************************/////////////////
 before update === notification_phone : (  ) , retail buyer phone : ( 12312312 ) 
 After update === notification_phone : ( 12312312 ) , retail buyer phone : ( 12312312 ) 
 /// *********************************/////////////////
 before update === notification_phone : (  ) , retail buyer phone : ( 12312312 ) 
 After update === notification_phone : ( 12312312 ) , retail buyer phone : ( 12312312 ) 
 /// *********************************/////////////////
 before update === notification_phone : (  ) , retail buyer phone : ( 1 ) 
 After update === notification_phone : ( 1 ) , retail buyer phone : ( 1 ) 
 /// *********************************/////////////////
 before update === notification_phone : (  ) , retail buyer phone : ( 89 ) 
 After update === notification_phone : ( 89 ) , retail buyer phone : ( 89 ) 
 /// *********************************/////////////////
 before update === notification_phone : (  ) , retail buyer phone : ( 89 ) 
 After update === notification_phone : ( 89 ) , retail buyer phone : ( 89 ) 
 /// *********************************/////////////////
 before update === notification_phone : (  ) , retail buyer phone : ( 123456789 ) 
 After update === notification_phone : ( 123456789 ) , retail buyer phone : ( 123456789 ) 
 /// *********************************/////////////////
 before update === notification_phone : (  ) , retail buyer phone : ( 123456789 ) 
 After update === notification_phone : ( 123456789 ) , retail buyer phone : ( 123456789 ) 
 /// *********************************/////////////////
 before update === notification_phone : (  ) , retail buyer phone : ( 123456789 ) 
 After update === notification_phone : ( 123456789 ) , retail buyer phone : ( 123456789 ) 
 /// *********************************/////////////////
 before update === notification_phone : (  ) , retail buyer phone : ( 1 ) 
 After update === notification_phone : ( 1 ) , retail buyer phone : ( 1 ) 
 /// *********************************/////////////////
 before update === notification_phone : (  ) , retail buyer phone : ( 1 ) 
 After update === notification_phone : ( 1 ) , retail buyer phone : ( 1 ) 
 /// *********************************/////////////////
 before update === notification_phone : (  ) , retail buyer phone : ( 1 ) 
 After update === notification_phone : ( 1 ) , retail buyer phone : ( 1 ) 
 /// *********************************/////////////////
 before update === notification_phone : (  ) , retail buyer phone : ( 1 ) 
 After update === notification_phone : ( 1 ) , retail buyer phone : ( 1 ) 
 /// *********************************/////////////////
 before update === notification_phone : (  ) , retail buyer phone : ( 69 ) 
 After update === notification_phone : ( 69 ) , retail buyer phone : ( 69 ) 
 /// *********************************/////////////////
 before update === notification_phone : (  ) , retail buyer phone : ( 69 ) 
 After update === notification_phone : ( 69 ) , retail buyer phone : ( 69 ) 
 /// *********************************/////////////////
 before update === notification_phone : (  ) , retail buyer phone : ( 1 ) 
 After update === notification_phone : ( 1 ) , retail buyer phone : ( 1 ) 
 /// *********************************/////////////////
 before update === notification_phone : (  ) , retail buyer phone : ( 1 ) 
 After update === notification_phone : ( 1 ) , retail buyer phone : ( 1 ) 
 /// *********************************/////////////////
 before update === notification_phone : (  ) , retail buyer phone : ( 12312312 ) 
 After update === notification_phone : ( 12312312 ) , retail buyer phone : ( 12312312 ) 
 /// *********************************/////////////////
 before update === notification_phone : (  ) , retail buyer phone : ( 2 ) 
 After update === notification_phone : ( 2 ) , retail buyer phone : ( 2 ) 
 /// *********************************/////////////////
 before update === notification_phone : (  ) , retail buyer phone : ( 2 ) 
 After update === notification_phone : ( 2 ) , retail buyer phone : ( 2 ) 
 /// *********************************/////////////////
 before update === notification_phone : (  ) , retail buyer phone : ( 1 ) 
 After update === notification_phone : ( 1 ) , retail buyer phone : ( 1 ) 
 /// *********************************/////////////////
 before update === notification_phone : (  ) , retail buyer phone : ( 1 ) 
 After update === notification_phone : ( 1 ) , retail buyer phone : ( 1 ) 
 /// *********************************/////////////////
 before update === notification_phone : (  ) , retail buyer phone : ( 1 ) 
 After update === notification_phone : ( 1 ) , retail buyer phone : ( 1 ) 
 /// *********************************/////////////////
 before update === notification_phone : (  ) , retail buyer phone : ( 1 ) 
 After update === notification_phone : ( 1 ) , retail buyer phone : ( 1 ) 
 /// *********************************/////////////////
 before update === notification_phone : (  ) , retail buyer phone : ( 89 ) 
 After update === notification_phone : ( 89 ) , retail buyer phone : ( 89 ) 
 /// *********************************/////////////////
 before update === notification_phone : (  ) , retail buyer phone : ( 89 ) 
 After update === notification_phone : ( 89 ) , retail buyer phone : ( 89 ) 
 /// *********************************/////////////////
 before update === notification_phone : (  ) , retail buyer phone : ( 123456 ) 
 After update === notification_phone : ( 123456 ) , retail buyer phone : ( 123456 ) 
 /// *********************************/////////////////
 before update === notification_phone : (  ) , retail buyer phone : ( 123456 ) 
 After update === notification_phone : ( 123456 ) , retail buyer phone : ( 123456 ) 
 /// *********************************/////////////////
 before update === notification_phone : (  ) , retail buyer phone : ( 2 ) 
 After update === notification_phone : ( 2 ) , retail buyer phone : ( 2 ) 
 /// *********************************/////////////////
 before update === notification_phone : (  ) , retail buyer phone : ( 2 ) 
 After update === notification_phone : ( 2 ) , retail buyer phone : ( 2 ) 
 /// *********************************/////////////////
 before update === notification_phone : (  ) , retail buyer phone : ( 2 ) 
 After update === notification_phone : ( 2 ) , retail buyer phone : ( 2 ) 
 /// *********************************/////////////////
 before update === notification_phone : (  ) , retail buyer phone : ( 56 ) 
 After update === notification_phone : ( 56 ) , retail buyer phone : ( 56 ) 
 /// *********************************/////////////////
 before update === notification_phone : (  ) , retail buyer phone : ( 12312312 ) 
 After update === notification_phone : ( 12312312 ) , retail buyer phone : ( 12312312 ) 
 /// *********************************/////////////////
 before update === notification_phone : (  ) , retail buyer phone : ( 12312312 ) 
 After update === notification_phone : ( 12312312 ) , retail buyer phone : ( 12312312 ) 
 /// *********************************/////////////////
 before update === notification_phone : (  ) , retail buyer phone : ( 12312312 ) 
 After update === notification_phone : ( 12312312 ) , retail buyer phone : ( 12312312 ) 
 /// *********************************/////////////////
 before update === notification_phone : (  ) , retail buyer phone : ( 1 ) 
 After update === notification_phone : ( 1 ) , retail buyer phone : ( 1 ) 
 /// *********************************/////////////////
 before update === notification_phone : (  ) , retail buyer phone : ( 89 ) 
 After update === notification_phone : ( 89 ) , retail buyer phone : ( 89 ) 
 /// *********************************/////////////////
 before update === notification_phone : (  ) , retail buyer phone : ( 89 ) 
 After update === notification_phone : ( 89 ) , retail buyer phone : ( 89 ) 
 /// *********************************/////////////////
 before update === notification_phone : ( 123456789 ) , retail buyer phone : ( 123456789 ) 
 After update === notification_phone : ( 123456789 ) , retail buyer phone : ( 123456789 ) 
 /// *********************************/////////////////
 before update === notification_phone : (  ) , retail buyer phone : ( 123456789 ) 
 After update === notification_phone : ( 123456789 ) , retail buyer phone : ( 123456789 ) 
 /// *********************************/////////////////
 before update === notification_phone : (  ) , retail buyer phone : ( 123456789 ) 
 After update === notification_phone : ( 123456789 ) , retail buyer phone : ( 123456789 ) 
 /// *********************************/////////////////
 before update === notification_phone : (  ) , retail buyer phone : ( 1 ) 
 After update === notification_phone : ( 1 ) , retail buyer phone : ( 1 ) 
 /// *********************************/////////////////
 before update === notification_phone : (  ) , retail buyer phone : ( 1 ) 
 After update === notification_phone : ( 1 ) , retail buyer phone : ( 1 ) 
 /// *********************************/////////////////
 before update === notification_phone : (  ) , retail buyer phone : ( 1 ) 
 After update === notification_phone : ( 1 ) , retail buyer phone : ( 1 ) 
 /// *********************************/////////////////
 before update === notification_phone : (  ) , retail buyer phone : ( 1 ) 
 After update === notification_phone : ( 1 ) , retail buyer phone : ( 1 ) 
 /// *********************************/////////////////
 before update === notification_phone : (  ) , retail buyer phone : ( 69 ) 
 After update === notification_phone : ( 69 ) , retail buyer phone : ( 69 ) 
 /// *********************************/////////////////
 before update === notification_phone : (  ) , retail buyer phone : ( 69 ) 
 After update === notification_phone : ( 69 ) , retail buyer phone : ( 69 ) 
 /// *********************************/////////////////
 before update === notification_phone : (  ) , retail buyer phone : ( 1 ) 
 After update === notification_phone : ( 1 ) , retail buyer phone : ( 1 ) 
 /// *********************************/////////////////
 before update === notification_phone : (  ) , retail buyer phone : ( 1 ) 
 After update === notification_phone : ( 1 ) , retail buyer phone : ( 1 ) 
 /// *********************************/////////////////
 before update === notification_phone : (  ) , retail buyer phone : ( 12312312 ) 
 After update === notification_phone : ( 12312312 ) , retail buyer phone : ( 12312312 ) 
 /// *********************************/////////////////
 before update === notification_phone : (  ) , retail buyer phone : ( 2 ) 
 After update === notification_phone : ( 2 ) , retail buyer phone : ( 2 ) 
 /// *********************************/////////////////
 before update === notification_phone : (  ) , retail buyer phone : ( 2 ) 
 After update === notification_phone : ( 2 ) , retail buyer phone : ( 2 ) 
 /// *********************************/////////////////
 before update === notification_phone : (  ) , retail buyer phone : ( 1 ) 
 After update === notification_phone : ( 1 ) , retail buyer phone : ( 1 ) 
 /// *********************************/////////////////
 before update === notification_phone : (  ) , retail buyer phone : ( 1 ) 
 After update === notification_phone : ( 1 ) , retail buyer phone : ( 1 ) 
 /// *********************************/////////////////
 before update === notification_phone : (  ) , retail buyer phone : ( 1 ) 
 After update === notification_phone : ( 1 ) , retail buyer phone : ( 1 ) 
 /// *********************************/////////////////
 before update === notification_phone : (  ) , retail buyer phone : ( 1 ) 
 After update === notification_phone : ( 1 ) , retail buyer phone : ( 1 ) 
 /// *********************************/////////////////
