# Logfile created on Mon Jul 25 12:56:04 +0530 2011 by logger.rb/22283
--- !map:HashWithIndifferentAccess 
action: update_password_from_forum
method: :post
controller: users

HTTP method not supported
--- !map:HashWithIndifferentAccess 
action: update_password_from_forum
method: :post
controller: users

HTTP method not supported
--- !map:HashWithIndifferentAccess 
password_confirmation: !str 
  str: test123
  "@_rails_html_safe": false
action: update_password_from_forum
method: :post
controller: users
password: !str 
  str: test123
  "@_rails_html_safe": false
login: !str 
  str: test@mailinator.com
  "@_rails_html_safe": false

New password and confirm password should be same
--- !map:HashWithIndifferentAccess 
password_confirmation: !str 
  str: test123
  "@_rails_html_safe": false
action: update_password_from_forum
method: :post
controller: users
password: !str 
  str: test123
  "@_rails_html_safe": false
login: !str 
  str: test@mailinator.com
  "@_rails_html_safe": false

New password and confirm password should be same
--- !map:HashWithIndifferentAccess 
password_confirmation: !str 
  str: test123
  "@_rails_html_safe": false
action: update_password_from_forum
method: :post
controller: users
password: !str 
  str: test123
  "@_rails_html_safe": false
login: !str 
  str: test@mailinator.com
  "@_rails_html_safe": false

New password and confirm password should be same
--- !map:HashWithIndifferentAccess 
action: update_password_from_forum
method: :post
controller: users

HTTP method not supported
--- !map:HashWithIndifferentAccess 
action: update_password_from_forum
method: :post
controller: users

HTTP method not supported
--- !map:HashWithIndifferentAccess 
password_confirmation: !str 
  str: test123
  "@_rails_html_safe": false
action: update_password_from_forum
method: :post
controller: users
password: !str 
  str: test123
  "@_rails_html_safe": false
login: !str 
  str: test123@mailinator.com
  "@_rails_html_safe": false

User doesn't exist
--- !map:HashWithIndifferentAccess 
action: update_password_from_forum
method: :post
controller: users

HTTP method not supported
--- !map:HashWithIndifferentAccess 
password_confirmation: !str 
  str: test000
  "@_rails_html_safe": false
action: update_password_from_forum
method: :post
controller: users
password: !str 
  str: test000
  "@_rails_html_safe": false
login: !str 
  str: test123@mailinator.com
  "@_rails_html_safe": false

User doesn't exist
--- !map:HashWithIndifferentAccess 
password_confirmation: !str 
  str: test000
  "@_rails_html_safe": false
action: update_password_from_forum
method: :post
controller: users
password: !str 
  str: test000
  "@_rails_html_safe": false
login: !str 
  str: test123@mailinator.com
  "@_rails_html_safe": false

User doesn't exist
--- !map:HashWithIndifferentAccess 
password_confirmation: !str 
  str: test456
  "@_rails_html_safe": false
action: update_password_from_forum
method: :post
controller: users
password: !str 
  str: test456
  "@_rails_html_safe": false
login: !str 
  str: rajiv224@mailinator.com
  "@_rails_html_safe": false

success
--- !map:HashWithIndifferentAccess 
password_confirmation: !str 
  str: "123456"
  "@_rails_html_safe": false
action: update_password_from_forum
method: :post
controller: users
password: !str 
  str: "123456"
  "@_rails_html_safe": false
login: !str 
  str: rajiv224@mailinator.com
  "@_rails_html_safe": false

success
--- !map:HashWithIndifferentAccess 
password_confirmation: !str 
  str: "123456"
  "@_rails_html_safe": false
action: update_password_from_forum
method: :post
controller: users
password: !str 
  str: "123456"
  "@_rails_html_safe": false
login: !str 
  str: rajiv224@mailinator.com
  "@_rails_html_safe": false

success
--- !map:HashWithIndifferentAccess 
password_confirmation: !str 
  str: "123456"
  "@_rails_html_safe": false
action: update_password_from_forum
method: :post
controller: users
password: !str 
  str: "123456"
  "@_rails_html_safe": false
login: !str 
  str: priyanka@gmail.com
  "@_rails_html_safe": false

User doesn't exist
--- !map:HashWithIndifferentAccess 
password_confirmation: !str 
  str: "123456"
  "@_rails_html_safe": false
action: update_password_from_forum
method: :post
controller: users
password: !str 
  str: "123456"
  "@_rails_html_safe": false
login: !str 
  str: priyanka@gmail.com
  "@_rails_html_safe": false

User doesn't exist
--- !map:HashWithIndifferentAccess 
password_confirmation: !str 
  str: "456789"
  "@_rails_html_safe": false
action: update_password_from_forum
method: :post
controller: users
password: !str 
  str: "456789"
  "@_rails_html_safe": false
login: !str 
  str: priyanka@gmail.com
  "@_rails_html_safe": false

User doesn't exist
--- !map:HashWithIndifferentAccess 
password_confirmation: !str 
  str: "456789"
  "@_rails_html_safe": false
action: update_password_from_forum
method: :post
controller: users
password: !str 
  str: "456789"
  "@_rails_html_safe": false
login: !str 
  str: priyanka@gmail.com
  "@_rails_html_safe": false

User doesn't exist
--- !map:HashWithIndifferentAccess 
password_confirmation: !str 
  str: "123456"
  "@_rails_html_safe": false
action: update_password_from_forum
method: :post
controller: users
password: !str 
  str: "123456"
  "@_rails_html_safe": false
login: !str 
  str: priyanka@gmail.com
  "@_rails_html_safe": false

User doesn't exist
--- !map:HashWithIndifferentAccess 
password_confirmation: !str 
  str: "123456"
  "@_rails_html_safe": false
action: update_password_from_forum
method: :post
controller: users
password: !str 
  str: "123456"
  "@_rails_html_safe": false
login: !str 
  str: priyanka@gmail.com
  "@_rails_html_safe": false

User doesn't exist
--- !map:HashWithIndifferentAccess 
password_confirmation: !str 
  str: "123456"
  "@_rails_html_safe": false
action: update_password_from_forum
method: :post
controller: users
password: !str 
  str: "123456"
  "@_rails_html_safe": false
login: !str 
  str: priyanka@gmail.com
  "@_rails_html_safe": false

User doesn't exist
--- !map:HashWithIndifferentAccess 
password_confirmation: !str 
  str: "123456"
  "@_rails_html_safe": false
action: update_password_from_forum
method: :post
controller: users
password: !str 
  str: "123456"
  "@_rails_html_safe": false
login: !str 
  str: priyanka@gmail.com
  "@_rails_html_safe": false

User doesn't exist
--- !map:HashWithIndifferentAccess 
password_confirmation: !str 
  str: "456789"
  "@_rails_html_safe": false
action: update_password_from_forum
method: :post
controller: users
password: !str 
  str: "456789"
  "@_rails_html_safe": false
login: !str 
  str: rajiv224@mailinator.com
  "@_rails_html_safe": false

success
--- !map:HashWithIndifferentAccess 
password_confirmation: !str 
  str: "456789"
  "@_rails_html_safe": false
action: update_password_from_forum
method: :post
controller: users
password: !str 
  str: "456789"
  "@_rails_html_safe": false
login: !str 
  str: rajiv224@mailinator.com
  "@_rails_html_safe": false

success
--- !map:HashWithIndifferentAccess 
password_confirmation: !str 
  str: test123
  "@_rails_html_safe": false
action: update_password_from_forum
method: :post
controller: users
password: !str 
  str: test123
  "@_rails_html_safe": false
login: !str 
  str: rajiv224@mailinator.com
  "@_rails_html_safe": false

success
--- !map:HashWithIndifferentAccess 
password_confirmation: !str 
  str: test123
  "@_rails_html_safe": false
action: update_password_from_forum
method: :post
controller: users
password: !str 
  str: test123
  "@_rails_html_safe": false
login: !str 
  str: rajiv224@mailinator.com
  "@_rails_html_safe": false

success
--- !map:HashWithIndifferentAccess 
password_confirmation: !str 
  str: "123456"
  "@_rails_html_safe": false
action: update_password_from_forum
method: :post
controller: users
password: !str 
  str: "123456"
  "@_rails_html_safe": false
login: !str 
  str: rajiv224@mailinator.com
  "@_rails_html_safe": false

success
--- !map:HashWithIndifferentAccess 
password_confirmation: !str 
  str: "123456"
  "@_rails_html_safe": false
action: update_password_from_forum
method: :post
controller: users
password: !str 
  str: "123456"
  "@_rails_html_safe": false
login: !str 
  str: rajiv224@mailinator.com
  "@_rails_html_safe": false

success
--- !map:HashWithIndifferentAccess 
password_confirmation: !str 
  str: "456789"
  "@_rails_html_safe": false
action: update_password_from_forum
method: :post
controller: users
password: !str 
  str: "456789"
  "@_rails_html_safe": false
login: !str 
  str: rajiv224@mailinator.com
  "@_rails_html_safe": false

success
--- !map:HashWithIndifferentAccess 
password_confirmation: !str 
  str: "456789"
  "@_rails_html_safe": false
action: update_password_from_forum
method: :post
controller: users
password: !str 
  str: "456789"
  "@_rails_html_safe": false
login: !str 
  str: rajiv224@mailinator.com
  "@_rails_html_safe": false

success
