# Logfile created on Wed Jul 06 15:40:06 +0530 2011 by logger.rb/22283
 process user emails: 2011-07-06 

 user email: rajivkapil12@mailinator.com 

 user email: akataria@systematixtechnocrates.com 

 process user emails: 2011-07-06 

 user email: rajivkapil12@mailinator.com 

 user email: akataria@systematixtechnocrates.com 

 process user emails: 2011-07-06 

 user email: rajivkapil12@mailinator.com 

 user email: akataria@systematixtechnocrates.com 

 process user emails: 2011-07-06 

 user email: rajivkapil12@mailinator.com 

 user email: akataria@systematixtechnocrates.com 

 process user emails: 2011-07-08 

 email delivered to: akataria@systematixtechnocrates.com 

 process user emails tes tres test test: 2011-07-08 

 process user emails tes tres test test: 2011-07-08 

 process user emails tes tres test test: 2011-07-08 

 process user emails tes tres test test: 2011-07-08 

 process user emails: 2011-07-08 

 email delivered to: akataria@systematixtechnocrates.com 

 process user emails tes tres test test: 2011-07-08 

 process user emails: 2011-07-08 

 process user emails: 2011-07-08 

 process user emails: 2011-07-08 

 process user emails: 2011-07-08 

 process user emails test test test test test: 2011-07-08 

 process user emails test test test test test: 2011-07-08 

 process user emails test test test test test: 2011-07-08 

 process user emails test test test test test: 2011-07-08 

 process user emails test test test test: 2011-07-08 

 environment:  

 process user emails test test test test: 2011-07-08 

 environment:  

 process user emails test test test test: 2011-07-08 

 environment:  

 process user emails test test test test: 2011-07-08 

 environment:  

 process user emails: 2011-07-08 

 email delivered to: akataria@systematixtechnocrates.com 

 process user emails test test test test: 2011-07-08 

 environment: environment 

 process user emails test test test test: 2011-07-08 

 environment: environment 

 process user emails test test test test: 2011-07-08 

 environment: environment 

 process user emails test test test test: 2011-07-08 

 environment: environment 

 process user emails: 2011-07-08 

 email delivered to: akataria@systematixtechnocrates.com 

 process user emails test test test test: 2011-07-08 

 environment: environment 

 process user emails test test test test: 2011-07-08 

 environment: environment 

 process user emails test test test test: 2011-07-08 

 environment: environment 

 process user emails: 2011-07-08 

 email delivered to: akataria@systematixtechnocrates.com 

 process user emails test test test test: 2011-07-08 

 environment: environment 

 process user emails: 2011-07-08 

 email delivered to: akataria@systematixtechnocrates.com 

 process user emails test test test test: 2011-07-08 

 environment: environment 

 process user emails test test test test: 2011-07-08 

 environment: environment 

 process user emails: 2011-07-08 

 email delivered to: akataria@systematixtechnocrates.com 

 process user emails test test test test: 2011-07-08 

 environment: environment 

 process user emails: 2011-07-08 

 email delivered to: akataria@systematixtechnocrates.com 

 process user emails test test test test: 2011-07-08 

 process user emails test test test test: 2011-07-08 

 process user emails test test test test: 2011-07-08 

 process user emails test test test test: 2011-07-08 

 process user emails test test test test: 2011-07-08 

 process user emails: 2011-07-08 

 email delivered to: akataria@systematixtechnocrates.com 

 process user emails test test test test: 2011-07-08 

 process user emails test test test test: 2011-07-08 

 process user emails test test test test: 2011-07-11 

 process user emails test test test test: 2011-07-11 

 process user emails test test test test: 2011-07-11 

 process user emails test test test test: 2011-07-11 

 process user emails test test test test: 2011-07-11 

 process user emails: 2011-07-11 

 email delivered to: akataria@systematixtechnocrates.com 

 email delivered to: akataria@systematixtechnocrates.com 

 email delivered to: akataria@systematixtechnocrates.com 

 process user emails test test test test: 2011-07-11 

 process user emails test test test test: 2011-07-11 

 process user emails test test test test: 2011-07-11 

 process user emails test test test test: 2011-07-11 

 process user emails: 2011-07-11 

 process user emails test test test test: 2011-07-11 

 process user emails: 2011-07-11 

 process user emails test test test test: 2011-07-11 

 process user emails test test test test: 2011-07-11 

 process user emails test test test test: 2011-07-11 

 process user emails test test test test: 2011-07-11 

 process user emails: 2011-07-11 

 email delivered to: akataria@systematixtechnocrates.com 

 email delivered to: akataria@systematixtechnocrates.com 

 email delivered to: akataria@systematixtechnocrates.com 

 process user emails test test test test: 2011-07-11 

 process user emails: 2011-07-11 

 email delivered to: akataria@systematixtechnocrates.com 

 email delivered to: akataria@systematixtechnocrates.com 

 email delivered to: akataria@systematixtechnocrates.com 

 process user emails: 2011-07-11 

 email delivered to: akataria@systematixtechnocrates.com 

 email delivered to: akataria@systematixtechnocrates.com 

 email delivered to: akataria@systematixtechnocrates.com 

 process user emails: 2011-07-11 

 email delivered to: akataria@systematixtechnocrates.com 

 email delivered to: akataria@systematixtechnocrates.com 

 email delivered to: akataria@systematixtechnocrates.com 

 process user emails: 2011-07-11 

 email delivered to: akataria@systematixtechnocrates.com 

 email delivered to: akataria@systematixtechnocrates.com 

 email delivered to: akataria@systematixtechnocrates.com 

 process user emails: 2011-07-11 

 email delivered to: akataria@systematixtechnocrates.com 

 email delivered to: akataria@systematixtechnocrates.com 

 email delivered to: akataria@systematixtechnocrates.com 

 process user emails: 2011-07-11 

 email delivered to: akataria@systematixtechnocrates.com 

 email delivered to: akataria@systematixtechnocrates.com 

 email delivered to: akataria@systematixtechnocrates.com 

 process user emails: 2011-07-12 

 email delivered to: akataria@systematixtechnocrates.com 

 email delivered to: akataria@systematixtechnocrates.com 

 email delivered to: akataria@systematixtechnocrates.com 

 process user emails: 2011-07-12 

 email delivered to: akataria@systematixtechnocrates.com 

 email delivered to: akataria@systematixtechnocrates.com 

 email delivered to: akataria@systematixtechnocrates.com 

 process user emails: 2011-07-12 

 email delivered to: akataria@systematixtechnocrates.com 

 email delivered to: akataria@systematixtechnocrates.com 

 email delivered to: akataria@systematixtechnocrates.com 

 process user emails: 2011-09-26 

 process user emails: 2011-09-26 

 process user emails: 2011-09-26 

 process user emails: 2011-09-26 

 process user emails: 2011-12-20 

 email delivered to: jainankush12@hotmail.com 

 process user emails: 2011-12-20 

 email delivered to: jainankush12@hotmail.com 

 process user emails: 2011-12-20 

 email delivered to: jainankush12@hotmail.com 

 process user emails: 2012-01-18 

 email delivered to: akataria@systematixtechnocrates.com 

 process user emails: 2012-01-19 

 email delivered to: akataria@systematixtechnocrates.com 

 email delivered to: dgupta@systematixtechnocrates.com 

 email delivered to: dgupta@systematixtechnocrates.com 

 process user emails: 2012-01-19 

 email delivered to: akataria@systematixtechnocrates.com 

 email delivered to: dgupta@systematixtechnocrates.com 

 email delivered to: dgupta@systematixtechnocrates.com 

 email delivered to: dgupta@systematixtechnocrates.com 

 email delivered to: dgupta@systematixtechnocrates.com 

 email delivered to: dgupta@systematixtechnocrates.com 

 process user emails: 2012-01-31 

 email delivered to: akataria@systematixtechnocrates.com 

 email delivered to: ticket1480aaa@mailinator.com 

