# Logfile created on Tue Jun 14 18:54:19 +0530 2011 by logger.rb/22283
 ============ 
 Send Second Email To :- rajivkapil12@mailinator.com 
 ============ 
 
 ============ 
 Send Second Email To :- lah_kapil@mailinator.com 
 ============ 
 
 ============ 
 Send Second Email To :- rajivkapil12@mailinator.com 
 ============ 
 
 ============ 
 Send Second Email To :- gsoni@systematixtechnocrates.com 
 ============ 
 
 ============ 
 Send Second Email To :- lah_kapil@mailinator.com 
 ============ 
 
 ============ 
 Reminder Welcome Email Sent To :- mpatel@systematixtechnocrates.com 
 ============ 
 
 ============ 
 Reminder Welcome Email Sent To :- mpatel@systematixtechnocrates.com 
 ============ 
 
 ============ 
 Reminder Welcome Email Sent To :- akataria@systematixtechnocrates.com 
 ============ 
 
