# Logfile created on Fri Jul 15 15:04:16 +0530 2011 by logger.rb/22283
================== 

email of the customer: rajivkapil12@mailinator.com 

User Name: Rajiv Test 

User Class Id: 2 


================== 

================== 

email of the customer: patti.rwihouses@gmail.com 

User Not Found In REIM 
================== 

================== 

email of the customer: rajiv224@mailinator.com 

User Name: rajiv testtesttest 

User Class Id: 3 


================== 

================== 

email of the customer: rajivkapil12@mailinator.com 

User Name: Rajiv Test 

User Class Id: 2 


================== 

================== 

email of the customer: patti.rwihouses@gmail.com 

User Not Found In REIM 
================== 

================== 

email of the customer: rajiv224@mailinator.com <http://localhost:3000/account/settings> 

User Not Found In REIM 
================== 

================== 

email of the customer: reajiv224@mailinator.com 

User Not Found In REIM 
================== 

================== 

email of the customer: rajiv224@mailinator.com <reajiv224@mailinator.com> 

User Not Found In REIM 
================== 

================== 

email of the customer: rajiv224@mailinator.com <reajiv224@mailinator.com> 

User Not Found In REIM 
================== 

================== 

email of the customer: rajiv224@mailinator.com 

User Name: rajiv testtesttest 

User Class Id: 2 


================== 

==================
email of the customer: rajivkapil12@mailinator.com
User Name: Rajiv Test
User Class Id: 2
==================
==================
email of the customer: patti.rwihouses@gmail.com
User Not Found In REIM 
==================
==================
email of the customer: rajiv224@mailinator.com <http://localhost:3000/account/settings>
User Not Found In REIM 
==================
==================
email of the customer: reajiv224@mailinator.com
User Not Found In REIM 
==================
==================
email of the customer: rajiv224@mailinator.com <reajiv224@mailinator.com>
User Not Found In REIM 
==================
==================
email of the customer: rajiv224@mailinator.com <reajiv224@mailinator.com>
User Not Found In REIM 
==================
==================
email of the customer: rajiv224@mailinator.com
User Name: rajiv testtesttest
User Class Id: 2
==================
==================
==================
==================
email of the customer: almirah@aol.com
User Not Found In REIM
==================
email of the customer: eleganthomesllc@yahoo.com
User Not Found In REIM
