# Logfile created on Wed Apr 04 12:40:53 +0530 2012 by logger.rb/22283
already updated profile id 091f3bda-77ee-11e1-882d-002618c30c0a
updated profile id 0d904050-35d2-11e1-9752-002618c30c0a, state NB, zips E8L 1A1, counties 
already updated profile id 091f3bda-77ee-11e1-882d-002618c30c0a
updated profile id 0d904050-35d2-11e1-9752-002618c30c0a, state NB, zips E8L 1A1, counties 
updated profile id 125ebc2c-36ce-11e1-bb16-002618c30c0a, state ND, zips 58730, counties Divide
updated profile id 19fcc744-353e-11e1-a1e8-002618c30c0a, state ND, zips 58730, counties Divide
already updated profile id 1d9769ca-7357-11e1-94a6-002618c30c0a
updated profile id 1f24b7c0-3559-11e1-b146-002618c30c0a, state ND, zips 58730, counties Divide
already updated profile id 2d89c24a-73ea-11e1-a83e-002618c30c0a
already updated profile id 3dba9f8a-7977-11e1-8f9a-002618c30c0a
already updated profile id 3e30f70e-741b-11e1-86eb-002618c30c0a
already updated profile id 3eb74364-796a-11e1-8f9a-002618c30c0a
already updated profile id 49e2010c-796a-11e1-8f9a-002618c30c0a
already updated profile id 85989240-7971-11e1-8f9a-002618c30c0a
updated profile id 86852504-2ca7-11e1-ac8c-002618c30c0a, state ND, zips 58730, counties Divide
updated profile id 87b4a20c-3557-11e1-b7ef-002618c30c0a, state ND, zips 58730, counties Divide
updated profile id 8a5b21e6-36bc-11e1-8295-002618c30c0a, state ND, zips 58730, counties Divide
updated profile id 8b9586b4-3559-11e1-b58e-002618c30c0a, state ND, zips 58730, counties Divide
already updated profile id 8f3577e6-7971-11e1-8f9a-002618c30c0a
updated profile id 910c15b2-35d2-11e1-9752-002618c30c0a, state ND, zips 58730, counties Divide
updated profile id 952dbd5e-378e-11e1-a64f-002618c30c0a, state ND, zips 58730, counties Divide
already updated profile id 9d200dfe-6e67-11e1-9a00-002618c30c0a
already updated profile id a1109178-799c-11e1-b3ee-002618c30c0a
updated profile id a1b74202-2d43-11e1-8ba7-002618c30c0a, state ND, zips 58730, counties Divide
updated profile id aca66cd6-36be-11e1-8dd0-002618c30c0a, state ND, zips 58730, counties Divide
already updated profile id ad29f9be-799b-11e1-b3ee-002618c30c0a
already updated profile id b41fd352-7972-11e1-8f9a-002618c30c0a
updated profile id b83eeb20-2d42-11e1-8ba7-002618c30c0a, state ND, zips 58730, counties Divide
updated profile id be8fd636-2f92-11e1-a40a-002618c30c0a, state TX, zips 78701, counties Travis
updated profile id c5c5daaa-35d1-11e1-9752-002618c30c0a, state ND, zips 58730, counties Divide
already updated profile id c979a774-6f58-11e1-9b8d-002618c30c0a
updated profile id cfffdfa8-3553-11e1-806b-002618c30c0a, state ND, zips 58730, counties Divide
already updated profile id ddc303fe-6e6f-11e1-9741-002618c30c0a
updated profile id f3bfe1fe-3549-11e1-9434-002618c30c0a, state ND, zips 58730, counties Divide
updated profile id f7dca6c6-354b-11e1-9434-002618c30c0a, state ND, zips 58730, counties Divide
updated profile id fba27a62-3549-11e1-9434-002618c30c0a, state ND, zips 58730, counties Divide
already updated profile id 00b2a4de-71d4-11e1-b07e-002618c30c0a
updated profile id 0358c360-71b3-11e1-afea-002618c30c0a, state OK, zips 74055, counties Tulsa
already updated profile id 2bf5595e-71b4-11e1-afea-002618c30c0a
already updated profile id 443f1f00-73e8-11e1-ab44-002618c30c0a
already updated profile id 464af386-71b4-11e1-afea-002618c30c0a
already updated profile id 60172e6e-7723-11e1-96af-002618c30c0a
updated profile id 60e5bb3c-773a-11e1-85d2-002618c30c0a, state WA, zips 98103,97203,99036, counties King,Multnomah,Spokane
already updated profile id 660c74ec-734e-11e1-9557-002618c30c0a
already updated profile id 7ed254f0-73ea-11e1-a83e-002618c30c0a
already updated profile id 83c0f7bc-73e7-11e1-ab44-002618c30c0a
already updated profile id 83ecd45e-7973-11e1-8f9a-002618c30c0a
already updated profile id 8c5cadae-71b6-11e1-afea-002618c30c0a
updated profile id a557e5de-2ca7-11e1-ac8c-002618c30c0a, state TX, zips 78701, counties Travis
already updated profile id bd72bfa6-71b5-11e1-afea-002618c30c0a
already updated profile id d113af90-2d43-11e1-8ba7-002618c30c0a
already updated profile id d343b35e-7731-11e1-85d2-002618c30c0a
already updated profile id d53716ba-78d0-11e1-ab54-002618c30c0a
already updated profile id deecadbe-7420-11e1-a3c6-002618c30c0a
already updated profile id e58eaaf0-78d0-11e1-ab54-002618c30c0a
already updated profile id f1f0016a-7360-11e1-a4f2-002618c30c0a
already updated profile id f58d2346-78d0-11e1-ab54-002618c30c0a
