# Logfile created on Tue Nov 22 16:56:47 +0530 2011 by logger.rb/22283
========User Cancels in REIM========

User Class:- Pro 

New User Class:- Pro 
================

========User Cancels in REIM========

User Class:- Pro 

New User Class:- Pro 
================

========User Cancels in REIM========

User Class:- Free-Trial 

New User Class:- Free-Trial 
================

========User Cancels in REIM========

User Class:- Pro 

New User Class:- Pro 
================

========User Cancels in REIM========

User Class:- Pro 

Is user updated:- true 
================

========User Cancels in REIM========

User Class:- Pro 

Is user updated:- true 
================

========User Cancels in REIM========

User Class:- Pro 

========User Cancels in REIM========

User Class:- Pro 

Is user updated:- true 
================

========User Cancels in REIM========

User Class:- Plus 

========User Cancels in REIM========

User Class:- Free-Trial 

Is user updated:- true 
================

========User Cancels in REIM========

User Class:- Plus 

Is user updated:- true 
================

========User Cancels in REIM========

User Class:- Pro 

Is user updated:- true 
================

========User Cancels in REIM========

User Class:- Pro 

Is user updated:- true 
================

========User Cancels in REIM========

User Class:- Free-Trial 

Is user updated:- true 
================

