# Logfile created on Thu May 26 14:17:38 +0530 2011 by logger.rb/22283
 Changing Investor focus of  GaryAnselmoMarnach--test5555555@mailinator.com--- 
 Changing Investor focus of  William Jones--blazingpossum@gmail.com--- 
 Changing Investor focus of  GaryKnippa--gary@knippaproperties.com--- 
 Changing Investor focus of  KeithDuble--thedubles@yahoo.com--- 
 Changing Investor focus of  Rajivthe developer--akataria@systematixtechnocrates.com--- 
 Changing Investor focus of  sdf t first namefds fghfjhgf j--rajiv16@mailinator.com--- 
 Changing Investor focus of  RickVan Wagoner--rick@rvwmortgages.com--- 
 Changing Investor focus of  NancyDiDio--x1didio@aol.com--- 
 Changing Investor focus of  LauraSherrod--texasgirl310@yahoo.com--- 
 Changing Investor focus of  ToddRahmes--trahmes@latilla.com--- 
 Changing Investor focus of  rajiv_testkapil_test--rajiv_kapil23@mailinator.com--- 
 Changing Investor focus of  Jimmie & Mildred Tarlton--jimtarlton@suddenlink.net--- 
 Changing Investor focus of  pranshutewari--pranshu_tewari@dell.com--- 
 Changing Investor focus of  AmberRoberts--mrsroberts17@yahoo.com--- 
 Changing Investor focus of  IndikaRatnayake--indika@austintees.com--- 
 Changing Investor focus of  asdasd--asd@mail.com--- 
 Changing Investor focus of  rajivtest--rajiv1@mailinator.com--- 
 Changing Investor focus of  test_icontacttest--msaraf@systematixtechnocrates.com--- 
 Changing Investor focus of  rajivtsetse--rajiv421@mailinator.com--- 
 Changing Investor focus of  testteste--teste12@mailinator.com--- 
 Changing Investor focus of  test first nametestlast name--rajiv7@mailinator.com--- 
 Changing Investor focus of  test12test--testing_icontact1@mailinator.com--- 
 Changing Investor focus of  rajivlast last name--rajiv21@mailinator.com--- 
 Changing Investor focus of  rajiv first namerajiv last name--rajiv900@mailinator.com--- 
 Changing Investor focus of  rajivtesttesttest--rkapil@systematixtechnocrates.com---Longterm Hold (Landlord) 
 Changing Investor focus of  test first namelast last name--rajiv17@mailinator.com--- 
 Changing Investor focus of  rajivkapil--mpatel@systematixtechnocrates.com--- 
 Changing Investor focus of  test first namelast last name--rajiv907@mailinator.com--- 
 Changing Investor focus of  test first namelast last name--rajiv14@mailinator.com--- 
 Changing Investor focus of  44--mpatel@systematixtechnocrates.com--- 
 Changing Investor focus of  Mirajain--mpatel@systematixtechnocrates.com--- 
 Changing Investor focus of  rajiv_test4icontactictest--rajiv_test4icontact@mailinator.com--- 
 Changing Investor focus of  icontacttest--icontact_test@mailinator.com--- 
 Changing Investor focus of  test first nametest--rajiv22@mailinator.com--- 
 Changing Investor focus of  rajivtesttest--rajiv_test12@mailinator.com--- 
 Changing Investor focus of  rajivtest--jainankush12@hotmail.com--- 
 Changing Investor focus of  test first namelast last name--gsoni901@mailinator.com--- 
 Changing Investor focus of  second testsend name--rajiv10@mailinator.com--- 
 Changing Investor focus of  tseteste--testforme@mailinaotr.com--- 
 Changing Investor focus of  rajivtest--test12@mailinator.com--- 
 Changing Investor focus of  test first namelast last name--rajiv904@mailinator.com--- 
 Changing Investor focus of  test first namelast last name--rajiv902@mailinator.com--- 
 Changing Investor focus of  rajivtest--test@mailinator.com--- 
 Changing Investor focus of  test first nametestlast name--rajiv8@mailinator.com--- 
 Changing Investor focus of  rajivtestting--rajiv_test23@mailinator.com--- 
 Changing Investor focus of  rajivtest--rajivtest12@mailinator.com--- 
 Changing Investor focus of  ravi shakshyar--rshakyawar@systematixtechnocrates.com--- 
 Changing Investor focus of  test first nametestlast name--rajiv2@mailinator.com--- 
 Changing Investor focus of  test first nametest--rajiv19@mailinator.com--- 
 Changing Investor focus of  SachinRathore--mpatel@systematixtechnocrates.com--- 
 Changing Investor focus of  sachinrathore--mpatel@systematixtechnocrates.com--- 
 Changing Investor focus of  rajivtest--test852@mailinator.com--- 
 Changing Investor focus of  rajivtest--rajiv_under_test@mailinator.com--- 
 Changing Investor focus of  RajivTest89--rajiv00@mailinator.com--- 
 Changing Investor focus of  test first nametest--rajiv40@mailinator.com--- 
 Changing Investor focus of  RajivKapil--rkapil@mailinator.com--- 
 Changing Investor focus of  test first namelast last name--rajiv70@mailinator.com--- 
 Changing Investor focus of  rajivtest--rajiv43@mailinator.com--- 
 Changing Investor focus of  rajivtseting--rajiv012@mailinator.com--- 
 Changing Investor focus of  test first namelast last name--rajiv905@mailinator.com--- 
 Changing Investor focus of  third testsend name--rajiv11@mailinator.com--- 
 Changing Investor focus of  namename last--rajiv18@mailinator.com--- 
 Changing Investor focus of  jayeshsharma--jayesh@stpl.com--- 
 Changing Investor focus of  testtest--tes_ic@mailinator.com--- 
 Changing Investor focus of  tsettset--sbjain@systematixtechnocrates.com--- 
 Changing Investor focus of  raviv_test_acctest--raviv_test_acc@mailinator.com--- 
 Changing Investor focus of  last first namelast last name--rajiv13@mailinator.com--- 
 Changing Investor focus of  test first nametest--rajiv23@mailinator.com--- 
 Changing Investor focus of  Rajiv uc1 testRajiv last name--rajiv100@mailinator.com--- 
 Changing Investor focus of  testtest--testforic@mailinator.com--- 
 Changing Investor focus of  test first nametestlast name--rajiv3@mailinator.com--- 
 Changing Investor focus of  rajivtest--test312@mailinator.com--- 
 Changing Investor focus of  rajivkapil--rajiv_kapil@mailinator.com--- 
 Changing Investor focus of  rajivtst--rajiv@mailinator.com--- 
 Changing Investor focus of  mayankjamini--jamini@gmail.com--- 
 Changing Investor focus of  update first namea--rajiv24@mailinator.com--- 
 Changing Investor focus of  test first namelast last name--mpatel@systematixtechnocrates.com--- 
 Changing Investor focus of  testtest--mpatidar@systematixtechnocrates.com--- 
 Changing Investor focus of  rajivkapil--rajiv56@mailinator.com--- 
 Changing Investor focus of  test first nametestlast name--rajiv4@mailinator.com--- 
 Changing Investor focus of  rajiv123456123--rajiv321@mailinator.com--- 
 Changing Investor focus of  rajiv_testtest--rajiv4u@mailinator.com--- 
 Changing Investor focus of  tsetstestest--test8585@mailinator.com--- 
 Changing Investor focus of  test first namelast last name--rajiv80@mailinator.com--- 
 Changing Investor focus of  rajivlast last name--rajiv50@mailinator.com--- 
 Changing Investor focus of  asdasd--asdas@asd.com--- 
 Changing Investor focus of  rajivtest--rajivtest@mailinator.com--- 
 Changing Investor focus of  test first namelast last name--rajiv903@mailinator.com--- 
 Changing Investor focus of  test first namelast last name--rajiv20@mailinator.com--- 
 Changing Investor focus of  test first nameKhandelwal--rajiv5@mailinator.com--- 
 Changing Investor focus of  rajivtest--rajiv_test@mailinator.com--- 
 Changing Investor focus of  This is for testthis is for  second test--rajiv9@mailinator.com--- 
 Changing Investor focus of  agfhgfha--abcd@mailinator.com--- 
 Changing Investor focus of  rajiv_testingtest23--rajiv_testing@mailinator.com--- 
 Changing Investor focus of  rajivtest--rajiv101@mailinator.com--- 
 Changing Investor focus of  rajivtest--rajiv9876@mailinator.com--- 
 Changing Investor focus of  rajivtestlast name--rajiv90@mailinator.com--- 
 Changing Investor focus of  test first namelast last name--rajiv906@mailinator.com--- 
 Changing Investor focus of  test first namea--rajiv60@mailinator.com--- 
 Changing Investor focus of  first namlast name--rajiv12@mailinator.com--- 
 Changing Investor focus of  update first namePurohit--ayush@mailinator.com--- 
 Changing Investor focus of  test first namelast last name--rajiv30@mailinator.com--- 
 Changing Investor focus of  jayesheeeeesharma--mpatel@systematixtechnocrates.com--- 
 Changing Investor focus of  test first nametestlast name--rajiv6@mailinator.com--- 
 Changing Investor focus of  Jayeshsharma--mpatel@systematixtechnocrates.com--- 
 Changing Investor focus of  GauravSoni--mpatel@systematixtechnocrates.com--- 
 Changing Investor focus of  4reimatcher1--rajiv555555555@systematixtechnocrates.com--- 
 Changing Investor focus of  rajivkapil123--kapil36@mailinator.com--- 
 Changing Investor focus of  rajivtest--rajiv123@mailinator.com--- 
 Changing Investor focus of  11--rkapil43@mailinator.com--- 
 Changing Investor focus of  Dilip chouhan--mpatel@systematixtechnocrates.com--- 
