Start at Tuesday, September 25, 2007    23:17:46
=========================================

Registration Info : 

Windows Version:
Microsoft Windows XP Professional Service Pack 2 (Build 2600)

Module Info:
Company: fCoder, Ltd.
Product Name: ImageConverter Plus
Product Version: 7.1.0.70504

CPU Info:
Vendor: AuthenticAMD
Vendor ID: Advanced Micro Devices
Extended Processor Name: AMD Athlon(tm) XP
Procesor Clock Frequecy: 1094
Logical processors per physical: 0
Stepping code: 0
MMX support: yes
MMX+ support: yes
SSE support: yes
SSE2 support: no
3DNow suppor: yes
3DNow+ suppor: yes
AI64 support: no
Hyperthreading support: no
L1 cache size: 128
L2 cache size: 512
L3 cache size: -1

Monitor info:
Color depth: 16 Bits per pixel.
Pixel Width: 1280
Pixel Height: 1024
Refresh frequency: 60 Hz

Internet Explorer Version: 6.0
Build Number: 2900

Printers list: 
QuickBooks PDF Converter
Microsoft XPS Document Writer
Microsoft Office Document Image Writer
Canon MP530 Series Printer
Canon MP530 FAX
Adobe PDF

Default printer: 
Canon MP530 Series Printer


Script settings:

Operations:
    new size : 60 60 
    size units : pixels
    Horizontal resolution : 72.000000
    Vertical resolution : 72.000000
    Resolution units : inches
    keep original image proportions : yes
    rescale method : bilinear
    don't zoom, if source image size smaller : no
    use original image resolution, in case it is supported : yes
    fit mode : fit_in_size
    fit alignment : center

Format properties:
    Extension: jpg
    bits per pixel : 24
    compression quality : 85
    compression mode : baseline
    compression sample : 111
    create thumbnail : No
    save exif information : No
    save iptc information : No

Save properties:
    Destination path: C:\Documents and Settings\Damon\Desktop\dwellgo_pics\60x60
    convert with subfolders : yes
    restore subfolder structure in target folder : yes
    open target folder after conversion : yes
    create log file in target folder : yes

Target file name properties:
    Name template: {Title}.{Type}
    what to do, if file exists : auto_rename
    delete source images : no

Processing files...

=====================================================================

File 1 of 63

RAM free    :     113.9 of     479.5 Mb
Virtual free:    1923.9 of    2047.9 Mb
Target free disk space :    8963.3 of   19445.8 Mb
Temp free disk space   :    8963.3 of   19445.8 Mb

Src info : C:\Documents and Settings\Damon\Desktop\dwellgo_pics\bath_1.jpg
jpg, 161x240px, 24bpp, 1 page(s), 300.000000x300.000000 dpi, 14565 bytes
Load all pages :  ok

Operations:
Resize :  ok

Save :  ok

Dest info : C:\Documents and Settings\Damon\Desktop\dwellgo_pics\60x60\bath_1.jpg
jpg, 40x60px, 24bpp, 1 page(s), 300.000000x300.000000 dpi, 1707 bytes

=====================================================================

File 2 of 63

RAM free    :     113.8 of     479.5 Mb
Virtual free:    1923.9 of    2047.9 Mb
Target free disk space :    8963.3 of   19445.8 Mb
Temp free disk space   :    8963.3 of   19445.8 Mb

Src info : C:\Documents and Settings\Damon\Desktop\dwellgo_pics\bath_2.jpg
jpg, 240x161px, 24bpp, 1 page(s), 300.000000x300.000000 dpi, 9907 bytes
Load all pages :  ok

Operations:
Resize :  ok

Save :  ok

Dest info : C:\Documents and Settings\Damon\Desktop\dwellgo_pics\60x60\bath_2.jpg
jpg, 60x40px, 24bpp, 1 page(s), 300.000000x300.000000 dpi, 1455 bytes

=====================================================================

File 3 of 63

RAM free    :     113.8 of     479.5 Mb
Virtual free:    1923.9 of    2047.9 Mb
Target free disk space :    8963.3 of   19445.8 Mb
Temp free disk space   :    8963.3 of   19445.8 Mb

Src info : C:\Documents and Settings\Damon\Desktop\dwellgo_pics\bath_3.jpg
jpg, 240x180px, 24bpp, 1 page(s), 72.000000x72.000000 dpi, 18109 bytes
Load all pages :  ok

Operations:
Resize :  ok

Save :  ok

Dest info : C:\Documents and Settings\Damon\Desktop\dwellgo_pics\60x60\bath_3.jpg
jpg, 60x45px, 24bpp, 1 page(s), 72.000000x72.000000 dpi, 1962 bytes

=====================================================================

File 4 of 63

RAM free    :     113.7 of     479.5 Mb
Virtual free:    1923.9 of    2047.9 Mb
Target free disk space :    8963.3 of   19445.8 Mb
Temp free disk space   :    8963.3 of   19445.8 Mb

Src info : C:\Documents and Settings\Damon\Desktop\dwellgo_pics\bath_4.jpg
jpg, 240x180px, 24bpp, 1 page(s), 72.000000x72.000000 dpi, 16803 bytes
Load all pages :  ok

Operations:
Resize :  ok

Save :  ok

Dest info : C:\Documents and Settings\Damon\Desktop\dwellgo_pics\60x60\bath_4.jpg
jpg, 60x45px, 24bpp, 1 page(s), 72.000000x72.000000 dpi, 1848 bytes

=====================================================================

File 5 of 63

RAM free    :     113.7 of     479.5 Mb
Virtual free:    1923.9 of    2047.9 Mb
Target free disk space :    8963.3 of   19445.8 Mb
Temp free disk space   :    8963.3 of   19445.8 Mb

Src info : C:\Documents and Settings\Damon\Desktop\dwellgo_pics\dining_1.jpg
jpg, 240x180px, 24bpp, 1 page(s), 72.000000x72.000000 dpi, 16127 bytes
Load all pages :  ok

Operations:
Resize :  ok

Save :  ok

Dest info : C:\Documents and Settings\Damon\Desktop\dwellgo_pics\60x60\dining_1.jpg
jpg, 60x45px, 24bpp, 1 page(s), 72.000000x72.000000 dpi, 1798 bytes

=====================================================================

File 6 of 63

RAM free    :     113.7 of     479.5 Mb
Virtual free:    1923.9 of    2047.9 Mb
Target free disk space :    8963.2 of   19445.8 Mb
Temp free disk space   :    8963.2 of   19445.8 Mb

Src info : C:\Documents and Settings\Damon\Desktop\dwellgo_pics\house_1.jpg
jpg, 240x161px, 24bpp, 1 page(s), 72.000000x72.000000 dpi, 22451 bytes
Load all pages :  ok

Operations:
Resize :  ok

Save :  ok

Dest info : C:\Documents and Settings\Damon\Desktop\dwellgo_pics\60x60\house_1.jpg
jpg, 60x40px, 24bpp, 1 page(s), 72.000000x72.000000 dpi, 1948 bytes

=====================================================================

File 7 of 63

RAM free    :     113.8 of     479.5 Mb
Virtual free:    1923.9 of    2047.9 Mb
Target free disk space :    8963.2 of   19445.8 Mb
Temp free disk space   :    8963.2 of   19445.8 Mb

Src info : C:\Documents and Settings\Damon\Desktop\dwellgo_pics\house_2.jpg
jpg, 240x161px, 24bpp, 1 page(s), 72.000000x72.000000 dpi, 23251 bytes
Load all pages :  ok

Operations:
Resize :  ok

Save :  ok

Dest info : C:\Documents and Settings\Damon\Desktop\dwellgo_pics\60x60\house_2.jpg
jpg, 60x40px, 24bpp, 1 page(s), 72.000000x72.000000 dpi, 1983 bytes

=====================================================================

File 8 of 63

RAM free    :     113.8 of     479.5 Mb
Virtual free:    1923.9 of    2047.9 Mb
Target free disk space :    8963.2 of   19445.8 Mb
Temp free disk space   :    8963.2 of   19445.8 Mb

Src info : C:\Documents and Settings\Damon\Desktop\dwellgo_pics\house_3.jpg
jpg, 240x160px, 24bpp, 1 page(s), 300.000000x300.000000 dpi, 19831 bytes
Load all pages :  ok

Operations:
Resize :  ok

Save :  ok

Dest info : C:\Documents and Settings\Damon\Desktop\dwellgo_pics\60x60\house_3.jpg
jpg, 60x40px, 24bpp, 1 page(s), 300.000000x300.000000 dpi, 1996 bytes

=====================================================================

File 9 of 63

RAM free    :     113.7 of     479.5 Mb
Virtual free:    1923.9 of    2047.9 Mb
Target free disk space :    8963.2 of   19445.8 Mb
Temp free disk space   :    8963.2 of   19445.8 Mb

Src info : C:\Documents and Settings\Damon\Desktop\dwellgo_pics\house_4.jpg
jpg, 240x180px, 24bpp, 1 page(s), 72.000000x72.000000 dpi, 16255 bytes
Load all pages :  ok

Operations:
Resize :  ok

Save :  ok

Dest info : C:\Documents and Settings\Damon\Desktop\dwellgo_pics\60x60\house_4.jpg
jpg, 60x45px, 24bpp, 1 page(s), 72.000000x72.000000 dpi, 1762 bytes

=====================================================================

File 10 of 63

RAM free    :     113.7 of     479.5 Mb
Virtual free:    1923.9 of    2047.9 Mb
Target free disk space :    8963.2 of   19445.8 Mb
Temp free disk space   :    8963.2 of   19445.8 Mb

Src info : C:\Documents and Settings\Damon\Desktop\dwellgo_pics\house_5.jpg
jpg, 240x169px, 24bpp, 1 page(s), 180.000000x180.000000 dpi, 28125 bytes
Load all pages :  ok

Operations:
Resize :  ok

Save :  ok

Dest info : C:\Documents and Settings\Damon\Desktop\dwellgo_pics\60x60\house_5.jpg
jpg, 60x42px, 24bpp, 1 page(s), 180.000000x180.000000 dpi, 2234 bytes

=====================================================================

File 11 of 63

RAM free    :     113.7 of     479.5 Mb
Virtual free:    1923.9 of    2047.9 Mb
Target free disk space :    8963.2 of   19445.8 Mb
Temp free disk space   :    8963.2 of   19445.8 Mb

Src info : C:\Documents and Settings\Damon\Desktop\dwellgo_pics\house_6.jpg
jpg, 240x182px, 24bpp, 1 page(s), 72.000000x72.000000 dpi, 35294 bytes
Load all pages :  ok

Operations:
Resize :  ok

Save :  ok

Dest info : C:\Documents and Settings\Damon\Desktop\dwellgo_pics\60x60\house_6.jpg
jpg, 60x46px, 24bpp, 1 page(s), 72.000000x72.000000 dpi, 2501 bytes

=====================================================================

File 12 of 63

RAM free    :     113.8 of     479.5 Mb
Virtual free:    1923.9 of    2047.9 Mb
Target free disk space :    8963.2 of   19445.8 Mb
Temp free disk space   :    8963.2 of   19445.8 Mb

Src info : C:\Documents and Settings\Damon\Desktop\dwellgo_pics\house_7.jpg
jpg, 240x184px, 24bpp, 1 page(s), 72.000000x72.000000 dpi, 24980 bytes
Load all pages :  ok

Operations:
Resize :  ok

Save :  ok

Dest info : C:\Documents and Settings\Damon\Desktop\dwellgo_pics\60x60\house_7.jpg
jpg, 60x46px, 24bpp, 1 page(s), 72.000000x72.000000 dpi, 2301 bytes

=====================================================================

File 13 of 63

RAM free    :     113.7 of     479.5 Mb
Virtual free:    1923.9 of    2047.9 Mb
Target free disk space :    8963.2 of   19445.8 Mb
Temp free disk space   :    8963.2 of   19445.8 Mb

Src info : C:\Documents and Settings\Damon\Desktop\dwellgo_pics\house_8.jpg
jpg, 240x160px, 24bpp, 1 page(s), 96.000000x96.000000 dpi, 21051 bytes
Load all pages :  ok

Operations:
Resize :  ok

Save :  ok

Dest info : C:\Documents and Settings\Damon\Desktop\dwellgo_pics\60x60\house_8.jpg
jpg, 60x40px, 24bpp, 1 page(s), 96.000000x96.000000 dpi, 1838 bytes

=====================================================================

File 14 of 63

RAM free    :     113.7 of     479.5 Mb
Virtual free:    1923.9 of    2047.9 Mb
Target free disk space :    8963.2 of   19445.8 Mb
Temp free disk space   :    8963.2 of   19445.8 Mb

Src info : C:\Documents and Settings\Damon\Desktop\dwellgo_pics\house_9.jpg
jpg, 240x180px, 24bpp, 1 page(s), 72.000000x72.000000 dpi, 27743 bytes
Load all pages :  ok

Operations:
Resize :  ok

Save :  ok

Dest info : C:\Documents and Settings\Damon\Desktop\dwellgo_pics\60x60\house_9.jpg
jpg, 60x45px, 24bpp, 1 page(s), 72.000000x72.000000 dpi, 2199 bytes

=====================================================================

File 15 of 63

RAM free    :     113.6 of     479.5 Mb
Virtual free:    1923.9 of    2047.9 Mb
Target free disk space :    8963.2 of   19445.8 Mb
Temp free disk space   :    8963.2 of   19445.8 Mb

Src info : C:\Documents and Settings\Damon\Desktop\dwellgo_pics\house_10.jpg
jpg, 240x168px, 24bpp, 1 page(s), 72.000000x72.000000 dpi, 23434 bytes
Load all pages :  ok

Operations:
Resize :  ok

Save :  ok

Dest info : C:\Documents and Settings\Damon\Desktop\dwellgo_pics\60x60\house_10.jpg
jpg, 60x42px, 24bpp, 1 page(s), 72.000000x72.000000 dpi, 2111 bytes

=====================================================================

File 16 of 63

RAM free    :     113.6 of     479.5 Mb
Virtual free:    1923.9 of    2047.9 Mb
Target free disk space :    8963.2 of   19445.8 Mb
Temp free disk space   :    8963.2 of   19445.8 Mb

Src info : C:\Documents and Settings\Damon\Desktop\dwellgo_pics\house_11.jpg
jpg, 240x233px, 24bpp, 1 page(s), 72.000000x72.000000 dpi, 24171 bytes
Load all pages :  ok

Operations:
Resize :  ok

Save :  ok

Dest info : C:\Documents and Settings\Damon\Desktop\dwellgo_pics\60x60\house_11.jpg
jpg, 60x58px, 24bpp, 1 page(s), 72.000000x72.000000 dpi, 2479 bytes

=====================================================================

File 17 of 63

RAM free    :     113.6 of     479.5 Mb
Virtual free:    1923.9 of    2047.9 Mb
Target free disk space :    8963.2 of   19445.8 Mb
Temp free disk space   :    8963.2 of   19445.8 Mb

Src info : C:\Documents and Settings\Damon\Desktop\dwellgo_pics\house_12.jpg
jpg, 240x180px, 24bpp, 1 page(s), 72.000000x72.000000 dpi, 30525 bytes
Load all pages :  ok

Operations:
Resize :  ok

Save :  ok

Dest info : C:\Documents and Settings\Damon\Desktop\dwellgo_pics\60x60\house_12.jpg
jpg, 60x45px, 24bpp, 1 page(s), 72.000000x72.000000 dpi, 2254 bytes

=====================================================================

File 18 of 63

RAM free    :     113.7 of     479.5 Mb
Virtual free:    1923.9 of    2047.9 Mb
Target free disk space :    8963.2 of   19445.8 Mb
Temp free disk space   :    8963.2 of   19445.8 Mb

Src info : C:\Documents and Settings\Damon\Desktop\dwellgo_pics\house_13.jpg
jpg, 240x201px, 24bpp, 1 page(s), 300.000000x300.000000 dpi, 38922 bytes
Load all pages :  ok

Operations:
Resize :  ok

Save :  ok

Dest info : C:\Documents and Settings\Damon\Desktop\dwellgo_pics\60x60\house_13.jpg
jpg, 60x50px, 24bpp, 1 page(s), 300.000000x300.000000 dpi, 2485 bytes

=====================================================================

File 19 of 63

RAM free    :     113.6 of     479.5 Mb
Virtual free:    1923.9 of    2047.9 Mb
Target free disk space :    8963.2 of   19445.8 Mb
Temp free disk space   :    8963.2 of   19445.8 Mb

Src info : C:\Documents and Settings\Damon\Desktop\dwellgo_pics\kitchen_1.jpg
jpg, 180x240px, 24bpp, 1 page(s), 180.000000x180.000000 dpi, 19681 bytes
Load all pages :  ok

Operations:
Resize :  ok

Save :  ok

Dest info : C:\Documents and Settings\Damon\Desktop\dwellgo_pics\60x60\kitchen_1.jpg
jpg, 45x60px, 24bpp, 1 page(s), 180.000000x180.000000 dpi, 1996 bytes

=====================================================================

File 20 of 63

RAM free    :     113.6 of     479.5 Mb
Virtual free:    1923.9 of    2047.9 Mb
Target free disk space :    8963.2 of   19445.8 Mb
Temp free disk space   :    8963.2 of   19445.8 Mb

Src info : C:\Documents and Settings\Damon\Desktop\dwellgo_pics\kitchen_2.jpg
jpg, 240x180px, 24bpp, 1 page(s), 72.000000x72.000000 dpi, 24525 bytes
Load all pages :  ok

Operations:
Resize :  ok

Save :  ok

Dest info : C:\Documents and Settings\Damon\Desktop\dwellgo_pics\60x60\kitchen_2.jpg
jpg, 60x45px, 24bpp, 1 page(s), 72.000000x72.000000 dpi, 2306 bytes

=====================================================================

File 21 of 63

RAM free    :     113.6 of     479.5 Mb
Virtual free:    1923.9 of    2047.9 Mb
Target free disk space :    8963.2 of   19445.8 Mb
Temp free disk space   :    8963.2 of   19445.8 Mb

Src info : C:\Documents and Settings\Damon\Desktop\dwellgo_pics\kitchen_3.jpg
jpg, 240x180px, 24bpp, 1 page(s), 72.000000x72.000000 dpi, 22114 bytes
Load all pages :  ok

Operations:
Resize :  ok

Save :  ok

Dest info : C:\Documents and Settings\Damon\Desktop\dwellgo_pics\60x60\kitchen_3.jpg
jpg, 60x45px, 24bpp, 1 page(s), 72.000000x72.000000 dpi, 2156 bytes

=====================================================================

File 22 of 63

RAM free    :     113.5 of     479.5 Mb
Virtual free:    1923.9 of    2047.9 Mb
Target free disk space :    8963.2 of   19445.8 Mb
Temp free disk space   :    8963.2 of   19445.8 Mb

Src info : C:\Documents and Settings\Damon\Desktop\dwellgo_pics\kitchen_4.jpg
jpg, 180x240px, 24bpp, 1 page(s), 72.000000x72.000000 dpi, 21931 bytes
Load all pages :  ok

Operations:
Resize :  ok

Save :  ok

Dest info : C:\Documents and Settings\Damon\Desktop\dwellgo_pics\60x60\kitchen_4.jpg
jpg, 45x60px, 24bpp, 1 page(s), 72.000000x72.000000 dpi, 2240 bytes

=====================================================================

File 23 of 63

RAM free    :     113.7 of     479.5 Mb
Virtual free:    1923.9 of    2047.9 Mb
Target free disk space :    8963.2 of   19445.8 Mb
Temp free disk space   :    8963.2 of   19445.8 Mb

Src info : C:\Documents and Settings\Damon\Desktop\dwellgo_pics\kitchen_5.jpg
jpg, 180x240px, 24bpp, 1 page(s), 72.000000x72.000000 dpi, 16065 bytes
Load all pages :  ok

Operations:
Resize :  ok

Save :  ok

Dest info : C:\Documents and Settings\Damon\Desktop\dwellgo_pics\60x60\kitchen_5.jpg
jpg, 45x60px, 24bpp, 1 page(s), 72.000000x72.000000 dpi, 1845 bytes

=====================================================================

File 24 of 63

RAM free    :     114.1 of     479.5 Mb
Virtual free:    1923.9 of    2047.9 Mb
Target free disk space :    8963.2 of   19445.8 Mb
Temp free disk space   :    8963.2 of   19445.8 Mb

Src info : C:\Documents and Settings\Damon\Desktop\dwellgo_pics\kitchen_6.jpg
jpg, 240x180px, 24bpp, 1 page(s), 72.000000x72.000000 dpi, 21262 bytes
Load all pages :  ok

Operations:
Resize :  ok

Save :  ok

Dest info : C:\Documents and Settings\Damon\Desktop\dwellgo_pics\60x60\kitchen_6.jpg
jpg, 60x45px, 24bpp, 1 page(s), 72.000000x72.000000 dpi, 2112 bytes

=====================================================================

File 25 of 63

RAM free    :     114.1 of     479.5 Mb
Virtual free:    1923.9 of    2047.9 Mb
Target free disk space :    8963.1 of   19445.8 Mb
Temp free disk space   :    8963.1 of   19445.8 Mb

Src info : C:\Documents and Settings\Damon\Desktop\dwellgo_pics\kitchen_7.jpg
jpg, 160x240px, 24bpp, 1 page(s), 100.000000x100.000000 dpi, 17911 bytes
Load all pages :  ok

Operations:
Resize :  ok

Save :  ok

Dest info : C:\Documents and Settings\Damon\Desktop\dwellgo_pics\60x60\kitchen_7.jpg
jpg, 40x60px, 24bpp, 1 page(s), 100.000000x100.000000 dpi, 1965 bytes

=====================================================================

File 26 of 63

RAM free    :     114.1 of     479.5 Mb
Virtual free:    1923.9 of    2047.9 Mb
Target free disk space :    8963.1 of   19445.8 Mb
Temp free disk space   :    8963.1 of   19445.8 Mb

Src info : C:\Documents and Settings\Damon\Desktop\dwellgo_pics\kitchen_8.jpg
jpg, 240x159px, 24bpp, 1 page(s), 72.000000x72.000000 dpi, 19238 bytes
Load all pages :  ok

Operations:
Resize :  ok

Save :  ok

Dest info : C:\Documents and Settings\Damon\Desktop\dwellgo_pics\60x60\kitchen_8.jpg
jpg, 60x40px, 24bpp, 1 page(s), 72.000000x72.000000 dpi, 1991 bytes

=====================================================================

File 27 of 63

RAM free    :     114.1 of     479.5 Mb
Virtual free:    1923.9 of    2047.9 Mb
Target free disk space :    8963.1 of   19445.8 Mb
Temp free disk space   :    8963.1 of   19445.8 Mb

Src info : C:\Documents and Settings\Damon\Desktop\dwellgo_pics\kitchen_9.jpg
jpg, 180x240px, 24bpp, 1 page(s), 72.000000x72.000000 dpi, 16611 bytes
Load all pages :  ok

Operations:
Resize :  ok

Save :  ok

Dest info : C:\Documents and Settings\Damon\Desktop\dwellgo_pics\60x60\kitchen_9.jpg
jpg, 45x60px, 24bpp, 1 page(s), 72.000000x72.000000 dpi, 1861 bytes

=====================================================================

File 28 of 63

RAM free    :     114.2 of     479.5 Mb
Virtual free:    1923.9 of    2047.9 Mb
Target free disk space :    8963.1 of   19445.8 Mb
Temp free disk space   :    8963.1 of   19445.8 Mb

Src info : C:\Documents and Settings\Damon\Desktop\dwellgo_pics\kitchen_10.jpg
jpg, 240x180px, 24bpp, 1 page(s), 96.000000x96.000000 dpi, 23843 bytes
Load all pages :  ok

Operations:
Resize :  ok

Save :  ok

Dest info : C:\Documents and Settings\Damon\Desktop\dwellgo_pics\60x60\kitchen_10.jpg
jpg, 60x45px, 24bpp, 1 page(s), 96.000000x96.000000 dpi, 2298 bytes

=====================================================================

File 29 of 63

RAM free    :     114.2 of     479.5 Mb
Virtual free:    1923.9 of    2047.9 Mb
Target free disk space :    8963.1 of   19445.8 Mb
Temp free disk space   :    8963.1 of   19445.8 Mb

Src info : C:\Documents and Settings\Damon\Desktop\dwellgo_pics\kitchen_11.jpg
jpg, 240x180px, 24bpp, 1 page(s), 72.000000x72.000000 dpi, 20433 bytes
Load all pages :  ok

Operations:
Resize :  ok

Save :  ok

Dest info : C:\Documents and Settings\Damon\Desktop\dwellgo_pics\60x60\kitchen_11.jpg
jpg, 60x45px, 24bpp, 1 page(s), 72.000000x72.000000 dpi, 2010 bytes

=====================================================================

File 30 of 63

RAM free    :     114.1 of     479.5 Mb
Virtual free:    1923.9 of    2047.9 Mb
Target free disk space :    8963.1 of   19445.8 Mb
Temp free disk space   :    8963.1 of   19445.8 Mb

Src info : C:\Documents and Settings\Damon\Desktop\dwellgo_pics\kitchen_12.jpg
jpg, 240x180px, 24bpp, 1 page(s), 72.000000x72.000000 dpi, 19958 bytes
Load all pages :  ok

Operations:
Resize :  ok

Save :  ok

Dest info : C:\Documents and Settings\Damon\Desktop\dwellgo_pics\60x60\kitchen_12.jpg
jpg, 60x45px, 24bpp, 1 page(s), 72.000000x72.000000 dpi, 2037 bytes

=====================================================================

File 31 of 63

RAM free    :     114.1 of     479.5 Mb
Virtual free:    1923.9 of    2047.9 Mb
Target free disk space :    8963.1 of   19445.8 Mb
Temp free disk space   :    8963.1 of   19445.8 Mb

Src info : C:\Documents and Settings\Damon\Desktop\dwellgo_pics\land_1.jpg
jpg, 240x180px, 24bpp, 1 page(s), 72.000000x72.000000 dpi, 19769 bytes
Load all pages :  ok

Operations:
Resize :  ok

Save :  ok

Dest info : C:\Documents and Settings\Damon\Desktop\dwellgo_pics\60x60\land_1.jpg
jpg, 60x45px, 24bpp, 1 page(s), 72.000000x72.000000 dpi, 1748 bytes

=====================================================================

File 32 of 63

RAM free    :     114.0 of     479.5 Mb
Virtual free:    1923.9 of    2047.9 Mb
Target free disk space :    8963.1 of   19445.8 Mb
Temp free disk space   :    8963.1 of   19445.8 Mb

Src info : C:\Documents and Settings\Damon\Desktop\dwellgo_pics\land_2.jpg
jpg, 240x180px, 24bpp, 1 page(s), 72.000000x72.000000 dpi, 24631 bytes
Load all pages :  ok

Operations:
Resize :  ok

Save :  ok

Dest info : C:\Documents and Settings\Damon\Desktop\dwellgo_pics\60x60\land_2.jpg
jpg, 60x45px, 24bpp, 1 page(s), 72.000000x72.000000 dpi, 2172 bytes

=====================================================================

File 33 of 63

RAM free    :     114.1 of     479.5 Mb
Virtual free:    1923.9 of    2047.9 Mb
Target free disk space :    8963.1 of   19445.8 Mb
Temp free disk space   :    8963.1 of   19445.8 Mb

Src info : C:\Documents and Settings\Damon\Desktop\dwellgo_pics\land_3.jpg
jpg, 240x176px, 24bpp, 1 page(s), 72.000000x72.000000 dpi, 21265 bytes
Load all pages :  ok

Operations:
Resize :  ok

Save :  ok

Dest info : C:\Documents and Settings\Damon\Desktop\dwellgo_pics\60x60\land_3.jpg
jpg, 60x44px, 24bpp, 1 page(s), 72.000000x72.000000 dpi, 1874 bytes

=====================================================================

File 34 of 63

RAM free    :     114.1 of     479.5 Mb
Virtual free:    1923.9 of    2047.9 Mb
Target free disk space :    8963.1 of   19445.8 Mb
Temp free disk space   :    8963.1 of   19445.8 Mb

Src info : C:\Documents and Settings\Damon\Desktop\dwellgo_pics\land_4.jpg
jpg, 240x200px, 24bpp, 1 page(s), 72.000000x72.000000 dpi, 31785 bytes
Load all pages :  ok

Operations:
Resize :  ok

Save :  ok

Dest info : C:\Documents and Settings\Damon\Desktop\dwellgo_pics\60x60\land_4.jpg
jpg, 60x50px, 24bpp, 1 page(s), 72.000000x72.000000 dpi, 2249 bytes

=====================================================================

File 35 of 63

RAM free    :     114.0 of     479.5 Mb
Virtual free:    1923.9 of    2047.9 Mb
Target free disk space :    8963.1 of   19445.8 Mb
Temp free disk space   :    8963.1 of   19445.8 Mb

Src info : C:\Documents and Settings\Damon\Desktop\dwellgo_pics\land_5.jpg
jpg, 240x180px, 24bpp, 1 page(s), 72.000000x72.000000 dpi, 25871 bytes
Load all pages :  ok

Operations:
Resize :  ok

Save :  ok

Dest info : C:\Documents and Settings\Damon\Desktop\dwellgo_pics\60x60\land_5.jpg
jpg, 60x45px, 24bpp, 1 page(s), 72.000000x72.000000 dpi, 2254 bytes

=====================================================================

File 36 of 63

RAM free    :     114.0 of     479.5 Mb
Virtual free:    1923.9 of    2047.9 Mb
Target free disk space :    8963.1 of   19445.8 Mb
Temp free disk space   :    8963.1 of   19445.8 Mb

Src info : C:\Documents and Settings\Damon\Desktop\dwellgo_pics\land_6.jpg
jpg, 240x120px, 24bpp, 1 page(s), 72.000000x72.000000 dpi, 19388 bytes
Load all pages :  ok

Operations:
Resize :  ok

Save :  ok

Dest info : C:\Documents and Settings\Damon\Desktop\dwellgo_pics\60x60\land_6.jpg
jpg, 60x30px, 24bpp, 1 page(s), 72.000000x72.000000 dpi, 1437 bytes

=====================================================================

File 37 of 63

RAM free    :     113.9 of     479.5 Mb
Virtual free:    1923.9 of    2047.9 Mb
Target free disk space :    8963.1 of   19445.8 Mb
Temp free disk space   :    8963.1 of   19445.8 Mb

Src info : C:\Documents and Settings\Damon\Desktop\dwellgo_pics\land_7.jpg
jpg, 240x161px, 24bpp, 1 page(s), 72.000000x72.000000 dpi, 25348 bytes
Load all pages :  ok

Operations:
Resize :  ok

Save :  ok

Dest info : C:\Documents and Settings\Damon\Desktop\dwellgo_pics\60x60\land_7.jpg
jpg, 60x40px, 24bpp, 1 page(s), 72.000000x72.000000 dpi, 1957 bytes

=====================================================================

File 38 of 63

RAM free    :     113.8 of     479.5 Mb
Virtual free:    1923.9 of    2047.9 Mb
Target free disk space :    8963.1 of   19445.8 Mb
Temp free disk space   :    8963.1 of   19445.8 Mb

Src info : C:\Documents and Settings\Damon\Desktop\dwellgo_pics\land_8.jpg
jpg, 240x180px, 24bpp, 1 page(s), 72.000000x72.000000 dpi, 18977 bytes
Load all pages :  ok

Operations:
Resize :  ok

Save :  ok

Dest info : C:\Documents and Settings\Damon\Desktop\dwellgo_pics\60x60\land_8.jpg
jpg, 60x45px, 24bpp, 1 page(s), 72.000000x72.000000 dpi, 1836 bytes

=====================================================================

File 39 of 63

RAM free    :     113.6 of     479.5 Mb
Virtual free:    1923.9 of    2047.9 Mb
Target free disk space :    8963.1 of   19445.8 Mb
Temp free disk space   :    8963.1 of   19445.8 Mb

Src info : C:\Documents and Settings\Damon\Desktop\dwellgo_pics\land_9.jpg
jpg, 240x180px, 24bpp, 1 page(s), 72.000000x72.000000 dpi, 20807 bytes
Load all pages :  ok

Operations:
Resize :  ok

Save :  ok

Dest info : C:\Documents and Settings\Damon\Desktop\dwellgo_pics\60x60\land_9.jpg
jpg, 60x45px, 24bpp, 1 page(s), 72.000000x72.000000 dpi, 1578 bytes

=====================================================================

File 40 of 63

RAM free    :     113.7 of     479.5 Mb
Virtual free:    1923.9 of    2047.9 Mb
Target free disk space :    8963.1 of   19445.8 Mb
Temp free disk space   :    8963.1 of   19445.8 Mb

Src info : C:\Documents and Settings\Damon\Desktop\dwellgo_pics\lot_1.jpg
jpg, 240x180px, 24bpp, 1 page(s), 120.000000x120.000000 dpi, 18304 bytes
Load all pages :  ok

Operations:
Resize :  ok

Save :  ok

Dest info : C:\Documents and Settings\Damon\Desktop\dwellgo_pics\60x60\lot_1.jpg
jpg, 60x45px, 24bpp, 1 page(s), 120.000000x120.000000 dpi, 1844 bytes

=====================================================================

File 41 of 63

RAM free    :     113.7 of     479.5 Mb
Virtual free:    1923.9 of    2047.9 Mb
Target free disk space :    8963.1 of   19445.8 Mb
Temp free disk space   :    8963.1 of   19445.8 Mb

Src info : C:\Documents and Settings\Damon\Desktop\dwellgo_pics\lot_2.jpg
jpg, 240x180px, 24bpp, 1 page(s), 72.000000x72.000000 dpi, 31155 bytes
Load all pages :  ok

Operations:
Resize :  ok

Save :  ok

Dest info : C:\Documents and Settings\Damon\Desktop\dwellgo_pics\60x60\lot_2.jpg
jpg, 60x45px, 24bpp, 1 page(s), 72.000000x72.000000 dpi, 2095 bytes

=====================================================================

File 42 of 63

RAM free    :     113.6 of     479.5 Mb
Virtual free:    1923.9 of    2047.9 Mb
Target free disk space :    8963.1 of   19445.8 Mb
Temp free disk space   :    8963.1 of   19445.8 Mb

Src info : C:\Documents and Settings\Damon\Desktop\dwellgo_pics\lot_3.jpg
jpg, 240x238px, 24bpp, 1 page(s), 600.000000x600.000000 dpi, 21130 bytes
Load all pages :  ok

Operations:
Resize :  ok

Save :  ok

Dest info : C:\Documents and Settings\Damon\Desktop\dwellgo_pics\60x60\lot_3.jpg
jpg, 60x60px, 24bpp, 1 page(s), 600.000000x600.000000 dpi, 1826 bytes

=====================================================================

File 43 of 63

RAM free    :     113.7 of     479.5 Mb
Virtual free:    1923.9 of    2047.9 Mb
Target free disk space :    8963.1 of   19445.8 Mb
Temp free disk space   :    8963.1 of   19445.8 Mb

Src info : C:\Documents and Settings\Damon\Desktop\dwellgo_pics\lot_4.jpg
jpg, 175x240px, 24bpp, 1 page(s), 72.000000x72.000000 dpi, 19310 bytes
Load all pages :  ok

Operations:
Resize :  ok

Save :  ok

Dest info : C:\Documents and Settings\Damon\Desktop\dwellgo_pics\60x60\lot_4.jpg
jpg, 44x60px, 24bpp, 1 page(s), 72.000000x72.000000 dpi, 1753 bytes

=====================================================================

File 44 of 63

RAM free    :     113.7 of     479.5 Mb
Virtual free:    1923.9 of    2047.9 Mb
Target free disk space :    8963.1 of   19445.8 Mb
Temp free disk space   :    8963.1 of   19445.8 Mb

Src info : C:\Documents and Settings\Damon\Desktop\dwellgo_pics\lot_5.jpg
jpg, 180x240px, 24bpp, 1 page(s), 72.000000x72.000000 dpi, 18009 bytes
Load all pages :  ok

Operations:
Resize :  ok

Save :  ok

Dest info : C:\Documents and Settings\Damon\Desktop\dwellgo_pics\60x60\lot_5.jpg
jpg, 45x60px, 24bpp, 1 page(s), 72.000000x72.000000 dpi, 1851 bytes

=====================================================================

File 45 of 63

RAM free    :     113.6 of     479.5 Mb
Virtual free:    1923.9 of    2047.9 Mb
Target free disk space :    8963.1 of   19445.8 Mb
Temp free disk space   :    8963.1 of   19445.8 Mb

Src info : C:\Documents and Settings\Damon\Desktop\dwellgo_pics\lot_6.jpg
jpg, 180x240px, 24bpp, 1 page(s), 72.000000x72.000000 dpi, 23238 bytes
Load all pages :  ok

Operations:
Resize :  ok

Save :  ok

Dest info : C:\Documents and Settings\Damon\Desktop\dwellgo_pics\60x60\lot_6.jpg
jpg, 45x60px, 24bpp, 1 page(s), 72.000000x72.000000 dpi, 1923 bytes

=====================================================================

File 46 of 63

RAM free    :     113.6 of     479.5 Mb
Virtual free:    1923.9 of    2047.9 Mb
Target free disk space :    8963.1 of   19445.8 Mb
Temp free disk space   :    8963.1 of   19445.8 Mb

Src info : C:\Documents and Settings\Damon\Desktop\dwellgo_pics\lot_7.jpg
jpg, 240x180px, 24bpp, 1 page(s), 72.000000x72.000000 dpi, 37103 bytes
Load all pages :  ok

Operations:
Resize :  ok

Save :  ok

Dest info : C:\Documents and Settings\Damon\Desktop\dwellgo_pics\60x60\lot_7.jpg
jpg, 60x45px, 24bpp, 1 page(s), 72.000000x72.000000 dpi, 2249 bytes

=====================================================================

File 47 of 63

RAM free    :     113.5 of     479.5 Mb
Virtual free:    1923.9 of    2047.9 Mb
Target free disk space :    8963.1 of   19445.8 Mb
Temp free disk space   :    8963.1 of   19445.8 Mb

Src info : C:\Documents and Settings\Damon\Desktop\dwellgo_pics\lot_8.jpg
jpg, 240x240px, 24bpp, 1 page(s), 96.000000x96.000000 dpi, 26561 bytes
Load all pages :  ok

Operations:
Resize :  ok

Save :  ok

Dest info : C:\Documents and Settings\Damon\Desktop\dwellgo_pics\60x60\lot_8.jpg
jpg, 60x60px, 24bpp, 1 page(s), 96.000000x96.000000 dpi, 2537 bytes

=====================================================================

File 48 of 63

RAM free    :     113.5 of     479.5 Mb
Virtual free:    1923.9 of    2047.9 Mb
Target free disk space :    8963.0 of   19445.8 Mb
Temp free disk space   :    8963.0 of   19445.8 Mb

Src info : C:\Documents and Settings\Damon\Desktop\dwellgo_pics\remodel_1.jpg
jpg, 240x180px, 24bpp, 1 page(s), 72.000000x72.000000 dpi, 23782 bytes
Load all pages :  ok

Operations:
Resize :  ok

Save :  ok

Dest info : C:\Documents and Settings\Damon\Desktop\dwellgo_pics\60x60\remodel_1.jpg
jpg, 60x45px, 24bpp, 1 page(s), 72.000000x72.000000 dpi, 1991 bytes

=====================================================================

File 49 of 63

RAM free    :     113.7 of     479.5 Mb
Virtual free:    1923.9 of    2047.9 Mb
Target free disk space :    8963.0 of   19445.8 Mb
Temp free disk space   :    8963.0 of   19445.8 Mb

Src info : C:\Documents and Settings\Damon\Desktop\dwellgo_pics\room_1.jpg
jpg, 240x180px, 24bpp, 1 page(s), 72.000000x72.000000 dpi, 21209 bytes
Load all pages :  ok

Operations:
Resize :  ok

Save :  ok

Dest info : C:\Documents and Settings\Damon\Desktop\dwellgo_pics\60x60\room_1.jpg
jpg, 60x45px, 24bpp, 1 page(s), 72.000000x72.000000 dpi, 1995 bytes

=====================================================================

File 50 of 63

RAM free    :     113.7 of     479.5 Mb
Virtual free:    1923.9 of    2047.9 Mb
Target free disk space :    8963.0 of   19445.8 Mb
Temp free disk space   :    8963.0 of   19445.8 Mb

Src info : C:\Documents and Settings\Damon\Desktop\dwellgo_pics\room_2.jpg
jpg, 240x180px, 24bpp, 1 page(s), 72.000000x72.000000 dpi, 23467 bytes
Load all pages :  ok

Operations:
Resize :  ok

Save :  ok

Dest info : C:\Documents and Settings\Damon\Desktop\dwellgo_pics\60x60\room_2.jpg
jpg, 60x45px, 24bpp, 1 page(s), 72.000000x72.000000 dpi, 2217 bytes

=====================================================================

File 51 of 63

RAM free    :     113.6 of     479.5 Mb
Virtual free:    1923.9 of    2047.9 Mb
Target free disk space :    8963.0 of   19445.8 Mb
Temp free disk space   :    8963.0 of   19445.8 Mb

Src info : C:\Documents and Settings\Damon\Desktop\dwellgo_pics\room_3.jpg
jpg, 240x135px, 24bpp, 1 page(s), 240.000000x240.000000 dpi, 14032 bytes
Load all pages :  ok

Operations:
Resize :  ok

Save :  ok

Dest info : C:\Documents and Settings\Damon\Desktop\dwellgo_pics\60x60\room_3.jpg
jpg, 60x34px, 24bpp, 1 page(s), 240.000000x240.000000 dpi, 1873 bytes

=====================================================================

File 52 of 63

RAM free    :     113.6 of     479.5 Mb
Virtual free:    1923.9 of    2047.9 Mb
Target free disk space :    8963.0 of   19445.8 Mb
Temp free disk space   :    8963.0 of   19445.8 Mb

Src info : C:\Documents and Settings\Damon\Desktop\dwellgo_pics\room_4.jpg
jpg, 240x160px, 24bpp, 1 page(s), 96.000000x96.000000 dpi, 15437 bytes
Load all pages :  ok

Operations:
Resize :  ok

Save :  ok

Dest info : C:\Documents and Settings\Damon\Desktop\dwellgo_pics\60x60\room_4.jpg
jpg, 60x40px, 24bpp, 1 page(s), 96.000000x96.000000 dpi, 1816 bytes

=====================================================================

File 53 of 63

RAM free    :     113.5 of     479.5 Mb
Virtual free:    1923.9 of    2047.9 Mb
Target free disk space :    8963.0 of   19445.8 Mb
Temp free disk space   :    8963.0 of   19445.8 Mb

Src info : C:\Documents and Settings\Damon\Desktop\dwellgo_pics\room_5.jpg
jpg, 180x240px, 24bpp, 1 page(s), 72.000000x72.000000 dpi, 16333 bytes
Load all pages :  ok

Operations:
Resize :  ok

Save :  ok

Dest info : C:\Documents and Settings\Damon\Desktop\dwellgo_pics\60x60\room_5.jpg
jpg, 45x60px, 24bpp, 1 page(s), 72.000000x72.000000 dpi, 1953 bytes

=====================================================================

File 54 of 63

RAM free    :     113.6 of     479.5 Mb
Virtual free:    1923.9 of    2047.9 Mb
Target free disk space :    8963.0 of   19445.8 Mb
Temp free disk space   :    8963.0 of   19445.8 Mb

Src info : C:\Documents and Settings\Damon\Desktop\dwellgo_pics\room_6.jpg
jpg, 180x240px, 24bpp, 1 page(s), 150.000000x150.000000 dpi, 20376 bytes
Load all pages :  ok

Operations:
Resize :  ok

Save :  ok

Dest info : C:\Documents and Settings\Damon\Desktop\dwellgo_pics\60x60\room_6.jpg
jpg, 45x60px, 24bpp, 1 page(s), 150.000000x150.000000 dpi, 1694 bytes

=====================================================================

File 55 of 63

RAM free    :     113.6 of     479.5 Mb
Virtual free:    1923.9 of    2047.9 Mb
Target free disk space :    8963.0 of   19445.8 Mb
Temp free disk space   :    8963.0 of   19445.8 Mb

Src info : C:\Documents and Settings\Damon\Desktop\dwellgo_pics\room_7.jpg
jpg, 240x180px, 24bpp, 1 page(s), 180.000000x180.000000 dpi, 25678 bytes
Load all pages :  ok

Operations:
Resize :  ok

Save :  ok

Dest info : C:\Documents and Settings\Damon\Desktop\dwellgo_pics\60x60\room_7.jpg
jpg, 60x45px, 24bpp, 1 page(s), 180.000000x180.000000 dpi, 2335 bytes

=====================================================================

File 56 of 63

RAM free    :     113.6 of     479.5 Mb
Virtual free:    1923.9 of    2047.9 Mb
Target free disk space :    8963.0 of   19445.8 Mb
Temp free disk space   :    8963.0 of   19445.8 Mb

Src info : C:\Documents and Settings\Damon\Desktop\dwellgo_pics\room_8.jpg
jpg, 240x180px, 24bpp, 1 page(s), 72.000000x72.000000 dpi, 21947 bytes
Load all pages :  ok

Operations:
Resize :  ok

Save :  ok

Dest info : C:\Documents and Settings\Damon\Desktop\dwellgo_pics\60x60\room_8.jpg
jpg, 60x45px, 24bpp, 1 page(s), 72.000000x72.000000 dpi, 2060 bytes

=====================================================================

File 57 of 63

RAM free    :     113.5 of     479.5 Mb
Virtual free:    1923.9 of    2047.9 Mb
Target free disk space :    8963.0 of   19445.8 Mb
Temp free disk space   :    8963.0 of   19445.8 Mb

Src info : C:\Documents and Settings\Damon\Desktop\dwellgo_pics\room_9.jpg
jpg, 240x180px, 24bpp, 1 page(s), 72.000000x72.000000 dpi, 14957 bytes
Load all pages :  ok

Operations:
Resize :  ok

Save :  ok

Dest info : C:\Documents and Settings\Damon\Desktop\dwellgo_pics\60x60\room_9.jpg
jpg, 60x45px, 24bpp, 1 page(s), 72.000000x72.000000 dpi, 1838 bytes

=====================================================================

File 58 of 63

RAM free    :     113.5 of     479.5 Mb
Virtual free:    1923.9 of    2047.9 Mb
Target free disk space :    8963.0 of   19445.8 Mb
Temp free disk space   :    8963.0 of   19445.8 Mb

Src info : C:\Documents and Settings\Damon\Desktop\dwellgo_pics\room_10.jpg
jpg, 240x180px, 24bpp, 1 page(s), 72.000000x72.000000 dpi, 20417 bytes
Load all pages :  ok

Operations:
Resize :  ok

Save :  ok

Dest info : C:\Documents and Settings\Damon\Desktop\dwellgo_pics\60x60\room_10.jpg
jpg, 60x45px, 24bpp, 1 page(s), 72.000000x72.000000 dpi, 1972 bytes

=====================================================================

File 59 of 63

RAM free    :     113.6 of     479.5 Mb
Virtual free:    1923.9 of    2047.9 Mb
Target free disk space :    8963.0 of   19445.8 Mb
Temp free disk space   :    8963.0 of   19445.8 Mb

Src info : C:\Documents and Settings\Damon\Desktop\dwellgo_pics\room_11.jpg
jpg, 180x240px, 24bpp, 1 page(s), 180.000000x180.000000 dpi, 15831 bytes
Load all pages :  ok

Operations:
Resize :  ok

Save :  ok

Dest info : C:\Documents and Settings\Damon\Desktop\dwellgo_pics\60x60\room_11.jpg
jpg, 45x60px, 24bpp, 1 page(s), 180.000000x180.000000 dpi, 1902 bytes

=====================================================================

File 60 of 63

RAM free    :     113.6 of     479.5 Mb
Virtual free:    1923.9 of    2047.9 Mb
Target free disk space :    8963.0 of   19445.8 Mb
Temp free disk space   :    8963.0 of   19445.8 Mb

Src info : C:\Documents and Settings\Damon\Desktop\dwellgo_pics\room_12.jpg
jpg, 240x180px, 24bpp, 1 page(s), 72.000000x72.000000 dpi, 21909 bytes
Load all pages :  ok

Operations:
Resize :  ok

Save :  ok

Dest info : C:\Documents and Settings\Damon\Desktop\dwellgo_pics\60x60\room_12.jpg
jpg, 60x45px, 24bpp, 1 page(s), 72.000000x72.000000 dpi, 2329 bytes

=====================================================================

File 61 of 63

RAM free    :     113.6 of     479.5 Mb
Virtual free:    1923.9 of    2047.9 Mb
Target free disk space :    8963.0 of   19445.8 Mb
Temp free disk space   :    8963.0 of   19445.8 Mb

Src info : C:\Documents and Settings\Damon\Desktop\dwellgo_pics\room_13.jpg
jpg, 240x180px, 24bpp, 1 page(s), 72.000000x72.000000 dpi, 21433 bytes
Load all pages :  ok

Operations:
Resize :  ok

Save :  ok

Dest info : C:\Documents and Settings\Damon\Desktop\dwellgo_pics\60x60\room_13.jpg
jpg, 60x45px, 24bpp, 1 page(s), 72.000000x72.000000 dpi, 2028 bytes

=====================================================================

File 62 of 63

RAM free    :     113.5 of     479.5 Mb
Virtual free:    1923.9 of    2047.9 Mb
Target free disk space :    8963.0 of   19445.8 Mb
Temp free disk space   :    8963.0 of   19445.8 Mb

Src info : C:\Documents and Settings\Damon\Desktop\dwellgo_pics\view_1.jpg
jpg, 240x180px, 24bpp, 1 page(s), 72.000000x72.000000 dpi, 30197 bytes
Load all pages :  ok

Operations:
Resize :  ok

Save :  ok

Dest info : C:\Documents and Settings\Damon\Desktop\dwellgo_pics\60x60\view_1.jpg
jpg, 60x45px, 24bpp, 1 page(s), 72.000000x72.000000 dpi, 2237 bytes

=====================================================================

File 63 of 63

RAM free    :     113.5 of     479.5 Mb
Virtual free:    1923.9 of    2047.9 Mb
Target free disk space :    8963.0 of   19445.8 Mb
Temp free disk space   :    8963.0 of   19445.8 Mb

Src info : C:\Documents and Settings\Damon\Desktop\dwellgo_pics\view_2.jpg
jpg, 240x180px, 24bpp, 1 page(s), 72.000000x72.000000 dpi, 25624 bytes
Load all pages :  ok

Operations:
Resize :  ok

Save :  ok

Dest info : C:\Documents and Settings\Damon\Desktop\dwellgo_pics\60x60\view_2.jpg
jpg, 60x45px, 24bpp, 1 page(s), 72.000000x72.000000 dpi, 2227 bytes

Complete at Tuesday, September 25, 2007    23:18:10
=========================================
